<html>
<head>
<title>TestNG:  Default test</title>
<link href="../testng.css" rel="stylesheet" type="text/css" />
<link href="../my-testng.css" rel="stylesheet" type="text/css" />

<style type="text/css">
.log { display: none;} 
.stack-trace { display: none;} 
</style>
<script type="text/javascript">
<!--
function flip(e) {
  current = e.style.display;
  if (current == 'block') {
    e.style.display = 'none';
    return 0;
  }
  else {
    e.style.display = 'block';
    return 1;
  }
}

function toggleBox(szDivId, elem, msg1, msg2)
{
  var res = -1;  if (document.getElementById) {
    res = flip(document.getElementById(szDivId));
  }
  else if (document.all) {
    // this is the way old msie versions work
    res = flip(document.all[szDivId]);
  }
  if(elem) {
    if(res == 0) elem.innerHTML = msg1; else elem.innerHTML = msg2;
  }

}

function toggleAllBoxes() {
  if (document.getElementsByTagName) {
    d = document.getElementsByTagName('div');
    for (i = 0; i < d.length; i++) {
      if (d[i].className == 'log') {
        flip(d[i]);
      }
    }
  }
}

// -->
</script>

</head>
<body>
<h2 align='center'>Default test</h2><table border='1' align="center">
<tr>
<td>Tests passed/Failed/Skipped:</td><td>0/0/10</td>
</tr><tr>
<td>Started on:</td><td>Tue May 12 23:17:18 BST 2015</td>
</tr>
<tr><td>Total time:</td><td>1 seconds (1271 ms)</td>
</tr><tr>
<td>Included groups:</td><td></td>
</tr><tr>
<td>Excluded groups:</td><td></td>
</tr>
</table><p/>
<small><i>(Hover the method name to see the test class name)</i></small><p/>
<table width='100%' border='1' class='invocation-failed'>
<tr><td colspan='4' align='center'><b>FAILED CONFIGURATIONS</b></td></tr>
<tr><td><b>Test method</b></td>
<td width="30%"><b>Exception</b></td>
<td width="10%"><b>Time (seconds)</b></td>
<td><b>Instance</b></td>
</tr>
<tr>
<td title='Tests.ValidateRegistration.beforeTest()'><b>beforeTest</b><br>Test class: Tests.ValidateRegistration</td>
<td><div><pre>org.testng.TestNGException: 
Parameter &apos;browserName&apos; is required by @Configuration on method beforeTest but has not been marked @Optional or defined
in C:\Users\Kris\AppData\Local\Temp\testng-eclipse--605088813\testng-customsuite.xml
	at org.testng.internal.Parameters.createParameters(Parameters.java:155)
	at org.testng.internal.Parameters.createParameters(Parameters.java:358)
	at org.testng.internal.Parameters.createConfigurationParameters(Parameters.java:86)
	at org.testng.internal.Invoker.invokeConfigurations(Invoker.java:199)
	at org.testng.internal.Invoker.invokeConfigurations(Invoker.java:138)
	at org.testng.TestRunner.beforeRun(TestRunner.java:641)
	at org.testng.TestRunner.run(TestRunner.java:609)
	at org.testng.SuiteRunner.runTest(SuiteRunner.java:334)
	at org.testng.SuiteRunner.runSequentially(SuiteRunner.java:329)
	at org.testng.SuiteRunner.privateRun(SuiteRunner.java:291)
	at org.testng.SuiteRunner.run(SuiteRunner.java:240)
	at org.testng.SuiteRunnerWorker.runSuite(SuiteRunnerWorker.java:52)
	at org.testng.SuiteRunnerWorker.run(SuiteRunnerWorker.java:86)
	at org.testng.TestNG.runSuitesSequentially(TestNG.java:1224)
	at org.testng.TestNG.runSuitesLocally(TestNG.java:1149)
	at org.testng.TestNG.run(TestNG.java:1057)
	at org.testng.remote.RemoteTestNG.run(RemoteTestNG.java:111)
	at org.testng.remote.RemoteTestNG.initAndRun(RemoteTestNG.java:204)
	at org.testng.remote.RemoteTestNG.main(RemoteTestNG.java:175)
</pre></div><a href='#' onClick='toggleBox("stack-trace328638398", this, "Click to show all stack frames", "Click to hide stack frames")'>Click to show all stack frames</a>
<div class='stack-trace' id='stack-trace328638398'><pre>org.testng.TestNGException: 
Parameter &apos;browserName&apos; is required by @Configuration on method beforeTest but has not been marked @Optional or defined
in C:\Users\Kris\AppData\Local\Temp\testng-eclipse--605088813\testng-customsuite.xml
	at org.testng.internal.Parameters.createParameters(Parameters.java:155)
	at org.testng.internal.Parameters.createParameters(Parameters.java:358)
	at org.testng.internal.Parameters.createConfigurationParameters(Parameters.java:86)
	at org.testng.internal.Invoker.invokeConfigurations(Invoker.java:199)
	at org.testng.internal.Invoker.invokeConfigurations(Invoker.java:138)
	at org.testng.TestRunner.beforeRun(TestRunner.java:641)
	at org.testng.TestRunner.run(TestRunner.java:609)
	at org.testng.SuiteRunner.runTest(SuiteRunner.java:334)
	at org.testng.SuiteRunner.runSequentially(SuiteRunner.java:329)
	at org.testng.SuiteRunner.privateRun(SuiteRunner.java:291)
	at org.testng.SuiteRunner.run(SuiteRunner.java:240)
	at org.testng.SuiteRunnerWorker.runSuite(SuiteRunnerWorker.java:52)
	at org.testng.SuiteRunnerWorker.run(SuiteRunnerWorker.java:86)
	at org.testng.TestNG.runSuitesSequentially(TestNG.java:1224)
	at org.testng.TestNG.runSuitesLocally(TestNG.java:1149)
	at org.testng.TestNG.run(TestNG.java:1057)
	at org.testng.remote.RemoteTestNG.run(RemoteTestNG.java:111)
	at org.testng.remote.RemoteTestNG.initAndRun(RemoteTestNG.java:204)
	at org.testng.remote.RemoteTestNG.main(RemoteTestNG.java:175)
</pre></div></td>
<td>0</td>
<td>null</td></tr>
</table><p>
<table width='100%' border='1' class='invocation-skipped'>
<tr><td colspan='4' align='center'><b>SKIPPED CONFIGURATIONS</b></td></tr>
<tr><td><b>Test method</b></td>
<td width="30%"><b>Exception</b></td>
<td width="10%"><b>Time (seconds)</b></td>
<td><b>Instance</b></td>
</tr>
<tr>
<td title='Tests.ValidateRegistration.beforeMethod()'><b>beforeMethod</b><br>Test class: Tests.ValidateRegistration</td>
<td></td>
<td>0</td>
<td>Tests.ValidateRegistration@7cf10a6f</td></tr>
<tr>
<td title='Tests.ValidateRegistration.beforeMethod()'><b>beforeMethod</b><br>Test class: Tests.ValidateRegistration</td>
<td></td>
<td>0</td>
<td>Tests.ValidateRegistration@7cf10a6f</td></tr>
<tr>
<td title='Tests.ValidateRegistration.beforeMethod()'><b>beforeMethod</b><br>Test class: Tests.ValidateRegistration</td>
<td></td>
<td>0</td>
<td>Tests.ValidateRegistration@7cf10a6f</td></tr>
<tr>
<td title='Tests.ValidateRegistration.beforeMethod()'><b>beforeMethod</b><br>Test class: Tests.ValidateRegistration</td>
<td></td>
<td>0</td>
<td>Tests.ValidateRegistration@7cf10a6f</td></tr>
<tr>
<td title='Tests.ValidateRegistration.beforeMethod()'><b>beforeMethod</b><br>Test class: Tests.ValidateRegistration</td>
<td></td>
<td>0</td>
<td>Tests.ValidateRegistration@7cf10a6f</td></tr>
<tr>
<td title='Tests.ValidateRegistration.beforeMethod()'><b>beforeMethod</b><br>Test class: Tests.ValidateRegistration</td>
<td></td>
<td>0</td>
<td>Tests.ValidateRegistration@7cf10a6f</td></tr>
<tr>
<td title='Tests.ValidateRegistration.beforeMethod()'><b>beforeMethod</b><br>Test class: Tests.ValidateRegistration</td>
<td></td>
<td>0</td>
<td>Tests.ValidateRegistration@7cf10a6f</td></tr>
<tr>
<td title='Tests.ValidateRegistration.beforeMethod()'><b>beforeMethod</b><br>Test class: Tests.ValidateRegistration</td>
<td></td>
<td>0</td>
<td>Tests.ValidateRegistration@7cf10a6f</td></tr>
<tr>
<td title='Tests.ValidateRegistration.beforeMethod()'><b>beforeMethod</b><br>Test class: Tests.ValidateRegistration</td>
<td></td>
<td>0</td>
<td>Tests.ValidateRegistration@7cf10a6f</td></tr>
<tr>
<td title='Tests.ValidateRegistration.beforeMethod()'><b>beforeMethod</b><br>Test class: Tests.ValidateRegistration</td>
<td></td>
<td>0</td>
<td>Tests.ValidateRegistration@7cf10a6f</td></tr>
<tr>
<td title='Tests.ValidateRegistration.afterMethod()'><b>afterMethod</b><br>Test class: Tests.ValidateRegistration</td>
<td></td>
<td>0</td>
<td>Tests.ValidateRegistration@7cf10a6f</td></tr>
<tr>
<td title='Tests.ValidateRegistration.afterMethod()'><b>afterMethod</b><br>Test class: Tests.ValidateRegistration</td>
<td></td>
<td>0</td>
<td>Tests.ValidateRegistration@7cf10a6f</td></tr>
<tr>
<td title='Tests.ValidateRegistration.afterMethod()'><b>afterMethod</b><br>Test class: Tests.ValidateRegistration</td>
<td></td>
<td>0</td>
<td>Tests.ValidateRegistration@7cf10a6f</td></tr>
<tr>
<td title='Tests.ValidateRegistration.afterMethod()'><b>afterMethod</b><br>Test class: Tests.ValidateRegistration</td>
<td></td>
<td>0</td>
<td>Tests.ValidateRegistration@7cf10a6f</td></tr>
<tr>
<td title='Tests.ValidateRegistration.afterMethod()'><b>afterMethod</b><br>Test class: Tests.ValidateRegistration</td>
<td></td>
<td>0</td>
<td>Tests.ValidateRegistration@7cf10a6f</td></tr>
<tr>
<td title='Tests.ValidateRegistration.afterMethod()'><b>afterMethod</b><br>Test class: Tests.ValidateRegistration</td>
<td></td>
<td>0</td>
<td>Tests.ValidateRegistration@7cf10a6f</td></tr>
<tr>
<td title='Tests.ValidateRegistration.afterMethod()'><b>afterMethod</b><br>Test class: Tests.ValidateRegistration</td>
<td></td>
<td>0</td>
<td>Tests.ValidateRegistration@7cf10a6f</td></tr>
<tr>
<td title='Tests.ValidateRegistration.afterMethod()'><b>afterMethod</b><br>Test class: Tests.ValidateRegistration</td>
<td></td>
<td>0</td>
<td>Tests.ValidateRegistration@7cf10a6f</td></tr>
<tr>
<td title='Tests.ValidateRegistration.afterMethod()'><b>afterMethod</b><br>Test class: Tests.ValidateRegistration</td>
<td></td>
<td>0</td>
<td>Tests.ValidateRegistration@7cf10a6f</td></tr>
<tr>
<td title='Tests.ValidateRegistration.afterMethod()'><b>afterMethod</b><br>Test class: Tests.ValidateRegistration</td>
<td></td>
<td>0</td>
<td>Tests.ValidateRegistration@7cf10a6f</td></tr>
<tr>
<td title='Tests.ValidateRegistration.afterTest()'><b>afterTest</b><br>Test class: Tests.ValidateRegistration</td>
<td></td>
<td>0</td>
<td>null</td></tr>
</table><p>
<table width='100%' border='1' class='invocation-skipped'>
<tr><td colspan='4' align='center'><b>SKIPPED TESTS</b></td></tr>
<tr><td><b>Test method</b></td>
<td width="30%"><b>Exception</b></td>
<td width="10%"><b>Time (seconds)</b></td>
<td><b>Instance</b></td>
</tr>
<tr>
<td title='Tests.ValidateRegistration.testRegistration()'><b>testRegistration</b><br>Test class: Tests.ValidateRegistration<br>Parameters: {country=, Expected=There is 1 error firstname is required. , firstName1=, DOByear=, firstName2=, city=Balbriggan, Test ID=1R, DOBday=, postcode=45678, adress2=, title=, adress1=5 luth st, homePh=, password=12345, mobilePh=0871234567, add info=, lastName1=gil, DOBmonth=, lastName2=, alias=, company=, state=1, email=}</td>
<td></td>
<td>0</td>
<td>Tests.ValidateRegistration@7cf10a6f</td></tr>
<tr>
<td title='Tests.ValidateRegistration.testRegistration()'><b>testRegistration</b><br>Test class: Tests.ValidateRegistration<br>Parameters: {country=, Expected=There are 3 errors lastname is required. The Zip/Postal code you've entered is invalid. It must follow this format: 00000 Invalid date of birth , firstName1=kris, DOByear=1900, firstName2=, city=Balbriggan, Test ID=2R, DOBday=1, postcode=456787, adress2=, title=, adress1=6 luth st, homePh=015556677, password=34567, mobilePh=, add info=, lastName1=, DOBmonth=1, lastName2=, alias=, company=, state=2, email=}</td>
<td></td>
<td>0</td>
<td>Tests.ValidateRegistration@7cf10a6f</td></tr>
<tr>
<td title='Tests.ValidateRegistration.testRegistration()'><b>testRegistration</b><br>Test class: Tests.ValidateRegistration<br>Parameters: {country=, Expected=There is 1 error passwd is required. , firstName1=kris, DOByear=2000, firstName2=, city=Balbriggan, Test ID=3R, DOBday=2, postcode=45678, adress2=, title=, adress1=7 luth st, homePh=, password=, mobilePh=0871234568, add info=, lastName1=gil, DOBmonth=2, lastName2=, alias=, company=, state=3, email=}</td>
<td></td>
<td>0</td>
<td>Tests.ValidateRegistration@7cf10a6f</td></tr>
<tr>
<td title='Tests.ValidateRegistration.testRegistration()'><b>testRegistration</b><br>Test class: Tests.ValidateRegistration<br>Parameters: {country=, Expected=There is 1 error address1 is required. , firstName1=kris, DOByear=2015, firstName2=, city=Balbriggan, Test ID=4R, DOBday=3, postcode=98765, adress2=, title=, adress1=, homePh=, password=34567, mobilePh=0871234569, add info=, lastName1=gil, DOBmonth=3, lastName2=, alias=, company=, state=4, email=}</td>
<td></td>
<td>0</td>
<td>Tests.ValidateRegistration@7cf10a6f</td></tr>
<tr>
<td title='Tests.ValidateRegistration.testRegistration()'><b>testRegistration</b><br>Test class: Tests.ValidateRegistration<br>Parameters: {country=, Expected=There are 3 errors address1 is required. phone_mobile is invalid. Invalid date of birth , firstName1=kris, DOByear=1900, firstName2=, city=Balbriggan, Test ID=5R, DOBday=4, postcode=45678, adress2=9 luth st, title=, adress1=, homePh=, password=34567, mobilePh=abcdestaga, add info=, lastName1=gil, DOBmonth=4, lastName2=, alias=, company=, state=5, email=}</td>
<td></td>
<td>0</td>
<td>Tests.ValidateRegistration@7cf10a6f</td></tr>
<tr>
<td title='Tests.ValidateRegistration.testRegistration()'><b>testRegistration</b><br>Test class: Tests.ValidateRegistration<br>Parameters: {country=, Expected=There are 2 errors city is required. phone_mobile is invalid. , firstName1=kris, DOByear=2000, firstName2=, city=, Test ID=6R, DOBday=5, postcode=12345, adress2=, title=, adress1=10 luth st, homePh=, password=34567, mobilePh=08762345b, add info=, lastName1=gil, DOBmonth=5, lastName2=, alias=, company=, state=6, email=m@lala.com}</td>
<td></td>
<td>0</td>
<td>Tests.ValidateRegistration@7cf10a6f</td></tr>
<tr>
<td title='Tests.ValidateRegistration.testRegistration()'><b>testRegistration</b><br>Test class: Tests.ValidateRegistration<br>Parameters: {country=, Expected=There are 2 errors phone_mobile is invalid. This country requires you to choose a State. , firstName1=kris, DOByear=2015, firstName2=, city=Balbriggan, Test ID=7R, DOBday=6, postcode=01234, adress2=, title=, adress1=11 luth st, homePh=, password=34567, mobilePh=c71234567, add info=, lastName1=gil, DOBmonth=6, lastName2=, alias=, company=, state=, email=m@lala.com}</td>
<td></td>
<td>0</td>
<td>Tests.ValidateRegistration@7cf10a6f</td></tr>
<tr>
<td title='Tests.ValidateRegistration.testRegistration()'><b>testRegistration</b><br>Test class: Tests.ValidateRegistration<br>Parameters: {country=, Expected=There are 3 errors phone_mobile is invalid. The Zip/Postal code you've entered is invalid. It must follow this format: 00000 Invalid date of birth , firstName1=kris, DOByear=1900, firstName2=, city=Balbriggan, Test ID=8R, DOBday=7, postcode=, adress2=, title=, adress1=12 luth st, homePh=, password=34567, mobilePh=871cd4567, add info=, lastName1=gil, DOBmonth=7, lastName2=, alias=, company=, state=8, email=m@lala.com}</td>
<td></td>
<td>0</td>
<td>Tests.ValidateRegistration@7cf10a6f</td></tr>
<tr>
<td title='Tests.ValidateRegistration.testRegistration()'><b>testRegistration</b><br>Test class: Tests.ValidateRegistration<br>Parameters: {country=, Expected=There are 2 errors You must register at least one phone number. lastname is required. , firstName1=kris, DOByear=2000, firstName2=, city=Balbriggan, Test ID=9R, DOBday=8, postcode=45678, adress2=, title=, adress1=13 luth st, homePh=, password=34567, mobilePh=, add info=, lastName1=, DOBmonth=8, lastName2=, alias=, company=, state=9, email=m@lala.com}</td>
<td></td>
<td>0</td>
<td>Tests.ValidateRegistration@7cf10a6f</td></tr>
<tr>
<td title='Tests.ValidateRegistration.testRegistration()'><b>testRegistration</b><br>Test class: Tests.ValidateRegistration<br>Parameters: {country=, Expected=There are 4 errors lastname is required. firstname is required. address1 is required. city is required. , firstName1=, DOByear=2015, firstName2=, city=, Test ID=10R, DOBday=9, postcode=87654, adress2=, title=, adress1=, homePh=, password=34567, mobilePh=0871234567, add info=, lastName1=, DOBmonth=9, lastName2=, alias=, company=, state=10, email=}</td>
<td></td>
<td>0</td>
<td>Tests.ValidateRegistration@7cf10a6f</td></tr>
</table><p>
</body>
</html>