<?xml version="1.0" encoding="UTF-8"?>
<!-- Generated by org.testng.reporters.JUnitXMLReporter -->
<testsuite hostname="Kris-PC" name="ValidateLinksFF" tests="48" failures="6" timestamp="16 May 2015 19:15:41 GMT" time="150.476" errors="0">
  <testcase name="test10M" time="0.382" classname="Tests.ValidateMainPageLinks">
    <failure type="java.lang.ClassCastException" message="org.openqa.selenium.htmlunit.HtmlUnitDriver cannot be cast to org.openqa.selenium.TakesScreenshot">
      <![CDATA[java.lang.ClassCastException: org.openqa.selenium.htmlunit.HtmlUnitDriver cannot be cast to org.openqa.selenium.TakesScreenshot
	at Utility.Camera.takePicture(Camera.java:18)
	at Tests.ValidateMainPageLinks.test10M(ValidateMainPageLinks.java:128)
... Removed 24 stack frames]]>
    </failure>
  </testcase> <!-- test10M -->
  <testcase name="test11M" time="1.344" classname="Tests.ValidateMainPageLinks"/>
  <testcase name="test12M" time="0.26" classname="Tests.ValidateMainPageLinks">
    <failure type="java.lang.ClassCastException" message="org.openqa.selenium.htmlunit.HtmlUnitDriver cannot be cast to org.openqa.selenium.TakesScreenshot">
      <![CDATA[java.lang.ClassCastException: org.openqa.selenium.htmlunit.HtmlUnitDriver cannot be cast to org.openqa.selenium.TakesScreenshot
	at Utility.Camera.takePicture(Camera.java:18)
	at PageObjects.HomePage$Header.women(HomePage.java:187)
	at Tests.ValidateMainPageLinks.test12M(ValidateMainPageLinks.java:149)
... Removed 24 stack frames]]>
    </failure>
  </testcase> <!-- test12M -->
  <testcase name="test13M" time="0.2" classname="Tests.ValidateMainPageLinks">
    <failure type="java.lang.ClassCastException" message="org.openqa.selenium.htmlunit.HtmlUnitDriver cannot be cast to org.openqa.selenium.TakesScreenshot">
      <![CDATA[java.lang.ClassCastException: org.openqa.selenium.htmlunit.HtmlUnitDriver cannot be cast to org.openqa.selenium.TakesScreenshot
	at Utility.Camera.takePicture(Camera.java:18)
	at PageObjects.HomePage$Header.women(HomePage.java:199)
	at Tests.ValidateMainPageLinks.test13M(ValidateMainPageLinks.java:160)
... Removed 24 stack frames]]>
    </failure>
  </testcase> <!-- test13M -->
  <testcase name="test14M" time="0.208" classname="Tests.ValidateMainPageLinks">
    <failure type="java.lang.ClassCastException" message="org.openqa.selenium.htmlunit.HtmlUnitDriver cannot be cast to org.openqa.selenium.TakesScreenshot">
      <![CDATA[java.lang.ClassCastException: org.openqa.selenium.htmlunit.HtmlUnitDriver cannot be cast to org.openqa.selenium.TakesScreenshot
	at Utility.Camera.takePicture(Camera.java:18)
	at PageObjects.HomePage$Header.women(HomePage.java:211)
	at Tests.ValidateMainPageLinks.test14M(ValidateMainPageLinks.java:171)
... Removed 24 stack frames]]>
    </failure>
  </testcase> <!-- test14M -->
  <testcase name="test15M" time="1.177" classname="Tests.ValidateMainPageLinks"/>
  <testcase name="test16M" time="1.327" classname="Tests.ValidateMainPageLinks"/>
  <testcase name="test17M" time="1.27" classname="Tests.ValidateMainPageLinks"/>
  <testcase name="test18M" time="2.835" classname="Tests.ValidateMainPageLinks"/>
  <testcase name="test19M" time="1.173" classname="Tests.ValidateMainPageLinks"/>
  <testcase name="test1M" time="0.0" classname="Tests.ValidateMainPageLinks"/>
  <testcase name="test1S" time="11.172" classname="Tests.ValidateMainPageLinks">
    <failure type="org.openqa.selenium.TimeoutException" message="Timed out after 10 seconds waiting for Tests.ValidateMainPageLinks$1@73db4768
Build info: version: &amp;apos;2.45.0&amp;apos;, revision: &amp;apos;5017cb8&amp;apos;, time: &amp;apos;2015-02-27 00:00:10&amp;apos;
System info: host: &amp;apos;Kris-PC&amp;apos;, ip: &amp;apos;192.168.37.1&amp;apos;, os.name: &amp;apos;Windows 7&amp;apos;, os.arch: &amp;apos;amd64&amp;apos;, os.version: &amp;apos;6.1&amp;apos;, java.version: &amp;apos;1.8.0_31&amp;apos;
Driver info: driver.version: unknown">
      <![CDATA[org.openqa.selenium.TimeoutException: Timed out after 10 seconds waiting for Tests.ValidateMainPageLinks$1@73db4768
Build info: version: '2.45.0', revision: '5017cb8', time: '2015-02-27 00:00:10'
System info: host: 'Kris-PC', ip: '192.168.37.1', os.name: 'Windows 7', os.arch: 'amd64', os.version: '6.1', java.version: '1.8.0_31'
Driver info: driver.version: unknown
	at org.openqa.selenium.support.ui.FluentWait.timeoutException(FluentWait.java:259)
	at org.openqa.selenium.support.ui.FluentWait.until(FluentWait.java:228)
	at org.openqa.selenium.support.ui.FluentWait.until(FluentWait.java:175)
	at Tests.ValidateMainPageLinks.test1S(ValidateMainPageLinks.java:558)
Caused by: org.openqa.selenium.NoSuchElementException: Unable to locate a node using //*[@id='homeslider']/li[4]/a/img
For documentation on this error, please visit: http://seleniumhq.org/exceptions/no_such_element.html
Build info: version: '2.45.0', revision: '5017cb8', time: '2015-02-27 00:00:10'
System info: host: 'Kris-PC', ip: '192.168.37.1', os.name: 'Windows 7', os.arch: 'amd64', os.version: '6.1', java.version: '1.8.0_31'
Driver info: driver.version: HtmlUnitDriver
	at org.openqa.selenium.htmlunit.HtmlUnitDriver.findElementByXPath(HtmlUnitDriver.java:1103)
	at org.openqa.selenium.By$ByXPath.findElement(By.java:357)
	at org.openqa.selenium.htmlunit.HtmlUnitDriver$5.call(HtmlUnitDriver.java:1648)
	at org.openqa.selenium.htmlunit.HtmlUnitDriver$5.call(HtmlUnitDriver.java:1)
	at org.openqa.selenium.htmlunit.HtmlUnitDriver.implicitlyWaitFor(HtmlUnitDriver.java:1302)
	at org.openqa.selenium.htmlunit.HtmlUnitDriver.findElement(HtmlUnitDriver.java:1644)
	at org.openqa.selenium.htmlunit.HtmlUnitDriver.findElement(HtmlUnitDriver.java:550)
	at Tests.ValidateMainPageLinks$1.apply(ValidateMainPageLinks.java:542)
	at Tests.ValidateMainPageLinks$1.apply(ValidateMainPageLinks.java:1)
	at org.openqa.selenium.support.ui.FluentWait$1.apply(FluentWait.java:177)
	at org.openqa.selenium.support.ui.FluentWait$1.apply(FluentWait.java:1)
	at org.openqa.selenium.support.ui.FluentWait.until(FluentWait.java:208)
	... 26 more
... Removed 24 stack frames]]>
    </failure>
  </testcase> <!-- test1S -->
  <testcase name="test20M" time="1.137" classname="Tests.ValidateMainPageLinks"/>
  <testcase name="test21M" time="0.27" classname="Tests.ValidateMainPageLinks"/>
  <testcase name="test22M" time="0.195" classname="Tests.ValidateMainPageLinks"/>
  <testcase name="test23M" time="0.013" classname="Tests.ValidateMainPageLinks"/>
  <testcase name="test24M" time="0.01" classname="Tests.ValidateMainPageLinks"/>
  <testcase name="test25M" time="0.28" classname="Tests.ValidateMainPageLinks"/>
  <testcase name="test26M" time="0.242" classname="Tests.ValidateMainPageLinks"/>
  <testcase name="test27M" time="0.29" classname="Tests.ValidateMainPageLinks"/>
  <testcase name="test28M" time="0.26" classname="Tests.ValidateMainPageLinks"/>
  <testcase name="test29M" time="0.25" classname="Tests.ValidateMainPageLinks"/>
  <testcase name="test2M" time="6.244" classname="Tests.ValidateMainPageLinks"/>
  <testcase name="test2S" time="0.218" classname="Tests.ValidateMainPageLinks">
    <failure type="java.lang.ClassCastException" message="org.openqa.selenium.htmlunit.HtmlUnitDriver cannot be cast to org.openqa.selenium.TakesScreenshot">
      <![CDATA[java.lang.ClassCastException: org.openqa.selenium.htmlunit.HtmlUnitDriver cannot be cast to org.openqa.selenium.TakesScreenshot
	at Utility.Camera.takePicture(Camera.java:18)
	at PageObjects.HomePage$ContainerTop.sliderNext(HomePage.java:348)
	at Tests.ValidateMainPageLinks.test2S(ValidateMainPageLinks.java:592)
... Removed 24 stack frames]]>
    </failure>
  </testcase> <!-- test2S -->
  <testcase name="test30M" time="0.71" classname="Tests.ValidateMainPageLinks"/>
  <testcase name="test31M" time="0.687" classname="Tests.ValidateMainPageLinks"/>
  <testcase name="test32M" time="0.43" classname="Tests.ValidateMainPageLinks"/>
  <testcase name="test33M" time="0.987" classname="Tests.ValidateMainPageLinks"/>
  <testcase name="test34M" time="2.785" classname="Tests.ValidateMainPageLinks"/>
  <testcase name="test35M" time="1.43" classname="Tests.ValidateMainPageLinks"/>
  <testcase name="test36M" time="0.988" classname="Tests.ValidateMainPageLinks"/>
  <testcase name="test37M" time="1.407" classname="Tests.ValidateMainPageLinks"/>
  <testcase name="test38M" time="1.357" classname="Tests.ValidateMainPageLinks"/>
  <testcase name="test39M" time="0.91" classname="Tests.ValidateMainPageLinks"/>
  <testcase name="test3M" time="1.557" classname="Tests.ValidateMainPageLinks"/>
  <testcase name="test40M" time="1.25" classname="Tests.ValidateMainPageLinks"/>
  <testcase name="test41M" time="2.16" classname="Tests.ValidateMainPageLinks"/>
  <testcase name="test42M" time="1.613" classname="Tests.ValidateMainPageLinks"/>
  <testcase name="test43M" time="3.895" classname="Tests.ValidateMainPageLinks"/>
  <testcase name="test45M" time="1.895" classname="Tests.ValidateMainPageLinks"/>
  <testcase name="test46M" time="1.738" classname="Tests.ValidateMainPageLinks"/>
  <testcase name="test47M" time="1.437" classname="Tests.ValidateMainPageLinks"/>
  <testcase name="test4M" time="0.0" classname="Tests.ValidateMainPageLinks"/>
  <testcase name="test5M" time="1.887" classname="Tests.ValidateMainPageLinks"/>
  <testcase name="test6M" time="1.007" classname="Tests.ValidateMainPageLinks"/>
  <testcase name="test7M" time="2.313" classname="Tests.ValidateMainPageLinks"/>
  <testcase name="test8M" time="1.772" classname="Tests.ValidateMainPageLinks"/>
  <testcase name="test9M" time="1.543" classname="Tests.ValidateMainPageLinks"/>
</testsuite> <!-- ValidateLinksFF -->
