<html>
<head>
<title>TestNG:  ValidateLinksCH</title>
<link href="../testng.css" rel="stylesheet" type="text/css" />
<link href="../my-testng.css" rel="stylesheet" type="text/css" />

<style type="text/css">
.log { display: none;} 
.stack-trace { display: none;} 
</style>
<script type="text/javascript">
<!--
function flip(e) {
  current = e.style.display;
  if (current == 'block') {
    e.style.display = 'none';
    return 0;
  }
  else {
    e.style.display = 'block';
    return 1;
  }
}

function toggleBox(szDivId, elem, msg1, msg2)
{
  var res = -1;  if (document.getElementById) {
    res = flip(document.getElementById(szDivId));
  }
  else if (document.all) {
    // this is the way old msie versions work
    res = flip(document.all[szDivId]);
  }
  if(elem) {
    if(res == 0) elem.innerHTML = msg1; else elem.innerHTML = msg2;
  }

}

function toggleAllBoxes() {
  if (document.getElementsByTagName) {
    d = document.getElementsByTagName('div');
    for (i = 0; i < d.length; i++) {
      if (d[i].className == 'log') {
        flip(d[i]);
      }
    }
  }
}

// -->
</script>

</head>
<body>
<h2 align='center'>ValidateLinksCH</h2><table border='1' align="center">
<tr>
<td>Tests passed/Failed/Skipped:</td><td>43/5/0</td>
</tr><tr>
<td>Started on:</td><td>Tue May 12 10:58:05 BST 2015</td>
</tr>
<tr><td>Total time:</td><td>223 seconds (223260 ms)</td>
</tr><tr>
<td>Included groups:</td><td></td>
</tr><tr>
<td>Excluded groups:</td><td></td>
</tr>
</table><p/>
<small><i>(Hover the method name to see the test class name)</i></small><p/>
<table width='100%' border='1' class='invocation-failed'>
<tr><td colspan='4' align='center'><b>FAILED TESTS</b></td></tr>
<tr><td><b>Test method</b></td>
<td width="30%"><b>Exception</b></td>
<td width="10%"><b>Time (seconds)</b></td>
<td><b>Instance</b></td>
</tr>
<tr>
<td title='Tests.ValidateMainPageLinks.test1S()'><b>test1S</b><br>Test class: Tests.ValidateMainPageLinks</td>
<td><div><pre>org.openqa.selenium.TimeoutException: Timed out after 10 seconds waiting for Tests.ValidateMainPageLinks$1@d554c5f
Build info: version: &apos;2.45.0&apos;, revision: &apos;5017cb8&apos;, time: &apos;2015-02-27 00:00:10&apos;
System info: host: &apos;Kris-PC&apos;, ip: &apos;192.168.37.1&apos;, os.name: &apos;Windows 7&apos;, os.arch: &apos;amd64&apos;, os.version: &apos;6.1&apos;, java.version: &apos;1.8.0_31&apos;
Driver info: driver.version: unknown
	at org.openqa.selenium.support.ui.FluentWait.timeoutException(FluentWait.java:259)
	at org.openqa.selenium.support.ui.FluentWait.until(FluentWait.java:228)
	at org.openqa.selenium.support.ui.FluentWait.until(FluentWait.java:175)
	at Tests.ValidateMainPageLinks.test1S(ValidateMainPageLinks.java:560)
... Removed 24 stack frames</pre></div><a href='#' onClick='toggleBox("stack-trace1440621772", this, "Click to show all stack frames", "Click to hide stack frames")'>Click to show all stack frames</a>
<div class='stack-trace' id='stack-trace1440621772'><pre>org.openqa.selenium.TimeoutException: Timed out after 10 seconds waiting for Tests.ValidateMainPageLinks$1@d554c5f
Build info: version: &apos;2.45.0&apos;, revision: &apos;5017cb8&apos;, time: &apos;2015-02-27 00:00:10&apos;
System info: host: &apos;Kris-PC&apos;, ip: &apos;192.168.37.1&apos;, os.name: &apos;Windows 7&apos;, os.arch: &apos;amd64&apos;, os.version: &apos;6.1&apos;, java.version: &apos;1.8.0_31&apos;
Driver info: driver.version: unknown
	at org.openqa.selenium.support.ui.FluentWait.timeoutException(FluentWait.java:259)
	at org.openqa.selenium.support.ui.FluentWait.until(FluentWait.java:228)
	at org.openqa.selenium.support.ui.FluentWait.until(FluentWait.java:175)
	at Tests.ValidateMainPageLinks.test1S(ValidateMainPageLinks.java:560)
	at sun.reflect.NativeMethodAccessorImpl.invoke0(Native Method)
	at sun.reflect.NativeMethodAccessorImpl.invoke(Unknown Source)
	at sun.reflect.DelegatingMethodAccessorImpl.invoke(Unknown Source)
	at java.lang.reflect.Method.invoke(Unknown Source)
	at org.testng.internal.MethodInvocationHelper.invokeMethod(MethodInvocationHelper.java:84)
	at org.testng.internal.Invoker.invokeMethod(Invoker.java:714)
	at org.testng.internal.Invoker.invokeTestMethod(Invoker.java:901)
	at org.testng.internal.Invoker.invokeTestMethods(Invoker.java:1231)
	at org.testng.internal.TestMethodWorker.invokeTestMethods(TestMethodWorker.java:127)
	at org.testng.internal.TestMethodWorker.run(TestMethodWorker.java:111)
	at org.testng.TestRunner.privateRun(TestRunner.java:767)
	at org.testng.TestRunner.run(TestRunner.java:617)
	at org.testng.SuiteRunner.runTest(SuiteRunner.java:334)
	at org.testng.SuiteRunner.runSequentially(SuiteRunner.java:329)
	at org.testng.SuiteRunner.privateRun(SuiteRunner.java:291)
	at org.testng.SuiteRunner.run(SuiteRunner.java:240)
	at org.testng.SuiteRunnerWorker.runSuite(SuiteRunnerWorker.java:52)
	at org.testng.SuiteRunnerWorker.run(SuiteRunnerWorker.java:86)
	at org.testng.TestNG.runSuitesSequentially(TestNG.java:1224)
	at org.testng.TestNG.runSuitesLocally(TestNG.java:1149)
	at org.testng.TestNG.run(TestNG.java:1057)
	at org.testng.remote.RemoteTestNG.run(RemoteTestNG.java:111)
	at org.testng.remote.RemoteTestNG.initAndRun(RemoteTestNG.java:204)
	at org.testng.remote.RemoteTestNG.main(RemoteTestNG.java:175)
</pre></div></td>
<td>10</td>
<td>Tests.ValidateMainPageLinks@75bd9247</td></tr>
<tr>
<td title='Tests.ValidateMainPageLinks.test20M()'><b>test20M</b><br>Test class: Tests.ValidateMainPageLinks</td>
<td><div><pre>org.openqa.selenium.WebDriverException: unknown error: Element is not clickable at point (479, 443). Other element would receive the click: &lt;p&gt;...&lt;/p&gt;
  (Session info: chrome=42.0.2311.135)
  (Driver info: chromedriver=2.15.322448 (52179c1b310fec1797c81ea9a20326839860b7d3),platform=Windows NT 6.1 SP1 x86_64) (WARNING: The server did not provide any stacktrace information)
Command duration or timeout: 65 milliseconds
Build info: version: &apos;2.45.0&apos;, revision: &apos;5017cb8&apos;, time: &apos;2015-02-27 00:00:10&apos;
System info: host: &apos;Kris-PC&apos;, ip: &apos;192.168.37.1&apos;, os.name: &apos;Windows 7&apos;, os.arch: &apos;amd64&apos;, os.version: &apos;6.1&apos;, java.version: &apos;1.8.0_31&apos;
Driver info: org.openqa.selenium.chrome.ChromeDriver
Capabilities [{applicationCacheEnabled=false, rotatable=false, mobileEmulationEnabled=false, chrome={userDataDir=C:\Users\Kris\AppData\Local\Temp\scoped_dir4216_25683}, takesHeapSnapshot=true, databaseEnabled=false, handlesAlerts=true, version=42.0.2311.135, platform=XP, browserConnectionEnabled=false, nativeEvents=true, acceptSslCerts=true, locationContextEnabled=true, webStorageEnabled=true, browserName=chrome, takesScreenshot=true, javascriptEnabled=true, cssSelectorsEnabled=true}]
Session ID: 9dfa40c9a9e610c3fb83f9aec3bbe4c4
	at org.openqa.selenium.remote.ErrorHandler.createThrowable(ErrorHandler.java:204)
	at org.openqa.selenium.remote.ErrorHandler.throwIfResponseFailed(ErrorHandler.java:156)
	at org.openqa.selenium.remote.RemoteWebDriver.execute(RemoteWebDriver.java:599)
	at org.openqa.selenium.remote.RemoteWebElement.execute(RemoteWebElement.java:268)
	at org.openqa.selenium.remote.RemoteWebElement.click(RemoteWebElement.java:79)
	at Tests.ValidateMainPageLinks.test20M(ValidateMainPageLinks.java:233)
... Removed 28 stack frames</pre></div><a href='#' onClick='toggleBox("stack-trace159290353", this, "Click to show all stack frames", "Click to hide stack frames")'>Click to show all stack frames</a>
<div class='stack-trace' id='stack-trace159290353'><pre>org.openqa.selenium.WebDriverException: unknown error: Element is not clickable at point (479, 443). Other element would receive the click: &lt;p&gt;...&lt;/p&gt;
  (Session info: chrome=42.0.2311.135)
  (Driver info: chromedriver=2.15.322448 (52179c1b310fec1797c81ea9a20326839860b7d3),platform=Windows NT 6.1 SP1 x86_64) (WARNING: The server did not provide any stacktrace information)
Command duration or timeout: 65 milliseconds
Build info: version: &apos;2.45.0&apos;, revision: &apos;5017cb8&apos;, time: &apos;2015-02-27 00:00:10&apos;
System info: host: &apos;Kris-PC&apos;, ip: &apos;192.168.37.1&apos;, os.name: &apos;Windows 7&apos;, os.arch: &apos;amd64&apos;, os.version: &apos;6.1&apos;, java.version: &apos;1.8.0_31&apos;
Driver info: org.openqa.selenium.chrome.ChromeDriver
Capabilities [{applicationCacheEnabled=false, rotatable=false, mobileEmulationEnabled=false, chrome={userDataDir=C:\Users\Kris\AppData\Local\Temp\scoped_dir4216_25683}, takesHeapSnapshot=true, databaseEnabled=false, handlesAlerts=true, version=42.0.2311.135, platform=XP, browserConnectionEnabled=false, nativeEvents=true, acceptSslCerts=true, locationContextEnabled=true, webStorageEnabled=true, browserName=chrome, takesScreenshot=true, javascriptEnabled=true, cssSelectorsEnabled=true}]
Session ID: 9dfa40c9a9e610c3fb83f9aec3bbe4c4
	at sun.reflect.NativeConstructorAccessorImpl.newInstance0(Native Method)
	at sun.reflect.NativeConstructorAccessorImpl.newInstance(Unknown Source)
	at sun.reflect.DelegatingConstructorAccessorImpl.newInstance(Unknown Source)
	at java.lang.reflect.Constructor.newInstance(Unknown Source)
	at org.openqa.selenium.remote.ErrorHandler.createThrowable(ErrorHandler.java:204)
	at org.openqa.selenium.remote.ErrorHandler.throwIfResponseFailed(ErrorHandler.java:156)
	at org.openqa.selenium.remote.RemoteWebDriver.execute(RemoteWebDriver.java:599)
	at org.openqa.selenium.remote.RemoteWebElement.execute(RemoteWebElement.java:268)
	at org.openqa.selenium.remote.RemoteWebElement.click(RemoteWebElement.java:79)
	at Tests.ValidateMainPageLinks.test20M(ValidateMainPageLinks.java:233)
	at sun.reflect.NativeMethodAccessorImpl.invoke0(Native Method)
	at sun.reflect.NativeMethodAccessorImpl.invoke(Unknown Source)
	at sun.reflect.DelegatingMethodAccessorImpl.invoke(Unknown Source)
	at java.lang.reflect.Method.invoke(Unknown Source)
	at org.testng.internal.MethodInvocationHelper.invokeMethod(MethodInvocationHelper.java:84)
	at org.testng.internal.Invoker.invokeMethod(Invoker.java:714)
	at org.testng.internal.Invoker.invokeTestMethod(Invoker.java:901)
	at org.testng.internal.Invoker.invokeTestMethods(Invoker.java:1231)
	at org.testng.internal.TestMethodWorker.invokeTestMethods(TestMethodWorker.java:127)
	at org.testng.internal.TestMethodWorker.run(TestMethodWorker.java:111)
	at org.testng.TestRunner.privateRun(TestRunner.java:767)
	at org.testng.TestRunner.run(TestRunner.java:617)
	at org.testng.SuiteRunner.runTest(SuiteRunner.java:334)
	at org.testng.SuiteRunner.runSequentially(SuiteRunner.java:329)
	at org.testng.SuiteRunner.privateRun(SuiteRunner.java:291)
	at org.testng.SuiteRunner.run(SuiteRunner.java:240)
	at org.testng.SuiteRunnerWorker.runSuite(SuiteRunnerWorker.java:52)
	at org.testng.SuiteRunnerWorker.run(SuiteRunnerWorker.java:86)
	at org.testng.TestNG.runSuitesSequentially(TestNG.java:1224)
	at org.testng.TestNG.runSuitesLocally(TestNG.java:1149)
	at org.testng.TestNG.run(TestNG.java:1057)
	at org.testng.remote.RemoteTestNG.run(RemoteTestNG.java:111)
	at org.testng.remote.RemoteTestNG.initAndRun(RemoteTestNG.java:204)
	at org.testng.remote.RemoteTestNG.main(RemoteTestNG.java:175)
</pre></div></td>
<td>0</td>
<td>Tests.ValidateMainPageLinks@75bd9247</td></tr>
<tr>
<td title='Tests.ValidateMainPageLinks.test2S()'><b>test2S</b><br>Test class: Tests.ValidateMainPageLinks</td>
<td><div><pre>org.openqa.selenium.TimeoutException: Timed out after 10 seconds waiting for visibility of element located by By.xpath: //*[@id=&apos;homeslider&apos;]/li[4]/a
Build info: version: &apos;2.45.0&apos;, revision: &apos;5017cb8&apos;, time: &apos;2015-02-27 00:00:10&apos;
System info: host: &apos;Kris-PC&apos;, ip: &apos;192.168.37.1&apos;, os.name: &apos;Windows 7&apos;, os.arch: &apos;amd64&apos;, os.version: &apos;6.1&apos;, java.version: &apos;1.8.0_31&apos;
Driver info: org.openqa.selenium.chrome.ChromeDriver
Capabilities [{applicationCacheEnabled=false, rotatable=false, mobileEmulationEnabled=false, chrome={userDataDir=C:\Users\Kris\AppData\Local\Temp\scoped_dir4216_25683}, takesHeapSnapshot=true, databaseEnabled=false, handlesAlerts=true, version=42.0.2311.135, platform=XP, browserConnectionEnabled=false, nativeEvents=true, acceptSslCerts=true, locationContextEnabled=true, webStorageEnabled=true, browserName=chrome, takesScreenshot=true, javascriptEnabled=true, cssSelectorsEnabled=true}]
Session ID: 9dfa40c9a9e610c3fb83f9aec3bbe4c4
	at org.openqa.selenium.support.ui.WebDriverWait.timeoutException(WebDriverWait.java:79)
	at org.openqa.selenium.support.ui.FluentWait.until(FluentWait.java:228)
	at Tests.ValidateMainPageLinks.test2S(ValidateMainPageLinks.java:601)
... Removed 24 stack frames</pre></div><a href='#' onClick='toggleBox("stack-trace1371376476", this, "Click to show all stack frames", "Click to hide stack frames")'>Click to show all stack frames</a>
<div class='stack-trace' id='stack-trace1371376476'><pre>org.openqa.selenium.TimeoutException: Timed out after 10 seconds waiting for visibility of element located by By.xpath: //*[@id=&apos;homeslider&apos;]/li[4]/a
Build info: version: &apos;2.45.0&apos;, revision: &apos;5017cb8&apos;, time: &apos;2015-02-27 00:00:10&apos;
System info: host: &apos;Kris-PC&apos;, ip: &apos;192.168.37.1&apos;, os.name: &apos;Windows 7&apos;, os.arch: &apos;amd64&apos;, os.version: &apos;6.1&apos;, java.version: &apos;1.8.0_31&apos;
Driver info: org.openqa.selenium.chrome.ChromeDriver
Capabilities [{applicationCacheEnabled=false, rotatable=false, mobileEmulationEnabled=false, chrome={userDataDir=C:\Users\Kris\AppData\Local\Temp\scoped_dir4216_25683}, takesHeapSnapshot=true, databaseEnabled=false, handlesAlerts=true, version=42.0.2311.135, platform=XP, browserConnectionEnabled=false, nativeEvents=true, acceptSslCerts=true, locationContextEnabled=true, webStorageEnabled=true, browserName=chrome, takesScreenshot=true, javascriptEnabled=true, cssSelectorsEnabled=true}]
Session ID: 9dfa40c9a9e610c3fb83f9aec3bbe4c4
	at org.openqa.selenium.support.ui.WebDriverWait.timeoutException(WebDriverWait.java:79)
	at org.openqa.selenium.support.ui.FluentWait.until(FluentWait.java:228)
	at Tests.ValidateMainPageLinks.test2S(ValidateMainPageLinks.java:601)
	at sun.reflect.NativeMethodAccessorImpl.invoke0(Native Method)
	at sun.reflect.NativeMethodAccessorImpl.invoke(Unknown Source)
	at sun.reflect.DelegatingMethodAccessorImpl.invoke(Unknown Source)
	at java.lang.reflect.Method.invoke(Unknown Source)
	at org.testng.internal.MethodInvocationHelper.invokeMethod(MethodInvocationHelper.java:84)
	at org.testng.internal.Invoker.invokeMethod(Invoker.java:714)
	at org.testng.internal.Invoker.invokeTestMethod(Invoker.java:901)
	at org.testng.internal.Invoker.invokeTestMethods(Invoker.java:1231)
	at org.testng.internal.TestMethodWorker.invokeTestMethods(TestMethodWorker.java:127)
	at org.testng.internal.TestMethodWorker.run(TestMethodWorker.java:111)
	at org.testng.TestRunner.privateRun(TestRunner.java:767)
	at org.testng.TestRunner.run(TestRunner.java:617)
	at org.testng.SuiteRunner.runTest(SuiteRunner.java:334)
	at org.testng.SuiteRunner.runSequentially(SuiteRunner.java:329)
	at org.testng.SuiteRunner.privateRun(SuiteRunner.java:291)
	at org.testng.SuiteRunner.run(SuiteRunner.java:240)
	at org.testng.SuiteRunnerWorker.runSuite(SuiteRunnerWorker.java:52)
	at org.testng.SuiteRunnerWorker.run(SuiteRunnerWorker.java:86)
	at org.testng.TestNG.runSuitesSequentially(TestNG.java:1224)
	at org.testng.TestNG.runSuitesLocally(TestNG.java:1149)
	at org.testng.TestNG.run(TestNG.java:1057)
	at org.testng.remote.RemoteTestNG.run(RemoteTestNG.java:111)
	at org.testng.remote.RemoteTestNG.initAndRun(RemoteTestNG.java:204)
	at org.testng.remote.RemoteTestNG.main(RemoteTestNG.java:175)
</pre></div></td>
<td>10</td>
<td>Tests.ValidateMainPageLinks@75bd9247</td></tr>
<tr>
<td title='Tests.ValidateMainPageLinks.test8M()'><b>test8M</b><br>Test class: Tests.ValidateMainPageLinks</td>
<td><div><pre>org.openqa.selenium.ElementNotVisibleException: element not visible
  (Session info: chrome=42.0.2311.135)
  (Driver info: chromedriver=2.15.322448 (52179c1b310fec1797c81ea9a20326839860b7d3),platform=Windows NT 6.1 SP1 x86_64) (WARNING: The server did not provide any stacktrace information)
Command duration or timeout: 18 milliseconds
Build info: version: &apos;2.45.0&apos;, revision: &apos;5017cb8&apos;, time: &apos;2015-02-27 00:00:10&apos;
System info: host: &apos;Kris-PC&apos;, ip: &apos;192.168.37.1&apos;, os.name: &apos;Windows 7&apos;, os.arch: &apos;amd64&apos;, os.version: &apos;6.1&apos;, java.version: &apos;1.8.0_31&apos;
Driver info: org.openqa.selenium.chrome.ChromeDriver
Capabilities [{applicationCacheEnabled=false, rotatable=false, mobileEmulationEnabled=false, chrome={userDataDir=C:\Users\Kris\AppData\Local\Temp\scoped_dir4216_25683}, takesHeapSnapshot=true, databaseEnabled=false, handlesAlerts=true, version=42.0.2311.135, platform=XP, browserConnectionEnabled=false, nativeEvents=true, acceptSslCerts=true, locationContextEnabled=true, webStorageEnabled=true, browserName=chrome, takesScreenshot=true, javascriptEnabled=true, cssSelectorsEnabled=true}]
Session ID: 9dfa40c9a9e610c3fb83f9aec3bbe4c4
	at org.openqa.selenium.remote.ErrorHandler.createThrowable(ErrorHandler.java:204)
	at org.openqa.selenium.remote.ErrorHandler.throwIfResponseFailed(ErrorHandler.java:156)
	at org.openqa.selenium.remote.RemoteWebDriver.execute(RemoteWebDriver.java:599)
	at org.openqa.selenium.remote.RemoteWebElement.execute(RemoteWebElement.java:268)
	at org.openqa.selenium.remote.RemoteWebElement.click(RemoteWebElement.java:79)
	at Tests.ValidateMainPageLinks.test8M(ValidateMainPageLinks.java:110)
... Removed 28 stack frames</pre></div><a href='#' onClick='toggleBox("stack-trace636782475", this, "Click to show all stack frames", "Click to hide stack frames")'>Click to show all stack frames</a>
<div class='stack-trace' id='stack-trace636782475'><pre>org.openqa.selenium.ElementNotVisibleException: element not visible
  (Session info: chrome=42.0.2311.135)
  (Driver info: chromedriver=2.15.322448 (52179c1b310fec1797c81ea9a20326839860b7d3),platform=Windows NT 6.1 SP1 x86_64) (WARNING: The server did not provide any stacktrace information)
Command duration or timeout: 18 milliseconds
Build info: version: &apos;2.45.0&apos;, revision: &apos;5017cb8&apos;, time: &apos;2015-02-27 00:00:10&apos;
System info: host: &apos;Kris-PC&apos;, ip: &apos;192.168.37.1&apos;, os.name: &apos;Windows 7&apos;, os.arch: &apos;amd64&apos;, os.version: &apos;6.1&apos;, java.version: &apos;1.8.0_31&apos;
Driver info: org.openqa.selenium.chrome.ChromeDriver
Capabilities [{applicationCacheEnabled=false, rotatable=false, mobileEmulationEnabled=false, chrome={userDataDir=C:\Users\Kris\AppData\Local\Temp\scoped_dir4216_25683}, takesHeapSnapshot=true, databaseEnabled=false, handlesAlerts=true, version=42.0.2311.135, platform=XP, browserConnectionEnabled=false, nativeEvents=true, acceptSslCerts=true, locationContextEnabled=true, webStorageEnabled=true, browserName=chrome, takesScreenshot=true, javascriptEnabled=true, cssSelectorsEnabled=true}]
Session ID: 9dfa40c9a9e610c3fb83f9aec3bbe4c4
	at sun.reflect.NativeConstructorAccessorImpl.newInstance0(Native Method)
	at sun.reflect.NativeConstructorAccessorImpl.newInstance(Unknown Source)
	at sun.reflect.DelegatingConstructorAccessorImpl.newInstance(Unknown Source)
	at java.lang.reflect.Constructor.newInstance(Unknown Source)
	at org.openqa.selenium.remote.ErrorHandler.createThrowable(ErrorHandler.java:204)
	at org.openqa.selenium.remote.ErrorHandler.throwIfResponseFailed(ErrorHandler.java:156)
	at org.openqa.selenium.remote.RemoteWebDriver.execute(RemoteWebDriver.java:599)
	at org.openqa.selenium.remote.RemoteWebElement.execute(RemoteWebElement.java:268)
	at org.openqa.selenium.remote.RemoteWebElement.click(RemoteWebElement.java:79)
	at Tests.ValidateMainPageLinks.test8M(ValidateMainPageLinks.java:110)
	at sun.reflect.NativeMethodAccessorImpl.invoke0(Native Method)
	at sun.reflect.NativeMethodAccessorImpl.invoke(Unknown Source)
	at sun.reflect.DelegatingMethodAccessorImpl.invoke(Unknown Source)
	at java.lang.reflect.Method.invoke(Unknown Source)
	at org.testng.internal.MethodInvocationHelper.invokeMethod(MethodInvocationHelper.java:84)
	at org.testng.internal.Invoker.invokeMethod(Invoker.java:714)
	at org.testng.internal.Invoker.invokeTestMethod(Invoker.java:901)
	at org.testng.internal.Invoker.invokeTestMethods(Invoker.java:1231)
	at org.testng.internal.TestMethodWorker.invokeTestMethods(TestMethodWorker.java:127)
	at org.testng.internal.TestMethodWorker.run(TestMethodWorker.java:111)
	at org.testng.TestRunner.privateRun(TestRunner.java:767)
	at org.testng.TestRunner.run(TestRunner.java:617)
	at org.testng.SuiteRunner.runTest(SuiteRunner.java:334)
	at org.testng.SuiteRunner.runSequentially(SuiteRunner.java:329)
	at org.testng.SuiteRunner.privateRun(SuiteRunner.java:291)
	at org.testng.SuiteRunner.run(SuiteRunner.java:240)
	at org.testng.SuiteRunnerWorker.runSuite(SuiteRunnerWorker.java:52)
	at org.testng.SuiteRunnerWorker.run(SuiteRunnerWorker.java:86)
	at org.testng.TestNG.runSuitesSequentially(TestNG.java:1224)
	at org.testng.TestNG.runSuitesLocally(TestNG.java:1149)
	at org.testng.TestNG.run(TestNG.java:1057)
	at org.testng.remote.RemoteTestNG.run(RemoteTestNG.java:111)
	at org.testng.remote.RemoteTestNG.initAndRun(RemoteTestNG.java:204)
	at org.testng.remote.RemoteTestNG.main(RemoteTestNG.java:175)
</pre></div></td>
<td>0</td>
<td>Tests.ValidateMainPageLinks@75bd9247</td></tr>
<tr>
<td title='Tests.ValidateMainPageLinks.test9M()'><b>test9M</b><br>Test class: Tests.ValidateMainPageLinks</td>
<td><div><pre>org.openqa.selenium.NoSuchElementException: no such element
  (Session info: chrome=42.0.2311.135)
  (Driver info: chromedriver=2.15.322448 (52179c1b310fec1797c81ea9a20326839860b7d3),platform=Windows NT 6.1 SP1 x86_64) (WARNING: The server did not provide any stacktrace information)
Command duration or timeout: 135 milliseconds
For documentation on this error, please visit: http://seleniumhq.org/exceptions/no_such_element.html
Build info: version: &apos;2.45.0&apos;, revision: &apos;5017cb8&apos;, time: &apos;2015-02-27 00:00:10&apos;
System info: host: &apos;Kris-PC&apos;, ip: &apos;192.168.37.1&apos;, os.name: &apos;Windows 7&apos;, os.arch: &apos;amd64&apos;, os.version: &apos;6.1&apos;, java.version: &apos;1.8.0_31&apos;
Driver info: org.openqa.selenium.chrome.ChromeDriver
Capabilities [{applicationCacheEnabled=false, rotatable=false, mobileEmulationEnabled=false, chrome={userDataDir=C:\Users\Kris\AppData\Local\Temp\scoped_dir4216_25683}, takesHeapSnapshot=true, databaseEnabled=false, handlesAlerts=true, version=42.0.2311.135, platform=XP, browserConnectionEnabled=false, nativeEvents=true, acceptSslCerts=true, locationContextEnabled=true, webStorageEnabled=true, browserName=chrome, takesScreenshot=true, javascriptEnabled=true, cssSelectorsEnabled=true}]
Session ID: 9dfa40c9a9e610c3fb83f9aec3bbe4c4
*** Element info: {Using=link text, value=T-shirts}
	at org.openqa.selenium.remote.ErrorHandler.createThrowable(ErrorHandler.java:204)
	at org.openqa.selenium.remote.ErrorHandler.throwIfResponseFailed(ErrorHandler.java:156)
	at org.openqa.selenium.remote.RemoteWebDriver.execute(RemoteWebDriver.java:599)
	at org.openqa.selenium.remote.RemoteWebDriver.findElement(RemoteWebDriver.java:352)
	at org.openqa.selenium.remote.RemoteWebDriver.findElementByLinkText(RemoteWebDriver.java:401)
	at org.openqa.selenium.By$ByLinkText.findElement(By.java:242)
	at org.openqa.selenium.remote.RemoteWebDriver.findElement(RemoteWebDriver.java:344)
	at PageObjects.HomePage$Header.women(HomePage.java:150)
	at Tests.ValidateMainPageLinks.test9M(ValidateMainPageLinks.java:119)
... Removed 28 stack frames</pre></div><a href='#' onClick='toggleBox("stack-trace94157402", this, "Click to show all stack frames", "Click to hide stack frames")'>Click to show all stack frames</a>
<div class='stack-trace' id='stack-trace94157402'><pre>org.openqa.selenium.NoSuchElementException: no such element
  (Session info: chrome=42.0.2311.135)
  (Driver info: chromedriver=2.15.322448 (52179c1b310fec1797c81ea9a20326839860b7d3),platform=Windows NT 6.1 SP1 x86_64) (WARNING: The server did not provide any stacktrace information)
Command duration or timeout: 135 milliseconds
For documentation on this error, please visit: http://seleniumhq.org/exceptions/no_such_element.html
Build info: version: &apos;2.45.0&apos;, revision: &apos;5017cb8&apos;, time: &apos;2015-02-27 00:00:10&apos;
System info: host: &apos;Kris-PC&apos;, ip: &apos;192.168.37.1&apos;, os.name: &apos;Windows 7&apos;, os.arch: &apos;amd64&apos;, os.version: &apos;6.1&apos;, java.version: &apos;1.8.0_31&apos;
Driver info: org.openqa.selenium.chrome.ChromeDriver
Capabilities [{applicationCacheEnabled=false, rotatable=false, mobileEmulationEnabled=false, chrome={userDataDir=C:\Users\Kris\AppData\Local\Temp\scoped_dir4216_25683}, takesHeapSnapshot=true, databaseEnabled=false, handlesAlerts=true, version=42.0.2311.135, platform=XP, browserConnectionEnabled=false, nativeEvents=true, acceptSslCerts=true, locationContextEnabled=true, webStorageEnabled=true, browserName=chrome, takesScreenshot=true, javascriptEnabled=true, cssSelectorsEnabled=true}]
Session ID: 9dfa40c9a9e610c3fb83f9aec3bbe4c4
*** Element info: {Using=link text, value=T-shirts}
	at sun.reflect.NativeConstructorAccessorImpl.newInstance0(Native Method)
	at sun.reflect.NativeConstructorAccessorImpl.newInstance(Unknown Source)
	at sun.reflect.DelegatingConstructorAccessorImpl.newInstance(Unknown Source)
	at java.lang.reflect.Constructor.newInstance(Unknown Source)
	at org.openqa.selenium.remote.ErrorHandler.createThrowable(ErrorHandler.java:204)
	at org.openqa.selenium.remote.ErrorHandler.throwIfResponseFailed(ErrorHandler.java:156)
	at org.openqa.selenium.remote.RemoteWebDriver.execute(RemoteWebDriver.java:599)
	at org.openqa.selenium.remote.RemoteWebDriver.findElement(RemoteWebDriver.java:352)
	at org.openqa.selenium.remote.RemoteWebDriver.findElementByLinkText(RemoteWebDriver.java:401)
	at org.openqa.selenium.By$ByLinkText.findElement(By.java:242)
	at org.openqa.selenium.remote.RemoteWebDriver.findElement(RemoteWebDriver.java:344)
	at PageObjects.HomePage$Header.women(HomePage.java:150)
	at Tests.ValidateMainPageLinks.test9M(ValidateMainPageLinks.java:119)
	at sun.reflect.NativeMethodAccessorImpl.invoke0(Native Method)
	at sun.reflect.NativeMethodAccessorImpl.invoke(Unknown Source)
	at sun.reflect.DelegatingMethodAccessorImpl.invoke(Unknown Source)
	at java.lang.reflect.Method.invoke(Unknown Source)
	at org.testng.internal.MethodInvocationHelper.invokeMethod(MethodInvocationHelper.java:84)
	at org.testng.internal.Invoker.invokeMethod(Invoker.java:714)
	at org.testng.internal.Invoker.invokeTestMethod(Invoker.java:901)
	at org.testng.internal.Invoker.invokeTestMethods(Invoker.java:1231)
	at org.testng.internal.TestMethodWorker.invokeTestMethods(TestMethodWorker.java:127)
	at org.testng.internal.TestMethodWorker.run(TestMethodWorker.java:111)
	at org.testng.TestRunner.privateRun(TestRunner.java:767)
	at org.testng.TestRunner.run(TestRunner.java:617)
	at org.testng.SuiteRunner.runTest(SuiteRunner.java:334)
	at org.testng.SuiteRunner.runSequentially(SuiteRunner.java:329)
	at org.testng.SuiteRunner.privateRun(SuiteRunner.java:291)
	at org.testng.SuiteRunner.run(SuiteRunner.java:240)
	at org.testng.SuiteRunnerWorker.runSuite(SuiteRunnerWorker.java:52)
	at org.testng.SuiteRunnerWorker.run(SuiteRunnerWorker.java:86)
	at org.testng.TestNG.runSuitesSequentially(TestNG.java:1224)
	at org.testng.TestNG.runSuitesLocally(TestNG.java:1149)
	at org.testng.TestNG.run(TestNG.java:1057)
	at org.testng.remote.RemoteTestNG.run(RemoteTestNG.java:111)
	at org.testng.remote.RemoteTestNG.initAndRun(RemoteTestNG.java:204)
	at org.testng.remote.RemoteTestNG.main(RemoteTestNG.java:175)
</pre></div></td>
<td>0</td>
<td>Tests.ValidateMainPageLinks@75bd9247</td></tr>
</table><p>
<table width='100%' border='1' class='invocation-passed'>
<tr><td colspan='4' align='center'><b>PASSED TESTS</b></td></tr>
<tr><td><b>Test method</b></td>
<td width="30%"><b>Exception</b></td>
<td width="10%"><b>Time (seconds)</b></td>
<td><b>Instance</b></td>
</tr>
<tr>
<td title='Tests.ValidateMainPageLinks.test10M()'><b>test10M</b><br>Test class: Tests.ValidateMainPageLinks<br/>
<a href="#Output-1702143276" onClick='toggleBox("Output-1702143276", this, "Show output", "Hide output");'>Show output</a>

<a href="#Output-1702143276" onClick="toggleAllBoxes();">Show all outputs</a>
<div class='log' id="Output-1702143276">
header-Blouses link ok |<br/>
</div>
</td>
<td></td>
<td>3</td>
<td>Tests.ValidateMainPageLinks@75bd9247</td></tr>
<tr>
<td title='Tests.ValidateMainPageLinks.test11M()'><b>test11M</b><br>Test class: Tests.ValidateMainPageLinks<br/>
<a href="#Output-252480153" onClick='toggleBox("Output-252480153", this, "Show output", "Hide output");'>Show output</a>

<a href="#Output-252480153" onClick="toggleAllBoxes();">Show all outputs</a>
<div class='log' id="Output-252480153">
header-Dresses link ok |<br/>
</div>
</td>
<td></td>
<td>3</td>
<td>Tests.ValidateMainPageLinks@75bd9247</td></tr>
<tr>
<td title='Tests.ValidateMainPageLinks.test12M()'><b>test12M</b><br>Test class: Tests.ValidateMainPageLinks<br/>
<a href="#Output-783191662" onClick='toggleBox("Output-783191662", this, "Show output", "Hide output");'>Show output</a>

<a href="#Output-783191662" onClick="toggleAllBoxes();">Show all outputs</a>
<div class='log' id="Output-783191662">
header-Casual Dresses link ok |<br/>
</div>
</td>
<td></td>
<td>2</td>
<td>Tests.ValidateMainPageLinks@75bd9247</td></tr>
<tr>
<td title='Tests.ValidateMainPageLinks.test13M()'><b>test13M</b><br>Test class: Tests.ValidateMainPageLinks<br/>
<a href="#Output-539690370" onClick='toggleBox("Output-539690370", this, "Show output", "Hide output");'>Show output</a>

<a href="#Output-539690370" onClick="toggleAllBoxes();">Show all outputs</a>
<div class='log' id="Output-539690370">
header-Evening Dresses link ok |<br/>
</div>
</td>
<td></td>
<td>2</td>
<td>Tests.ValidateMainPageLinks@75bd9247</td></tr>
<tr>
<td title='Tests.ValidateMainPageLinks.test14M()'><b>test14M</b><br>Test class: Tests.ValidateMainPageLinks<br/>
<a href="#Output-2075809815" onClick='toggleBox("Output-2075809815", this, "Show output", "Hide output");'>Show output</a>

<a href="#Output-2075809815" onClick="toggleAllBoxes();">Show all outputs</a>
<div class='log' id="Output-2075809815">
header-Summer Dresses link ok |<br/>
</div>
</td>
<td></td>
<td>3</td>
<td>Tests.ValidateMainPageLinks@75bd9247</td></tr>
<tr>
<td title='Tests.ValidateMainPageLinks.test15M()'><b>test15M</b><br>Test class: Tests.ValidateMainPageLinks<br/>
<a href="#Output-139566260" onClick='toggleBox("Output-139566260", this, "Show output", "Hide output");'>Show output</a>

<a href="#Output-139566260" onClick="toggleAllBoxes();">Show all outputs</a>
<div class='log' id="Output-139566260">
header-Dresses link ok |<br/>
</div>
</td>
<td></td>
<td>1</td>
<td>Tests.ValidateMainPageLinks@75bd9247</td></tr>
<tr>
<td title='Tests.ValidateMainPageLinks.test16M()'><b>test16M</b><br>Test class: Tests.ValidateMainPageLinks<br/>
<a href="#Output-657736958" onClick='toggleBox("Output-657736958", this, "Show output", "Hide output");'>Show output</a>

<a href="#Output-657736958" onClick="toggleAllBoxes();">Show all outputs</a>
<div class='log' id="Output-657736958">
header-Dresses-casual dresses link ok |<br/>
</div>
</td>
<td></td>
<td>2</td>
<td>Tests.ValidateMainPageLinks@75bd9247</td></tr>
<tr>
<td title='Tests.ValidateMainPageLinks.test17M()'><b>test17M</b><br>Test class: Tests.ValidateMainPageLinks<br/>
<a href="#Output-113411247" onClick='toggleBox("Output-113411247", this, "Show output", "Hide output");'>Show output</a>

<a href="#Output-113411247" onClick="toggleAllBoxes();">Show all outputs</a>
<div class='log' id="Output-113411247">
header-Dresses-evening dresses link ok |<br/>
</div>
</td>
<td></td>
<td>1</td>
<td>Tests.ValidateMainPageLinks@75bd9247</td></tr>
<tr>
<td title='Tests.ValidateMainPageLinks.test18M()'><b>test18M</b><br>Test class: Tests.ValidateMainPageLinks<br/>
<a href="#Output-809300666" onClick='toggleBox("Output-809300666", this, "Show output", "Hide output");'>Show output</a>

<a href="#Output-809300666" onClick="toggleAllBoxes();">Show all outputs</a>
<div class='log' id="Output-809300666">
header-Dresses-summer dresses link ok |<br/>
</div>
</td>
<td></td>
<td>2</td>
<td>Tests.ValidateMainPageLinks@75bd9247</td></tr>
<tr>
<td title='Tests.ValidateMainPageLinks.test19M()'><b>test19M</b><br>Test class: Tests.ValidateMainPageLinks<br/>
<a href="#Output-808228639" onClick='toggleBox("Output-808228639", this, "Show output", "Hide output");'>Show output</a>

<a href="#Output-808228639" onClick="toggleAllBoxes();">Show all outputs</a>
<div class='log' id="Output-808228639">
header-T-shirts dresses link ok |<br/>
</div>
</td>
<td></td>
<td>1</td>
<td>Tests.ValidateMainPageLinks@75bd9247</td></tr>
<tr>
<td title='Tests.ValidateMainPageLinks.test1M()'><b>test1M</b><br>Test class: Tests.ValidateMainPageLinks<br/>
<a href="#Output-633240419" onClick='toggleBox("Output-633240419", this, "Show output", "Hide output");'>Show output</a>

<a href="#Output-633240419" onClick="toggleAllBoxes();">Show all outputs</a>
<div class='log' id="Output-633240419">
Opened page My Store|<br/>
</div>
</td>
<td></td>
<td>0</td>
<td>Tests.ValidateMainPageLinks@75bd9247</td></tr>
<tr>
<td title='Tests.ValidateMainPageLinks.test21M()'><b>test21M</b><br>Test class: Tests.ValidateMainPageLinks<br/>
<a href="#Output-1572256205" onClick='toggleBox("Output-1572256205", this, "Show output", "Hide output");'>Show output</a>

<a href="#Output-1572256205" onClick="toggleAllBoxes();">Show all outputs</a>
<div class='log' id="Output-1572256205">
ContainerTop-contentTop link ok |<br/>
</div>
</td>
<td></td>
<td>3</td>
<td>Tests.ValidateMainPageLinks@75bd9247</td></tr>
<tr>
<td title='Tests.ValidateMainPageLinks.test22M()'><b>test22M</b><br>Test class: Tests.ValidateMainPageLinks<br/>
<a href="#Output-684566052" onClick='toggleBox("Output-684566052", this, "Show output", "Hide output");'>Show output</a>

<a href="#Output-684566052" onClick="toggleAllBoxes();">Show all outputs</a>
<div class='log' id="Output-684566052">
ContainerTop-contentButton link ok |<br/>
</div>
</td>
<td></td>
<td>0</td>
<td>Tests.ValidateMainPageLinks@75bd9247</td></tr>
<tr>
<td title='Tests.ValidateMainPageLinks.test23M()'><b>test23M</b><br>Test class: Tests.ValidateMainPageLinks<br/>
<a href="#Output-755210740" onClick='toggleBox("Output-755210740", this, "Show output", "Hide output");'>Show output</a>

<a href="#Output-755210740" onClick="toggleAllBoxes();">Show all outputs</a>
<div class='log' id="Output-755210740">
tab popular ok |<br/>
</div>
</td>
<td></td>
<td>0</td>
<td>Tests.ValidateMainPageLinks@75bd9247</td></tr>
<tr>
<td title='Tests.ValidateMainPageLinks.test24M()'><b>test24M</b><br>Test class: Tests.ValidateMainPageLinks<br/>
<a href="#Output-1179792105" onClick='toggleBox("Output-1179792105", this, "Show output", "Hide output");'>Show output</a>

<a href="#Output-1179792105" onClick="toggleAllBoxes();">Show all outputs</a>
<div class='log' id="Output-1179792105">
tab bestsellers ok |<br/>
</div>
</td>
<td></td>
<td>0</td>
<td>Tests.ValidateMainPageLinks@75bd9247</td></tr>
<tr>
<td title='Tests.ValidateMainPageLinks.test25M()'><b>test25M</b><br>Test class: Tests.ValidateMainPageLinks<br/>
<a href="#Output-257459516" onClick='toggleBox("Output-257459516", this, "Show output", "Hide output");'>Show output</a>

<a href="#Output-257459516" onClick="toggleAllBoxes();">Show all outputs</a>
<div class='log' id="Output-257459516">
Cont1 link ok |<br/>
</div>
</td>
<td></td>
<td>0</td>
<td>Tests.ValidateMainPageLinks@75bd9247</td></tr>
<tr>
<td title='Tests.ValidateMainPageLinks.test26M()'><b>test26M</b><br>Test class: Tests.ValidateMainPageLinks<br/>
<a href="#Output-1834361038" onClick='toggleBox("Output-1834361038", this, "Show output", "Hide output");'>Show output</a>

<a href="#Output-1834361038" onClick="toggleAllBoxes();">Show all outputs</a>
<div class='log' id="Output-1834361038">
Cont2 link ok |<br/>
</div>
</td>
<td></td>
<td>0</td>
<td>Tests.ValidateMainPageLinks@75bd9247</td></tr>
<tr>
<td title='Tests.ValidateMainPageLinks.test27M()'><b>test27M</b><br>Test class: Tests.ValidateMainPageLinks<br/>
<a href="#Output-1003292107" onClick='toggleBox("Output-1003292107", this, "Show output", "Hide output");'>Show output</a>

<a href="#Output-1003292107" onClick="toggleAllBoxes();">Show all outputs</a>
<div class='log' id="Output-1003292107">
Cont3 link ok |<br/>
</div>
</td>
<td></td>
<td>1</td>
<td>Tests.ValidateMainPageLinks@75bd9247</td></tr>
<tr>
<td title='Tests.ValidateMainPageLinks.test28M()'><b>test28M</b><br>Test class: Tests.ValidateMainPageLinks<br/>
<a href="#Output-2037764568" onClick='toggleBox("Output-2037764568", this, "Show output", "Hide output");'>Show output</a>

<a href="#Output-2037764568" onClick="toggleAllBoxes();">Show all outputs</a>
<div class='log' id="Output-2037764568">
Cont4 link ok |<br/>
</div>
</td>
<td></td>
<td>1</td>
<td>Tests.ValidateMainPageLinks@75bd9247</td></tr>
<tr>
<td title='Tests.ValidateMainPageLinks.test29M()'><b>test29M</b><br>Test class: Tests.ValidateMainPageLinks<br/>
<a href="#Output-718571091" onClick='toggleBox("Output-718571091", this, "Show output", "Hide output");'>Show output</a>

<a href="#Output-718571091" onClick="toggleAllBoxes();">Show all outputs</a>
<div class='log' id="Output-718571091">
Cont5 link ok |<br/>
</div>
</td>
<td></td>
<td>0</td>
<td>Tests.ValidateMainPageLinks@75bd9247</td></tr>
<tr>
<td title='Tests.ValidateMainPageLinks.test2M()'><b>test2M</b><br>Test class: Tests.ValidateMainPageLinks<br/>
<a href="#Output-1095273238" onClick='toggleBox("Output-1095273238", this, "Show output", "Hide output");'>Show output</a>

<a href="#Output-1095273238" onClick="toggleAllBoxes();">Show all outputs</a>
<div class='log' id="Output-1095273238">
Contact us link ok |<br/>
</div>
</td>
<td></td>
<td>1</td>
<td>Tests.ValidateMainPageLinks@75bd9247</td></tr>
<tr>
<td title='Tests.ValidateMainPageLinks.test30M()'><b>test30M</b><br>Test class: Tests.ValidateMainPageLinks<br/>
<a href="#Output-1470358122" onClick='toggleBox("Output-1470358122", this, "Show output", "Hide output");'>Show output</a>

<a href="#Output-1470358122" onClick="toggleAllBoxes();">Show all outputs</a>
<div class='log' id="Output-1470358122">
Facebook link ok |<br/>
</div>
</td>
<td></td>
<td>1</td>
<td>Tests.ValidateMainPageLinks@75bd9247</td></tr>
<tr>
<td title='Tests.ValidateMainPageLinks.test31M()'><b>test31M</b><br>Test class: Tests.ValidateMainPageLinks<br/>
<a href="#Output-331122245" onClick='toggleBox("Output-331122245", this, "Show output", "Hide output");'>Show output</a>

<a href="#Output-331122245" onClick="toggleAllBoxes();">Show all outputs</a>
<div class='log' id="Output-331122245">
Twitter link ok |<br/>
</div>
</td>
<td></td>
<td>7</td>
<td>Tests.ValidateMainPageLinks@75bd9247</td></tr>
<tr>
<td title='Tests.ValidateMainPageLinks.test32M()'><b>test32M</b><br>Test class: Tests.ValidateMainPageLinks<br/>
<a href="#Output-2079565272" onClick='toggleBox("Output-2079565272", this, "Show output", "Hide output");'>Show output</a>

<a href="#Output-2079565272" onClick="toggleAllBoxes();">Show all outputs</a>
<div class='log' id="Output-2079565272">
Youtube link ok |<br/>
</div>
</td>
<td></td>
<td>1</td>
<td>Tests.ValidateMainPageLinks@75bd9247</td></tr>
<tr>
<td title='Tests.ValidateMainPageLinks.test33M()'><b>test33M</b><br>Test class: Tests.ValidateMainPageLinks<br/>
<a href="#Output-1864116663" onClick='toggleBox("Output-1864116663", this, "Show output", "Hide output");'>Show output</a>

<a href="#Output-1864116663" onClick="toggleAllBoxes();">Show all outputs</a>
<div class='log' id="Output-1864116663">
Google link ok |<br/>
</div>
</td>
<td></td>
<td>0</td>
<td>Tests.ValidateMainPageLinks@75bd9247</td></tr>
<tr>
<td title='Tests.ValidateMainPageLinks.test34M()'><b>test34M</b><br>Test class: Tests.ValidateMainPageLinks<br/>
<a href="#Output-258112787" onClick='toggleBox("Output-258112787", this, "Show output", "Hide output");'>Show output</a>

<a href="#Output-258112787" onClick="toggleAllBoxes();">Show all outputs</a>
<div class='log' id="Output-258112787">
Footer-women link ok |<br/>
</div>
</td>
<td></td>
<td>1</td>
<td>Tests.ValidateMainPageLinks@75bd9247</td></tr>
<tr>
<td title='Tests.ValidateMainPageLinks.test35M()'><b>test35M</b><br>Test class: Tests.ValidateMainPageLinks<br/>
<a href="#Output-1305935114" onClick='toggleBox("Output-1305935114", this, "Show output", "Hide output");'>Show output</a>

<a href="#Output-1305935114" onClick="toggleAllBoxes();">Show all outputs</a>
<div class='log' id="Output-1305935114">
Footer-specials link ok |<br/>
</div>
</td>
<td></td>
<td>1</td>
<td>Tests.ValidateMainPageLinks@75bd9247</td></tr>
<tr>
<td title='Tests.ValidateMainPageLinks.test36M()'><b>test36M</b><br>Test class: Tests.ValidateMainPageLinks<br/>
<a href="#Output-238816832" onClick='toggleBox("Output-238816832", this, "Show output", "Hide output");'>Show output</a>

<a href="#Output-238816832" onClick="toggleAllBoxes();">Show all outputs</a>
<div class='log' id="Output-238816832">
Footer-New Products link ok |<br/>
</div>
</td>
<td></td>
<td>1</td>
<td>Tests.ValidateMainPageLinks@75bd9247</td></tr>
<tr>
<td title='Tests.ValidateMainPageLinks.test37M()'><b>test37M</b><br>Test class: Tests.ValidateMainPageLinks<br/>
<a href="#Output-1652764753" onClick='toggleBox("Output-1652764753", this, "Show output", "Hide output");'>Show output</a>

<a href="#Output-1652764753" onClick="toggleAllBoxes();">Show all outputs</a>
<div class='log' id="Output-1652764753">
Footer-Best sales link ok |<br/>
</div>
</td>
<td></td>
<td>1</td>
<td>Tests.ValidateMainPageLinks@75bd9247</td></tr>
<tr>
<td title='Tests.ValidateMainPageLinks.test38M()'><b>test38M</b><br>Test class: Tests.ValidateMainPageLinks<br/>
<a href="#Output-997850486" onClick='toggleBox("Output-997850486", this, "Show output", "Hide output");'>Show output</a>

<a href="#Output-997850486" onClick="toggleAllBoxes();">Show all outputs</a>
<div class='log' id="Output-997850486">
Footer - our stores link ok |<br/>
</div>
</td>
<td></td>
<td>3</td>
<td>Tests.ValidateMainPageLinks@75bd9247</td></tr>
<tr>
<td title='Tests.ValidateMainPageLinks.test39M()'><b>test39M</b><br>Test class: Tests.ValidateMainPageLinks<br/>
<a href="#Output-1390913202" onClick='toggleBox("Output-1390913202", this, "Show output", "Hide output");'>Show output</a>

<a href="#Output-1390913202" onClick="toggleAllBoxes();">Show all outputs</a>
<div class='log' id="Output-1390913202">
Footer-contact us link ok |<br/>
</div>
</td>
<td></td>
<td>1</td>
<td>Tests.ValidateMainPageLinks@75bd9247</td></tr>
<tr>
<td title='Tests.ValidateMainPageLinks.test3M()'><b>test3M</b><br>Test class: Tests.ValidateMainPageLinks<br/>
<a href="#Output-511832416" onClick='toggleBox("Output-511832416", this, "Show output", "Hide output");'>Show output</a>

<a href="#Output-511832416" onClick="toggleAllBoxes();">Show all outputs</a>
<div class='log' id="Output-511832416">
Login link ok |<br/>
</div>
</td>
<td></td>
<td>1</td>
<td>Tests.ValidateMainPageLinks@75bd9247</td></tr>
<tr>
<td title='Tests.ValidateMainPageLinks.test40M()'><b>test40M</b><br>Test class: Tests.ValidateMainPageLinks<br/>
<a href="#Output-310016558" onClick='toggleBox("Output-310016558", this, "Show output", "Hide output");'>Show output</a>

<a href="#Output-310016558" onClick="toggleAllBoxes();">Show all outputs</a>
<div class='log' id="Output-310016558">
Footer-terms and conditions link ok |<br/>
</div>
</td>
<td></td>
<td>1</td>
<td>Tests.ValidateMainPageLinks@75bd9247</td></tr>
<tr>
<td title='Tests.ValidateMainPageLinks.test41M()'><b>test41M</b><br>Test class: Tests.ValidateMainPageLinks<br/>
<a href="#Output-115433442" onClick='toggleBox("Output-115433442", this, "Show output", "Hide output");'>Show output</a>

<a href="#Output-115433442" onClick="toggleAllBoxes();">Show all outputs</a>
<div class='log' id="Output-115433442">
Footer-about link ok |<br/>
</div>
</td>
<td></td>
<td>1</td>
<td>Tests.ValidateMainPageLinks@75bd9247</td></tr>
<tr>
<td title='Tests.ValidateMainPageLinks.test42M()'><b>test42M</b><br>Test class: Tests.ValidateMainPageLinks<br/>
<a href="#Output-297490204" onClick='toggleBox("Output-297490204", this, "Show output", "Hide output");'>Show output</a>

<a href="#Output-297490204" onClick="toggleAllBoxes();">Show all outputs</a>
<div class='log' id="Output-297490204">
Footer-site map link ok |<br/>
</div>
</td>
<td></td>
<td>2</td>
<td>Tests.ValidateMainPageLinks@75bd9247</td></tr>
<tr>
<td title='Tests.ValidateMainPageLinks.test43M()'><b>test43M</b><br>Test class: Tests.ValidateMainPageLinks<br/>
<a href="#Output-491273700" onClick='toggleBox("Output-491273700", this, "Show output", "Hide output");'>Show output</a>

<a href="#Output-491273700" onClick="toggleAllBoxes();">Show all outputs</a>
<div class='log' id="Output-491273700">
Footer-myAccount map link ok |<br/>
</div>
</td>
<td></td>
<td>1</td>
<td>Tests.ValidateMainPageLinks@75bd9247</td></tr>
<tr>
<td title='Tests.ValidateMainPageLinks.test45M()'><b>test45M</b><br>Test class: Tests.ValidateMainPageLinks<br/>
<a href="#Output-2101153819" onClick='toggleBox("Output-2101153819", this, "Show output", "Hide output");'>Show output</a>

<a href="#Output-2101153819" onClick="toggleAllBoxes();">Show all outputs</a>
<div class='log' id="Output-2101153819">
Footer-my credit slips link ok |<br/>
</div>
</td>
<td></td>
<td>1</td>
<td>Tests.ValidateMainPageLinks@75bd9247</td></tr>
<tr>
<td title='Tests.ValidateMainPageLinks.test46M()'><b>test46M</b><br>Test class: Tests.ValidateMainPageLinks<br/>
<a href="#Output-1581267786" onClick='toggleBox("Output-1581267786", this, "Show output", "Hide output");'>Show output</a>

<a href="#Output-1581267786" onClick="toggleAllBoxes();">Show all outputs</a>
<div class='log' id="Output-1581267786">
Footer-my adresses link ok |<br/>
</div>
</td>
<td></td>
<td>1</td>
<td>Tests.ValidateMainPageLinks@75bd9247</td></tr>
<tr>
<td title='Tests.ValidateMainPageLinks.test47M()'><b>test47M</b><br>Test class: Tests.ValidateMainPageLinks<br/>
<a href="#Output-2115628016" onClick='toggleBox("Output-2115628016", this, "Show output", "Hide output");'>Show output</a>

<a href="#Output-2115628016" onClick="toggleAllBoxes();">Show all outputs</a>
<div class='log' id="Output-2115628016">
Footer-my personal info link ok |<br/>
</div>
</td>
<td></td>
<td>1</td>
<td>Tests.ValidateMainPageLinks@75bd9247</td></tr>
<tr>
<td title='Tests.ValidateMainPageLinks.test4M()'><b>test4M</b><br>Test class: Tests.ValidateMainPageLinks<br/>
<a href="#Output-753321708" onClick='toggleBox("Output-753321708", this, "Show output", "Hide output");'>Show output</a>

<a href="#Output-753321708" onClick="toggleAllBoxes();">Show all outputs</a>
<div class='log' id="Output-753321708">
logo link ok |<br/>
</div>
</td>
<td></td>
<td>2</td>
<td>Tests.ValidateMainPageLinks@75bd9247</td></tr>
<tr>
<td title='Tests.ValidateMainPageLinks.test5M()'><b>test5M</b><br>Test class: Tests.ValidateMainPageLinks<br/>
<a href="#Output-33233312" onClick='toggleBox("Output-33233312", this, "Show output", "Hide output");'>Show output</a>

<a href="#Output-33233312" onClick="toggleAllBoxes();">Show all outputs</a>
<div class='log' id="Output-33233312">
cart link ok |<br/>
</div>
</td>
<td></td>
<td>2</td>
<td>Tests.ValidateMainPageLinks@75bd9247</td></tr>
<tr>
<td title='Tests.ValidateMainPageLinks.test6M()'><b>test6M</b><br>Test class: Tests.ValidateMainPageLinks<br/>
<a href="#Output-1750286943" onClick='toggleBox("Output-1750286943", this, "Show output", "Hide output");'>Show output</a>

<a href="#Output-1750286943" onClick="toggleAllBoxes();">Show all outputs</a>
<div class='log' id="Output-1750286943">
search link ok |<br/>
</div>
</td>
<td></td>
<td>1</td>
<td>Tests.ValidateMainPageLinks@75bd9247</td></tr>
<tr>
<td title='Tests.ValidateMainPageLinks.test7M()'><b>test7M</b><br>Test class: Tests.ValidateMainPageLinks<br/>
<a href="#Output-999230073" onClick='toggleBox("Output-999230073", this, "Show output", "Hide output");'>Show output</a>

<a href="#Output-999230073" onClick="toggleAllBoxes();">Show all outputs</a>
<div class='log' id="Output-999230073">
header-Women link ok |<br/>
</div>
</td>
<td></td>
<td>1</td>
<td>Tests.ValidateMainPageLinks@75bd9247</td></tr>
</table><p>
</body>
</html>