<?xml version="1.0" encoding="UTF-8"?>
<!-- Generated by org.testng.reporters.JUnitXMLReporter -->
<testsuite hostname="Kris-PC" name="ValidateLinksCH" tests="48" failures="5" timestamp="12 May 2015 10:01:48 GMT" time="223.26" errors="0">
  <testcase name="test10M" time="3.4" classname="Tests.ValidateMainPageLinks"/>
  <testcase name="test11M" time="3.185" classname="Tests.ValidateMainPageLinks"/>
  <testcase name="test12M" time="2.108" classname="Tests.ValidateMainPageLinks"/>
  <testcase name="test13M" time="2.123" classname="Tests.ValidateMainPageLinks"/>
  <testcase name="test14M" time="3.367" classname="Tests.ValidateMainPageLinks"/>
  <testcase name="test15M" time="1.655" classname="Tests.ValidateMainPageLinks"/>
  <testcase name="test16M" time="2.45" classname="Tests.ValidateMainPageLinks"/>
  <testcase name="test17M" time="1.963" classname="Tests.ValidateMainPageLinks"/>
  <testcase name="test18M" time="2.638" classname="Tests.ValidateMainPageLinks"/>
  <testcase name="test19M" time="1.412" classname="Tests.ValidateMainPageLinks"/>
  <testcase name="test1M" time="0.465" classname="Tests.ValidateMainPageLinks"/>
  <testcase name="test1S" time="10.215" classname="Tests.ValidateMainPageLinks">
    <failure type="org.openqa.selenium.TimeoutException" message="Timed out after 10 seconds waiting for Tests.ValidateMainPageLinks$1@d554c5f
Build info: version: &amp;apos;2.45.0&amp;apos;, revision: &amp;apos;5017cb8&amp;apos;, time: &amp;apos;2015-02-27 00:00:10&amp;apos;
System info: host: &amp;apos;Kris-PC&amp;apos;, ip: &amp;apos;192.168.37.1&amp;apos;, os.name: &amp;apos;Windows 7&amp;apos;, os.arch: &amp;apos;amd64&amp;apos;, os.version: &amp;apos;6.1&amp;apos;, java.version: &amp;apos;1.8.0_31&amp;apos;
Driver info: driver.version: unknown">
      <![CDATA[org.openqa.selenium.TimeoutException: Timed out after 10 seconds waiting for Tests.ValidateMainPageLinks$1@d554c5f
Build info: version: '2.45.0', revision: '5017cb8', time: '2015-02-27 00:00:10'
System info: host: 'Kris-PC', ip: '192.168.37.1', os.name: 'Windows 7', os.arch: 'amd64', os.version: '6.1', java.version: '1.8.0_31'
Driver info: driver.version: unknown
	at org.openqa.selenium.support.ui.FluentWait.timeoutException(FluentWait.java:259)
	at org.openqa.selenium.support.ui.FluentWait.until(FluentWait.java:228)
	at org.openqa.selenium.support.ui.FluentWait.until(FluentWait.java:175)
	at Tests.ValidateMainPageLinks.test1S(ValidateMainPageLinks.java:560)
... Removed 24 stack frames]]>
    </failure>
  </testcase> <!-- test1S -->
  <testcase name="test20M" time="0.102" classname="Tests.ValidateMainPageLinks">
    <failure type="org.openqa.selenium.WebDriverException" message="unknown error: Element is not clickable at point (479, 443). Other element would receive the click: &amp;lt;p&amp;gt;...&amp;lt;/p&amp;gt;
  (Session info: chrome=42.0.2311.135)
  (Driver info: chromedriver=2.15.322448 (52179c1b310fec1797c81ea9a20326839860b7d3),platform=Windows NT 6.1 SP1 x86_64) (WARNING: The server did not provide any stacktrace information)
Command duration or timeout: 65 milliseconds
Build info: version: &amp;apos;2.45.0&amp;apos;, revision: &amp;apos;5017cb8&amp;apos;, time: &amp;apos;2015-02-27 00:00:10&amp;apos;
System info: host: &amp;apos;Kris-PC&amp;apos;, ip: &amp;apos;192.168.37.1&amp;apos;, os.name: &amp;apos;Windows 7&amp;apos;, os.arch: &amp;apos;amd64&amp;apos;, os.version: &amp;apos;6.1&amp;apos;, java.version: &amp;apos;1.8.0_31&amp;apos;
Driver info: org.openqa.selenium.chrome.ChromeDriver
Capabilities [{applicationCacheEnabled=false, rotatable=false, mobileEmulationEnabled=false, chrome={userDataDir=C:\Users\Kris\AppData\Local\Temp\scoped_dir4216_25683}, takesHeapSnapshot=true, databaseEnabled=false, handlesAlerts=true, version=42.0.2311.135, platform=XP, browserConnectionEnabled=false, nativeEvents=true, acceptSslCerts=true, locationContextEnabled=true, webStorageEnabled=true, browserName=chrome, takesScreenshot=true, javascriptEnabled=true, cssSelectorsEnabled=true}]
Session ID: 9dfa40c9a9e610c3fb83f9aec3bbe4c4">
      <![CDATA[org.openqa.selenium.WebDriverException: unknown error: Element is not clickable at point (479, 443). Other element would receive the click: <p>...</p>
  (Session info: chrome=42.0.2311.135)
  (Driver info: chromedriver=2.15.322448 (52179c1b310fec1797c81ea9a20326839860b7d3),platform=Windows NT 6.1 SP1 x86_64) (WARNING: The server did not provide any stacktrace information)
Command duration or timeout: 65 milliseconds
Build info: version: '2.45.0', revision: '5017cb8', time: '2015-02-27 00:00:10'
System info: host: 'Kris-PC', ip: '192.168.37.1', os.name: 'Windows 7', os.arch: 'amd64', os.version: '6.1', java.version: '1.8.0_31'
Driver info: org.openqa.selenium.chrome.ChromeDriver
Capabilities [{applicationCacheEnabled=false, rotatable=false, mobileEmulationEnabled=false, chrome={userDataDir=C:\Users\Kris\AppData\Local\Temp\scoped_dir4216_25683}, takesHeapSnapshot=true, databaseEnabled=false, handlesAlerts=true, version=42.0.2311.135, platform=XP, browserConnectionEnabled=false, nativeEvents=true, acceptSslCerts=true, locationContextEnabled=true, webStorageEnabled=true, browserName=chrome, takesScreenshot=true, javascriptEnabled=true, cssSelectorsEnabled=true}]
Session ID: 9dfa40c9a9e610c3fb83f9aec3bbe4c4
	at org.openqa.selenium.remote.ErrorHandler.createThrowable(ErrorHandler.java:204)
	at org.openqa.selenium.remote.ErrorHandler.throwIfResponseFailed(ErrorHandler.java:156)
	at org.openqa.selenium.remote.RemoteWebDriver.execute(RemoteWebDriver.java:599)
	at org.openqa.selenium.remote.RemoteWebElement.execute(RemoteWebElement.java:268)
	at org.openqa.selenium.remote.RemoteWebElement.click(RemoteWebElement.java:79)
	at Tests.ValidateMainPageLinks.test20M(ValidateMainPageLinks.java:233)
... Removed 28 stack frames]]>
    </failure>
  </testcase> <!-- test20M -->
  <testcase name="test21M" time="3.071" classname="Tests.ValidateMainPageLinks"/>
  <testcase name="test22M" time="0.903" classname="Tests.ValidateMainPageLinks"/>
  <testcase name="test23M" time="0.168" classname="Tests.ValidateMainPageLinks"/>
  <testcase name="test24M" time="0.285" classname="Tests.ValidateMainPageLinks"/>
  <testcase name="test25M" time="0.93" classname="Tests.ValidateMainPageLinks"/>
  <testcase name="test26M" time="0.87" classname="Tests.ValidateMainPageLinks"/>
  <testcase name="test27M" time="1.085" classname="Tests.ValidateMainPageLinks"/>
  <testcase name="test28M" time="1.057" classname="Tests.ValidateMainPageLinks"/>
  <testcase name="test29M" time="0.678" classname="Tests.ValidateMainPageLinks"/>
  <testcase name="test2M" time="1.452" classname="Tests.ValidateMainPageLinks"/>
  <testcase name="test2S" time="10.615" classname="Tests.ValidateMainPageLinks">
    <failure type="org.openqa.selenium.TimeoutException" message="Timed out after 10 seconds waiting for visibility of element located by By.xpath: //*[@id=&amp;apos;homeslider&amp;apos;]/li[4]/a
Build info: version: &amp;apos;2.45.0&amp;apos;, revision: &amp;apos;5017cb8&amp;apos;, time: &amp;apos;2015-02-27 00:00:10&amp;apos;
System info: host: &amp;apos;Kris-PC&amp;apos;, ip: &amp;apos;192.168.37.1&amp;apos;, os.name: &amp;apos;Windows 7&amp;apos;, os.arch: &amp;apos;amd64&amp;apos;, os.version: &amp;apos;6.1&amp;apos;, java.version: &amp;apos;1.8.0_31&amp;apos;
Driver info: org.openqa.selenium.chrome.ChromeDriver
Capabilities [{applicationCacheEnabled=false, rotatable=false, mobileEmulationEnabled=false, chrome={userDataDir=C:\Users\Kris\AppData\Local\Temp\scoped_dir4216_25683}, takesHeapSnapshot=true, databaseEnabled=false, handlesAlerts=true, version=42.0.2311.135, platform=XP, browserConnectionEnabled=false, nativeEvents=true, acceptSslCerts=true, locationContextEnabled=true, webStorageEnabled=true, browserName=chrome, takesScreenshot=true, javascriptEnabled=true, cssSelectorsEnabled=true}]
Session ID: 9dfa40c9a9e610c3fb83f9aec3bbe4c4">
      <![CDATA[org.openqa.selenium.TimeoutException: Timed out after 10 seconds waiting for visibility of element located by By.xpath: //*[@id='homeslider']/li[4]/a
Build info: version: '2.45.0', revision: '5017cb8', time: '2015-02-27 00:00:10'
System info: host: 'Kris-PC', ip: '192.168.37.1', os.name: 'Windows 7', os.arch: 'amd64', os.version: '6.1', java.version: '1.8.0_31'
Driver info: org.openqa.selenium.chrome.ChromeDriver
Capabilities [{applicationCacheEnabled=false, rotatable=false, mobileEmulationEnabled=false, chrome={userDataDir=C:\Users\Kris\AppData\Local\Temp\scoped_dir4216_25683}, takesHeapSnapshot=true, databaseEnabled=false, handlesAlerts=true, version=42.0.2311.135, platform=XP, browserConnectionEnabled=false, nativeEvents=true, acceptSslCerts=true, locationContextEnabled=true, webStorageEnabled=true, browserName=chrome, takesScreenshot=true, javascriptEnabled=true, cssSelectorsEnabled=true}]
Session ID: 9dfa40c9a9e610c3fb83f9aec3bbe4c4
	at org.openqa.selenium.support.ui.WebDriverWait.timeoutException(WebDriverWait.java:79)
	at org.openqa.selenium.support.ui.FluentWait.until(FluentWait.java:228)
	at Tests.ValidateMainPageLinks.test2S(ValidateMainPageLinks.java:601)
... Removed 24 stack frames]]>
    </failure>
  </testcase> <!-- test2S -->
  <testcase name="test30M" time="1.829" classname="Tests.ValidateMainPageLinks"/>
  <testcase name="test31M" time="7.573" classname="Tests.ValidateMainPageLinks"/>
  <testcase name="test32M" time="1.397" classname="Tests.ValidateMainPageLinks"/>
  <testcase name="test33M" time="0.91" classname="Tests.ValidateMainPageLinks"/>
  <testcase name="test34M" time="1.89" classname="Tests.ValidateMainPageLinks"/>
  <testcase name="test35M" time="1.708" classname="Tests.ValidateMainPageLinks"/>
  <testcase name="test36M" time="1.2" classname="Tests.ValidateMainPageLinks"/>
  <testcase name="test37M" time="1.399" classname="Tests.ValidateMainPageLinks"/>
  <testcase name="test38M" time="3.126" classname="Tests.ValidateMainPageLinks"/>
  <testcase name="test39M" time="1.343" classname="Tests.ValidateMainPageLinks"/>
  <testcase name="test3M" time="1.72" classname="Tests.ValidateMainPageLinks"/>
  <testcase name="test40M" time="1.28" classname="Tests.ValidateMainPageLinks"/>
  <testcase name="test41M" time="1.548" classname="Tests.ValidateMainPageLinks"/>
  <testcase name="test42M" time="2.095" classname="Tests.ValidateMainPageLinks"/>
  <testcase name="test43M" time="1.645" classname="Tests.ValidateMainPageLinks"/>
  <testcase name="test45M" time="1.582" classname="Tests.ValidateMainPageLinks"/>
  <testcase name="test46M" time="1.625" classname="Tests.ValidateMainPageLinks"/>
  <testcase name="test47M" time="1.625" classname="Tests.ValidateMainPageLinks"/>
  <testcase name="test4M" time="2.107" classname="Tests.ValidateMainPageLinks"/>
  <testcase name="test5M" time="2.397" classname="Tests.ValidateMainPageLinks"/>
  <testcase name="test6M" time="1.425" classname="Tests.ValidateMainPageLinks"/>
  <testcase name="test7M" time="1.767" classname="Tests.ValidateMainPageLinks"/>
  <testcase name="test8M" time="0.152" classname="Tests.ValidateMainPageLinks">
    <failure type="org.openqa.selenium.ElementNotVisibleException" message="element not visible
  (Session info: chrome=42.0.2311.135)
  (Driver info: chromedriver=2.15.322448 (52179c1b310fec1797c81ea9a20326839860b7d3),platform=Windows NT 6.1 SP1 x86_64) (WARNING: The server did not provide any stacktrace information)
Command duration or timeout: 18 milliseconds
Build info: version: &amp;apos;2.45.0&amp;apos;, revision: &amp;apos;5017cb8&amp;apos;, time: &amp;apos;2015-02-27 00:00:10&amp;apos;
System info: host: &amp;apos;Kris-PC&amp;apos;, ip: &amp;apos;192.168.37.1&amp;apos;, os.name: &amp;apos;Windows 7&amp;apos;, os.arch: &amp;apos;amd64&amp;apos;, os.version: &amp;apos;6.1&amp;apos;, java.version: &amp;apos;1.8.0_31&amp;apos;
Driver info: org.openqa.selenium.chrome.ChromeDriver
Capabilities [{applicationCacheEnabled=false, rotatable=false, mobileEmulationEnabled=false, chrome={userDataDir=C:\Users\Kris\AppData\Local\Temp\scoped_dir4216_25683}, takesHeapSnapshot=true, databaseEnabled=false, handlesAlerts=true, version=42.0.2311.135, platform=XP, browserConnectionEnabled=false, nativeEvents=true, acceptSslCerts=true, locationContextEnabled=true, webStorageEnabled=true, browserName=chrome, takesScreenshot=true, javascriptEnabled=true, cssSelectorsEnabled=true}]
Session ID: 9dfa40c9a9e610c3fb83f9aec3bbe4c4">
      <![CDATA[org.openqa.selenium.ElementNotVisibleException: element not visible
  (Session info: chrome=42.0.2311.135)
  (Driver info: chromedriver=2.15.322448 (52179c1b310fec1797c81ea9a20326839860b7d3),platform=Windows NT 6.1 SP1 x86_64) (WARNING: The server did not provide any stacktrace information)
Command duration or timeout: 18 milliseconds
Build info: version: '2.45.0', revision: '5017cb8', time: '2015-02-27 00:00:10'
System info: host: 'Kris-PC', ip: '192.168.37.1', os.name: 'Windows 7', os.arch: 'amd64', os.version: '6.1', java.version: '1.8.0_31'
Driver info: org.openqa.selenium.chrome.ChromeDriver
Capabilities [{applicationCacheEnabled=false, rotatable=false, mobileEmulationEnabled=false, chrome={userDataDir=C:\Users\Kris\AppData\Local\Temp\scoped_dir4216_25683}, takesHeapSnapshot=true, databaseEnabled=false, handlesAlerts=true, version=42.0.2311.135, platform=XP, browserConnectionEnabled=false, nativeEvents=true, acceptSslCerts=true, locationContextEnabled=true, webStorageEnabled=true, browserName=chrome, takesScreenshot=true, javascriptEnabled=true, cssSelectorsEnabled=true}]
Session ID: 9dfa40c9a9e610c3fb83f9aec3bbe4c4
	at org.openqa.selenium.remote.ErrorHandler.createThrowable(ErrorHandler.java:204)
	at org.openqa.selenium.remote.ErrorHandler.throwIfResponseFailed(ErrorHandler.java:156)
	at org.openqa.selenium.remote.RemoteWebDriver.execute(RemoteWebDriver.java:599)
	at org.openqa.selenium.remote.RemoteWebElement.execute(RemoteWebElement.java:268)
	at org.openqa.selenium.remote.RemoteWebElement.click(RemoteWebElement.java:79)
	at Tests.ValidateMainPageLinks.test8M(ValidateMainPageLinks.java:110)
... Removed 28 stack frames]]>
    </failure>
  </testcase> <!-- test8M -->
  <testcase name="test9M" time="0.872" classname="Tests.ValidateMainPageLinks">
    <failure type="org.openqa.selenium.NoSuchElementException" message="no such element
  (Session info: chrome=42.0.2311.135)
  (Driver info: chromedriver=2.15.322448 (52179c1b310fec1797c81ea9a20326839860b7d3),platform=Windows NT 6.1 SP1 x86_64) (WARNING: The server did not provide any stacktrace information)
Command duration or timeout: 135 milliseconds
For documentation on this error, please visit: http://seleniumhq.org/exceptions/no_such_element.html
Build info: version: &amp;apos;2.45.0&amp;apos;, revision: &amp;apos;5017cb8&amp;apos;, time: &amp;apos;2015-02-27 00:00:10&amp;apos;
System info: host: &amp;apos;Kris-PC&amp;apos;, ip: &amp;apos;192.168.37.1&amp;apos;, os.name: &amp;apos;Windows 7&amp;apos;, os.arch: &amp;apos;amd64&amp;apos;, os.version: &amp;apos;6.1&amp;apos;, java.version: &amp;apos;1.8.0_31&amp;apos;
Driver info: org.openqa.selenium.chrome.ChromeDriver
Capabilities [{applicationCacheEnabled=false, rotatable=false, mobileEmulationEnabled=false, chrome={userDataDir=C:\Users\Kris\AppData\Local\Temp\scoped_dir4216_25683}, takesHeapSnapshot=true, databaseEnabled=false, handlesAlerts=true, version=42.0.2311.135, platform=XP, browserConnectionEnabled=false, nativeEvents=true, acceptSslCerts=true, locationContextEnabled=true, webStorageEnabled=true, browserName=chrome, takesScreenshot=true, javascriptEnabled=true, cssSelectorsEnabled=true}]
Session ID: 9dfa40c9a9e610c3fb83f9aec3bbe4c4
*** Element info: {Using=link text, value=T-shirts}">
      <![CDATA[org.openqa.selenium.NoSuchElementException: no such element
  (Session info: chrome=42.0.2311.135)
  (Driver info: chromedriver=2.15.322448 (52179c1b310fec1797c81ea9a20326839860b7d3),platform=Windows NT 6.1 SP1 x86_64) (WARNING: The server did not provide any stacktrace information)
Command duration or timeout: 135 milliseconds
For documentation on this error, please visit: http://seleniumhq.org/exceptions/no_such_element.html
Build info: version: '2.45.0', revision: '5017cb8', time: '2015-02-27 00:00:10'
System info: host: 'Kris-PC', ip: '192.168.37.1', os.name: 'Windows 7', os.arch: 'amd64', os.version: '6.1', java.version: '1.8.0_31'
Driver info: org.openqa.selenium.chrome.ChromeDriver
Capabilities [{applicationCacheEnabled=false, rotatable=false, mobileEmulationEnabled=false, chrome={userDataDir=C:\Users\Kris\AppData\Local\Temp\scoped_dir4216_25683}, takesHeapSnapshot=true, databaseEnabled=false, handlesAlerts=true, version=42.0.2311.135, platform=XP, browserConnectionEnabled=false, nativeEvents=true, acceptSslCerts=true, locationContextEnabled=true, webStorageEnabled=true, browserName=chrome, takesScreenshot=true, javascriptEnabled=true, cssSelectorsEnabled=true}]
Session ID: 9dfa40c9a9e610c3fb83f9aec3bbe4c4
*** Element info: {Using=link text, value=T-shirts}
	at org.openqa.selenium.remote.ErrorHandler.createThrowable(ErrorHandler.java:204)
	at org.openqa.selenium.remote.ErrorHandler.throwIfResponseFailed(ErrorHandler.java:156)
	at org.openqa.selenium.remote.RemoteWebDriver.execute(RemoteWebDriver.java:599)
	at org.openqa.selenium.remote.RemoteWebDriver.findElement(RemoteWebDriver.java:352)
	at org.openqa.selenium.remote.RemoteWebDriver.findElementByLinkText(RemoteWebDriver.java:401)
	at org.openqa.selenium.By$ByLinkText.findElement(By.java:242)
	at org.openqa.selenium.remote.RemoteWebDriver.findElement(RemoteWebDriver.java:344)
	at PageObjects.HomePage$Header.women(HomePage.java:150)
	at Tests.ValidateMainPageLinks.test9M(ValidateMainPageLinks.java:119)
... Removed 28 stack frames]]>
    </failure>
  </testcase> <!-- test9M -->
</testsuite> <!-- ValidateLinksCH -->
