<html>
<head>
<title>TestNG:  ValidateLinksIE</title>
<link href="../testng.css" rel="stylesheet" type="text/css" />
<link href="../my-testng.css" rel="stylesheet" type="text/css" />

<style type="text/css">
.log { display: none;} 
.stack-trace { display: none;} 
</style>
<script type="text/javascript">
<!--
function flip(e) {
  current = e.style.display;
  if (current == 'block') {
    e.style.display = 'none';
    return 0;
  }
  else {
    e.style.display = 'block';
    return 1;
  }
}

function toggleBox(szDivId, elem, msg1, msg2)
{
  var res = -1;  if (document.getElementById) {
    res = flip(document.getElementById(szDivId));
  }
  else if (document.all) {
    // this is the way old msie versions work
    res = flip(document.all[szDivId]);
  }
  if(elem) {
    if(res == 0) elem.innerHTML = msg1; else elem.innerHTML = msg2;
  }

}

function toggleAllBoxes() {
  if (document.getElementsByTagName) {
    d = document.getElementsByTagName('div');
    for (i = 0; i < d.length; i++) {
      if (d[i].className == 'log') {
        flip(d[i]);
      }
    }
  }
}

// -->
</script>

</head>
<body>
<h2 align='center'>ValidateLinksIE</h2><table border='1' align="center">
<tr>
<td>Tests passed/Failed/Skipped:</td><td>0/3/21</td>
</tr><tr>
<td>Started on:</td><td>Mon Mar 09 23:47:56 GMT 2015</td>
</tr>
<tr><td>Total time:</td><td>42 seconds (42834 ms)</td>
</tr><tr>
<td>Included groups:</td><td></td>
</tr><tr>
<td>Excluded groups:</td><td></td>
</tr>
</table><p/>
<small><i>(Hover the method name to see the test class name)</i></small><p/>
<table width='100%' border='1' class='invocation-failed'>
<tr><td colspan='4' align='center'><b>FAILED CONFIGURATIONS</b></td></tr>
<tr><td><b>Test method</b></td>
<td width="30%"><b>Exception</b></td>
<td width="10%"><b>Time (seconds)</b></td>
<td><b>Instance</b></td>
</tr>
<tr>
<td title='Tests.ValidateMainPageLinks.afterMethod()'><b>afterMethod</b><br>Test class: Tests.ValidateMainPageLinks</td>
<td><div><pre>org.openqa.selenium.NoSuchWindowException: Unable to get browser (WARNING: The server did not provide any stacktrace information)
Command duration or timeout: 30 milliseconds
Build info: version: &apos;2.45.0&apos;, revision: &apos;5017cb8&apos;, time: &apos;2015-02-27 00:00:10&apos;
System info: host: &apos;Kris-PC&apos;, ip: &apos;192.168.56.1&apos;, os.name: &apos;Windows 7&apos;, os.arch: &apos;amd64&apos;, os.version: &apos;6.1&apos;, java.version: &apos;1.8.0_31&apos;
Driver info: org.openqa.selenium.ie.InternetExplorerDriver
Capabilities [{browserAttachTimeout=0, enablePersistentHover=true, ie.forceCreateProcessApi=false, ie.usePerProcessProxy=false, ignoreZoomSetting=false, handlesAlerts=true, version=11, platform=WINDOWS, nativeEvents=true, ie.ensureCleanSession=false, elementScrollBehavior=0, ie.browserCommandLineSwitches=, requireWindowFocus=false, browserName=internet explorer, initialBrowserUrl=http://localhost:19186/, takesScreenshot=true, javascriptEnabled=true, ignoreProtectedModeSettings=false, enableElementCacheCleanup=true, cssSelectorsEnabled=true, unexpectedAlertBehaviour=dismiss}]
Session ID: 579d26bd-5bfa-4360-8fb9-574556fc564c
	at org.openqa.selenium.remote.ErrorHandler.createThrowable(ErrorHandler.java:204)
	at org.openqa.selenium.remote.ErrorHandler.throwIfResponseFailed(ErrorHandler.java:156)
	at org.openqa.selenium.remote.RemoteWebDriver.execute(RemoteWebDriver.java:599)
	at org.openqa.selenium.remote.RemoteWebDriver.execute(RemoteWebDriver.java:622)
	at org.openqa.selenium.remote.RemoteWebDriver.getTitle(RemoteWebDriver.java:313)
	at Tests.ValidateMainPageLinks.afterMethod(ValidateMainPageLinks.java:233)
... Removed 30 stack frames</pre></div><a href='#' onClick='toggleBox("stack-trace778731861", this, "Click to show all stack frames", "Click to hide stack frames")'>Click to show all stack frames</a>
<div class='stack-trace' id='stack-trace778731861'><pre>org.openqa.selenium.NoSuchWindowException: Unable to get browser (WARNING: The server did not provide any stacktrace information)
Command duration or timeout: 30 milliseconds
Build info: version: &apos;2.45.0&apos;, revision: &apos;5017cb8&apos;, time: &apos;2015-02-27 00:00:10&apos;
System info: host: &apos;Kris-PC&apos;, ip: &apos;192.168.56.1&apos;, os.name: &apos;Windows 7&apos;, os.arch: &apos;amd64&apos;, os.version: &apos;6.1&apos;, java.version: &apos;1.8.0_31&apos;
Driver info: org.openqa.selenium.ie.InternetExplorerDriver
Capabilities [{browserAttachTimeout=0, enablePersistentHover=true, ie.forceCreateProcessApi=false, ie.usePerProcessProxy=false, ignoreZoomSetting=false, handlesAlerts=true, version=11, platform=WINDOWS, nativeEvents=true, ie.ensureCleanSession=false, elementScrollBehavior=0, ie.browserCommandLineSwitches=, requireWindowFocus=false, browserName=internet explorer, initialBrowserUrl=http://localhost:19186/, takesScreenshot=true, javascriptEnabled=true, ignoreProtectedModeSettings=false, enableElementCacheCleanup=true, cssSelectorsEnabled=true, unexpectedAlertBehaviour=dismiss}]
Session ID: 579d26bd-5bfa-4360-8fb9-574556fc564c
	at sun.reflect.NativeConstructorAccessorImpl.newInstance0(Native Method)
	at sun.reflect.NativeConstructorAccessorImpl.newInstance(Unknown Source)
	at sun.reflect.DelegatingConstructorAccessorImpl.newInstance(Unknown Source)
	at java.lang.reflect.Constructor.newInstance(Unknown Source)
	at org.openqa.selenium.remote.ErrorHandler.createThrowable(ErrorHandler.java:204)
	at org.openqa.selenium.remote.ErrorHandler.throwIfResponseFailed(ErrorHandler.java:156)
	at org.openqa.selenium.remote.RemoteWebDriver.execute(RemoteWebDriver.java:599)
	at org.openqa.selenium.remote.RemoteWebDriver.execute(RemoteWebDriver.java:622)
	at org.openqa.selenium.remote.RemoteWebDriver.getTitle(RemoteWebDriver.java:313)
	at Tests.ValidateMainPageLinks.afterMethod(ValidateMainPageLinks.java:233)
	at sun.reflect.NativeMethodAccessorImpl.invoke0(Native Method)
	at sun.reflect.NativeMethodAccessorImpl.invoke(Unknown Source)
	at sun.reflect.DelegatingMethodAccessorImpl.invoke(Unknown Source)
	at java.lang.reflect.Method.invoke(Unknown Source)
	at org.testng.internal.MethodInvocationHelper.invokeMethod(MethodInvocationHelper.java:84)
	at org.testng.internal.Invoker.invokeConfigurationMethod(Invoker.java:564)
	at org.testng.internal.Invoker.invokeConfigurations(Invoker.java:213)
	at org.testng.internal.Invoker.invokeMethod(Invoker.java:786)
	at org.testng.internal.Invoker.invokeTestMethod(Invoker.java:901)
	at org.testng.internal.Invoker.invokeTestMethods(Invoker.java:1231)
	at org.testng.internal.TestMethodWorker.invokeTestMethods(TestMethodWorker.java:127)
	at org.testng.internal.TestMethodWorker.run(TestMethodWorker.java:111)
	at org.testng.TestRunner.privateRun(TestRunner.java:767)
	at org.testng.TestRunner.run(TestRunner.java:617)
	at org.testng.SuiteRunner.runTest(SuiteRunner.java:334)
	at org.testng.SuiteRunner.runSequentially(SuiteRunner.java:329)
	at org.testng.SuiteRunner.privateRun(SuiteRunner.java:291)
	at org.testng.SuiteRunner.run(SuiteRunner.java:240)
	at org.testng.SuiteRunnerWorker.runSuite(SuiteRunnerWorker.java:52)
	at org.testng.SuiteRunnerWorker.run(SuiteRunnerWorker.java:86)
	at org.testng.TestNG.runSuitesSequentially(TestNG.java:1224)
	at org.testng.TestNG.runSuitesLocally(TestNG.java:1149)
	at org.testng.TestNG.run(TestNG.java:1057)
	at org.testng.remote.RemoteTestNG.run(RemoteTestNG.java:111)
	at org.testng.remote.RemoteTestNG.initAndRun(RemoteTestNG.java:204)
	at org.testng.remote.RemoteTestNG.main(RemoteTestNG.java:175)
</pre></div></td>
<td>0</td>
<td>Tests.ValidateMainPageLinks@66d33a</td></tr>
</table><p>
<table width='100%' border='1' class='invocation-skipped'>
<tr><td colspan='4' align='center'><b>SKIPPED CONFIGURATIONS</b></td></tr>
<tr><td><b>Test method</b></td>
<td width="30%"><b>Exception</b></td>
<td width="10%"><b>Time (seconds)</b></td>
<td><b>Instance</b></td>
</tr>
<tr>
<td title='Tests.ValidateMainPageLinks.beforeMethod()'><b>beforeMethod</b><br>Test class: Tests.ValidateMainPageLinks</td>
<td></td>
<td>0</td>
<td>Tests.ValidateMainPageLinks@66d33a</td></tr>
<tr>
<td title='Tests.ValidateMainPageLinks.beforeMethod()'><b>beforeMethod</b><br>Test class: Tests.ValidateMainPageLinks</td>
<td></td>
<td>0</td>
<td>Tests.ValidateMainPageLinks@66d33a</td></tr>
<tr>
<td title='Tests.ValidateMainPageLinks.beforeMethod()'><b>beforeMethod</b><br>Test class: Tests.ValidateMainPageLinks</td>
<td></td>
<td>0</td>
<td>Tests.ValidateMainPageLinks@66d33a</td></tr>
<tr>
<td title='Tests.ValidateMainPageLinks.beforeMethod()'><b>beforeMethod</b><br>Test class: Tests.ValidateMainPageLinks</td>
<td></td>
<td>0</td>
<td>Tests.ValidateMainPageLinks@66d33a</td></tr>
<tr>
<td title='Tests.ValidateMainPageLinks.beforeMethod()'><b>beforeMethod</b><br>Test class: Tests.ValidateMainPageLinks</td>
<td></td>
<td>0</td>
<td>Tests.ValidateMainPageLinks@66d33a</td></tr>
<tr>
<td title='Tests.ValidateMainPageLinks.beforeMethod()'><b>beforeMethod</b><br>Test class: Tests.ValidateMainPageLinks</td>
<td></td>
<td>0</td>
<td>Tests.ValidateMainPageLinks@66d33a</td></tr>
<tr>
<td title='Tests.ValidateMainPageLinks.beforeMethod()'><b>beforeMethod</b><br>Test class: Tests.ValidateMainPageLinks</td>
<td></td>
<td>0</td>
<td>Tests.ValidateMainPageLinks@66d33a</td></tr>
<tr>
<td title='Tests.ValidateMainPageLinks.beforeMethod()'><b>beforeMethod</b><br>Test class: Tests.ValidateMainPageLinks</td>
<td></td>
<td>0</td>
<td>Tests.ValidateMainPageLinks@66d33a</td></tr>
<tr>
<td title='Tests.ValidateMainPageLinks.beforeMethod()'><b>beforeMethod</b><br>Test class: Tests.ValidateMainPageLinks</td>
<td></td>
<td>0</td>
<td>Tests.ValidateMainPageLinks@66d33a</td></tr>
<tr>
<td title='Tests.ValidateMainPageLinks.beforeMethod()'><b>beforeMethod</b><br>Test class: Tests.ValidateMainPageLinks</td>
<td></td>
<td>0</td>
<td>Tests.ValidateMainPageLinks@66d33a</td></tr>
<tr>
<td title='Tests.ValidateMainPageLinks.beforeMethod()'><b>beforeMethod</b><br>Test class: Tests.ValidateMainPageLinks</td>
<td></td>
<td>0</td>
<td>Tests.ValidateMainPageLinks@66d33a</td></tr>
<tr>
<td title='Tests.ValidateMainPageLinks.beforeMethod()'><b>beforeMethod</b><br>Test class: Tests.ValidateMainPageLinks</td>
<td></td>
<td>0</td>
<td>Tests.ValidateMainPageLinks@66d33a</td></tr>
<tr>
<td title='Tests.ValidateMainPageLinks.beforeMethod()'><b>beforeMethod</b><br>Test class: Tests.ValidateMainPageLinks</td>
<td></td>
<td>0</td>
<td>Tests.ValidateMainPageLinks@66d33a</td></tr>
<tr>
<td title='Tests.ValidateMainPageLinks.beforeMethod()'><b>beforeMethod</b><br>Test class: Tests.ValidateMainPageLinks</td>
<td></td>
<td>0</td>
<td>Tests.ValidateMainPageLinks@66d33a</td></tr>
<tr>
<td title='Tests.ValidateMainPageLinks.beforeMethod()'><b>beforeMethod</b><br>Test class: Tests.ValidateMainPageLinks</td>
<td></td>
<td>0</td>
<td>Tests.ValidateMainPageLinks@66d33a</td></tr>
<tr>
<td title='Tests.ValidateMainPageLinks.beforeMethod()'><b>beforeMethod</b><br>Test class: Tests.ValidateMainPageLinks</td>
<td></td>
<td>0</td>
<td>Tests.ValidateMainPageLinks@66d33a</td></tr>
<tr>
<td title='Tests.ValidateMainPageLinks.beforeMethod()'><b>beforeMethod</b><br>Test class: Tests.ValidateMainPageLinks</td>
<td></td>
<td>0</td>
<td>Tests.ValidateMainPageLinks@66d33a</td></tr>
<tr>
<td title='Tests.ValidateMainPageLinks.beforeMethod()'><b>beforeMethod</b><br>Test class: Tests.ValidateMainPageLinks</td>
<td></td>
<td>0</td>
<td>Tests.ValidateMainPageLinks@66d33a</td></tr>
<tr>
<td title='Tests.ValidateMainPageLinks.beforeMethod()'><b>beforeMethod</b><br>Test class: Tests.ValidateMainPageLinks</td>
<td></td>
<td>0</td>
<td>Tests.ValidateMainPageLinks@66d33a</td></tr>
<tr>
<td title='Tests.ValidateMainPageLinks.beforeMethod()'><b>beforeMethod</b><br>Test class: Tests.ValidateMainPageLinks</td>
<td></td>
<td>0</td>
<td>Tests.ValidateMainPageLinks@66d33a</td></tr>
<tr>
<td title='Tests.ValidateMainPageLinks.beforeMethod()'><b>beforeMethod</b><br>Test class: Tests.ValidateMainPageLinks</td>
<td></td>
<td>0</td>
<td>Tests.ValidateMainPageLinks@66d33a</td></tr>
<tr>
<td title='Tests.ValidateMainPageLinks.afterMethod()'><b>afterMethod</b><br>Test class: Tests.ValidateMainPageLinks</td>
<td></td>
<td>0</td>
<td>Tests.ValidateMainPageLinks@66d33a</td></tr>
<tr>
<td title='Tests.ValidateMainPageLinks.afterMethod()'><b>afterMethod</b><br>Test class: Tests.ValidateMainPageLinks</td>
<td></td>
<td>0</td>
<td>Tests.ValidateMainPageLinks@66d33a</td></tr>
<tr>
<td title='Tests.ValidateMainPageLinks.afterMethod()'><b>afterMethod</b><br>Test class: Tests.ValidateMainPageLinks</td>
<td></td>
<td>0</td>
<td>Tests.ValidateMainPageLinks@66d33a</td></tr>
<tr>
<td title='Tests.ValidateMainPageLinks.afterMethod()'><b>afterMethod</b><br>Test class: Tests.ValidateMainPageLinks</td>
<td></td>
<td>0</td>
<td>Tests.ValidateMainPageLinks@66d33a</td></tr>
<tr>
<td title='Tests.ValidateMainPageLinks.afterMethod()'><b>afterMethod</b><br>Test class: Tests.ValidateMainPageLinks</td>
<td></td>
<td>0</td>
<td>Tests.ValidateMainPageLinks@66d33a</td></tr>
<tr>
<td title='Tests.ValidateMainPageLinks.afterMethod()'><b>afterMethod</b><br>Test class: Tests.ValidateMainPageLinks</td>
<td></td>
<td>0</td>
<td>Tests.ValidateMainPageLinks@66d33a</td></tr>
<tr>
<td title='Tests.ValidateMainPageLinks.afterMethod()'><b>afterMethod</b><br>Test class: Tests.ValidateMainPageLinks</td>
<td></td>
<td>0</td>
<td>Tests.ValidateMainPageLinks@66d33a</td></tr>
<tr>
<td title='Tests.ValidateMainPageLinks.afterMethod()'><b>afterMethod</b><br>Test class: Tests.ValidateMainPageLinks</td>
<td></td>
<td>0</td>
<td>Tests.ValidateMainPageLinks@66d33a</td></tr>
<tr>
<td title='Tests.ValidateMainPageLinks.afterMethod()'><b>afterMethod</b><br>Test class: Tests.ValidateMainPageLinks</td>
<td></td>
<td>0</td>
<td>Tests.ValidateMainPageLinks@66d33a</td></tr>
<tr>
<td title='Tests.ValidateMainPageLinks.afterMethod()'><b>afterMethod</b><br>Test class: Tests.ValidateMainPageLinks</td>
<td></td>
<td>0</td>
<td>Tests.ValidateMainPageLinks@66d33a</td></tr>
<tr>
<td title='Tests.ValidateMainPageLinks.afterMethod()'><b>afterMethod</b><br>Test class: Tests.ValidateMainPageLinks</td>
<td></td>
<td>0</td>
<td>Tests.ValidateMainPageLinks@66d33a</td></tr>
<tr>
<td title='Tests.ValidateMainPageLinks.afterMethod()'><b>afterMethod</b><br>Test class: Tests.ValidateMainPageLinks</td>
<td></td>
<td>0</td>
<td>Tests.ValidateMainPageLinks@66d33a</td></tr>
<tr>
<td title='Tests.ValidateMainPageLinks.afterMethod()'><b>afterMethod</b><br>Test class: Tests.ValidateMainPageLinks</td>
<td></td>
<td>0</td>
<td>Tests.ValidateMainPageLinks@66d33a</td></tr>
<tr>
<td title='Tests.ValidateMainPageLinks.afterMethod()'><b>afterMethod</b><br>Test class: Tests.ValidateMainPageLinks</td>
<td></td>
<td>0</td>
<td>Tests.ValidateMainPageLinks@66d33a</td></tr>
<tr>
<td title='Tests.ValidateMainPageLinks.afterMethod()'><b>afterMethod</b><br>Test class: Tests.ValidateMainPageLinks</td>
<td></td>
<td>0</td>
<td>Tests.ValidateMainPageLinks@66d33a</td></tr>
<tr>
<td title='Tests.ValidateMainPageLinks.afterMethod()'><b>afterMethod</b><br>Test class: Tests.ValidateMainPageLinks</td>
<td></td>
<td>0</td>
<td>Tests.ValidateMainPageLinks@66d33a</td></tr>
<tr>
<td title='Tests.ValidateMainPageLinks.afterMethod()'><b>afterMethod</b><br>Test class: Tests.ValidateMainPageLinks</td>
<td></td>
<td>0</td>
<td>Tests.ValidateMainPageLinks@66d33a</td></tr>
<tr>
<td title='Tests.ValidateMainPageLinks.afterMethod()'><b>afterMethod</b><br>Test class: Tests.ValidateMainPageLinks</td>
<td></td>
<td>0</td>
<td>Tests.ValidateMainPageLinks@66d33a</td></tr>
<tr>
<td title='Tests.ValidateMainPageLinks.afterMethod()'><b>afterMethod</b><br>Test class: Tests.ValidateMainPageLinks</td>
<td></td>
<td>0</td>
<td>Tests.ValidateMainPageLinks@66d33a</td></tr>
<tr>
<td title='Tests.ValidateMainPageLinks.afterMethod()'><b>afterMethod</b><br>Test class: Tests.ValidateMainPageLinks</td>
<td></td>
<td>0</td>
<td>Tests.ValidateMainPageLinks@66d33a</td></tr>
<tr>
<td title='Tests.ValidateMainPageLinks.afterMethod()'><b>afterMethod</b><br>Test class: Tests.ValidateMainPageLinks</td>
<td></td>
<td>0</td>
<td>Tests.ValidateMainPageLinks@66d33a</td></tr>
<tr>
<td title='Tests.ValidateMainPageLinks.afterTest()'><b>afterTest</b><br>Test class: Tests.ValidateMainPageLinks</td>
<td></td>
<td>0</td>
<td>null</td></tr>
</table><p>
<table width='100%' border='1' class='invocation-failed'>
<tr><td colspan='4' align='center'><b>FAILED TESTS</b></td></tr>
<tr><td><b>Test method</b></td>
<td width="30%"><b>Exception</b></td>
<td width="10%"><b>Time (seconds)</b></td>
<td><b>Instance</b></td>
</tr>
<tr>
<td title='Tests.ValidateMainPageLinks.test10M()'><b>test10M</b><br>Test class: Tests.ValidateMainPageLinks</td>
<td><div><pre>org.openqa.selenium.NoSuchElementException: Unable to find element with link text == Blouses (WARNING: The server did not provide any stacktrace information)
Command duration or timeout: 10.86 seconds
For documentation on this error, please visit: http://seleniumhq.org/exceptions/no_such_element.html
Build info: version: &apos;2.45.0&apos;, revision: &apos;5017cb8&apos;, time: &apos;2015-02-27 00:00:10&apos;
System info: host: &apos;Kris-PC&apos;, ip: &apos;192.168.56.1&apos;, os.name: &apos;Windows 7&apos;, os.arch: &apos;amd64&apos;, os.version: &apos;6.1&apos;, java.version: &apos;1.8.0_31&apos;
Driver info: org.openqa.selenium.ie.InternetExplorerDriver
Capabilities [{browserAttachTimeout=0, enablePersistentHover=true, ie.forceCreateProcessApi=false, ie.usePerProcessProxy=false, ignoreZoomSetting=false, handlesAlerts=true, version=11, platform=WINDOWS, nativeEvents=true, ie.ensureCleanSession=false, elementScrollBehavior=0, ie.browserCommandLineSwitches=, requireWindowFocus=false, browserName=internet explorer, initialBrowserUrl=http://localhost:19186/, takesScreenshot=true, javascriptEnabled=true, ignoreProtectedModeSettings=false, enableElementCacheCleanup=true, cssSelectorsEnabled=true, unexpectedAlertBehaviour=dismiss}]
Session ID: 579d26bd-5bfa-4360-8fb9-574556fc564c
*** Element info: {Using=link text, value=Blouses}
	at org.openqa.selenium.remote.ErrorHandler.createThrowable(ErrorHandler.java:204)
	at org.openqa.selenium.remote.ErrorHandler.throwIfResponseFailed(ErrorHandler.java:156)
	at org.openqa.selenium.remote.RemoteWebDriver.execute(RemoteWebDriver.java:599)
	at org.openqa.selenium.remote.RemoteWebDriver.findElement(RemoteWebDriver.java:352)
	at org.openqa.selenium.remote.RemoteWebDriver.findElementByLinkText(RemoteWebDriver.java:401)
	at org.openqa.selenium.By$ByLinkText.findElement(By.java:242)
	at org.openqa.selenium.remote.RemoteWebDriver.findElement(RemoteWebDriver.java:344)
	at PageObjects.HomePage$Header.women(HomePage.java:161)
	at Tests.ValidateMainPageLinks.test10M(ValidateMainPageLinks.java:106)
... Removed 28 stack frames</pre></div><a href='#' onClick='toggleBox("stack-trace767904468", this, "Click to show all stack frames", "Click to hide stack frames")'>Click to show all stack frames</a>
<div class='stack-trace' id='stack-trace767904468'><pre>org.openqa.selenium.NoSuchElementException: Unable to find element with link text == Blouses (WARNING: The server did not provide any stacktrace information)
Command duration or timeout: 10.86 seconds
For documentation on this error, please visit: http://seleniumhq.org/exceptions/no_such_element.html
Build info: version: &apos;2.45.0&apos;, revision: &apos;5017cb8&apos;, time: &apos;2015-02-27 00:00:10&apos;
System info: host: &apos;Kris-PC&apos;, ip: &apos;192.168.56.1&apos;, os.name: &apos;Windows 7&apos;, os.arch: &apos;amd64&apos;, os.version: &apos;6.1&apos;, java.version: &apos;1.8.0_31&apos;
Driver info: org.openqa.selenium.ie.InternetExplorerDriver
Capabilities [{browserAttachTimeout=0, enablePersistentHover=true, ie.forceCreateProcessApi=false, ie.usePerProcessProxy=false, ignoreZoomSetting=false, handlesAlerts=true, version=11, platform=WINDOWS, nativeEvents=true, ie.ensureCleanSession=false, elementScrollBehavior=0, ie.browserCommandLineSwitches=, requireWindowFocus=false, browserName=internet explorer, initialBrowserUrl=http://localhost:19186/, takesScreenshot=true, javascriptEnabled=true, ignoreProtectedModeSettings=false, enableElementCacheCleanup=true, cssSelectorsEnabled=true, unexpectedAlertBehaviour=dismiss}]
Session ID: 579d26bd-5bfa-4360-8fb9-574556fc564c
*** Element info: {Using=link text, value=Blouses}
	at sun.reflect.NativeConstructorAccessorImpl.newInstance0(Native Method)
	at sun.reflect.NativeConstructorAccessorImpl.newInstance(Unknown Source)
	at sun.reflect.DelegatingConstructorAccessorImpl.newInstance(Unknown Source)
	at java.lang.reflect.Constructor.newInstance(Unknown Source)
	at org.openqa.selenium.remote.ErrorHandler.createThrowable(ErrorHandler.java:204)
	at org.openqa.selenium.remote.ErrorHandler.throwIfResponseFailed(ErrorHandler.java:156)
	at org.openqa.selenium.remote.RemoteWebDriver.execute(RemoteWebDriver.java:599)
	at org.openqa.selenium.remote.RemoteWebDriver.findElement(RemoteWebDriver.java:352)
	at org.openqa.selenium.remote.RemoteWebDriver.findElementByLinkText(RemoteWebDriver.java:401)
	at org.openqa.selenium.By$ByLinkText.findElement(By.java:242)
	at org.openqa.selenium.remote.RemoteWebDriver.findElement(RemoteWebDriver.java:344)
	at PageObjects.HomePage$Header.women(HomePage.java:161)
	at Tests.ValidateMainPageLinks.test10M(ValidateMainPageLinks.java:106)
	at sun.reflect.NativeMethodAccessorImpl.invoke0(Native Method)
	at sun.reflect.NativeMethodAccessorImpl.invoke(Unknown Source)
	at sun.reflect.DelegatingMethodAccessorImpl.invoke(Unknown Source)
	at java.lang.reflect.Method.invoke(Unknown Source)
	at org.testng.internal.MethodInvocationHelper.invokeMethod(MethodInvocationHelper.java:84)
	at org.testng.internal.Invoker.invokeMethod(Invoker.java:714)
	at org.testng.internal.Invoker.invokeTestMethod(Invoker.java:901)
	at org.testng.internal.Invoker.invokeTestMethods(Invoker.java:1231)
	at org.testng.internal.TestMethodWorker.invokeTestMethods(TestMethodWorker.java:127)
	at org.testng.internal.TestMethodWorker.run(TestMethodWorker.java:111)
	at org.testng.TestRunner.privateRun(TestRunner.java:767)
	at org.testng.TestRunner.run(TestRunner.java:617)
	at org.testng.SuiteRunner.runTest(SuiteRunner.java:334)
	at org.testng.SuiteRunner.runSequentially(SuiteRunner.java:329)
	at org.testng.SuiteRunner.privateRun(SuiteRunner.java:291)
	at org.testng.SuiteRunner.run(SuiteRunner.java:240)
	at org.testng.SuiteRunnerWorker.runSuite(SuiteRunnerWorker.java:52)
	at org.testng.SuiteRunnerWorker.run(SuiteRunnerWorker.java:86)
	at org.testng.TestNG.runSuitesSequentially(TestNG.java:1224)
	at org.testng.TestNG.runSuitesLocally(TestNG.java:1149)
	at org.testng.TestNG.run(TestNG.java:1057)
	at org.testng.remote.RemoteTestNG.run(RemoteTestNG.java:111)
	at org.testng.remote.RemoteTestNG.initAndRun(RemoteTestNG.java:204)
	at org.testng.remote.RemoteTestNG.main(RemoteTestNG.java:175)
</pre></div></td>
<td>11</td>
<td>Tests.ValidateMainPageLinks@66d33a</td></tr>
<tr>
<td title='Tests.ValidateMainPageLinks.test11M()'><b>test11M</b><br>Test class: Tests.ValidateMainPageLinks</td>
<td><div><pre>org.openqa.selenium.NoSuchElementException: Unable to find element with xpath == .//a[@title=&apos;Women&apos;] (WARNING: The server did not provide any stacktrace information)
Command duration or timeout: 10.08 seconds
For documentation on this error, please visit: http://seleniumhq.org/exceptions/no_such_element.html
Build info: version: &apos;2.45.0&apos;, revision: &apos;5017cb8&apos;, time: &apos;2015-02-27 00:00:10&apos;
System info: host: &apos;Kris-PC&apos;, ip: &apos;192.168.56.1&apos;, os.name: &apos;Windows 7&apos;, os.arch: &apos;amd64&apos;, os.version: &apos;6.1&apos;, java.version: &apos;1.8.0_31&apos;
Driver info: org.openqa.selenium.ie.InternetExplorerDriver
Capabilities [{browserAttachTimeout=0, enablePersistentHover=true, ie.forceCreateProcessApi=false, ie.usePerProcessProxy=false, ignoreZoomSetting=false, handlesAlerts=true, version=11, platform=WINDOWS, nativeEvents=true, ie.ensureCleanSession=false, elementScrollBehavior=0, ie.browserCommandLineSwitches=, requireWindowFocus=false, browserName=internet explorer, initialBrowserUrl=http://localhost:19186/, takesScreenshot=true, javascriptEnabled=true, ignoreProtectedModeSettings=false, enableElementCacheCleanup=true, cssSelectorsEnabled=true, unexpectedAlertBehaviour=dismiss}]
Session ID: 579d26bd-5bfa-4360-8fb9-574556fc564c
*** Element info: {Using=xpath, value=.//a[@title=&apos;Women&apos;]}
	at org.openqa.selenium.remote.ErrorHandler.createThrowable(ErrorHandler.java:204)
	at org.openqa.selenium.remote.ErrorHandler.throwIfResponseFailed(ErrorHandler.java:156)
	at org.openqa.selenium.remote.RemoteWebDriver.execute(RemoteWebDriver.java:599)
	at org.openqa.selenium.remote.RemoteWebDriver.findElement(RemoteWebDriver.java:352)
	at org.openqa.selenium.remote.RemoteWebDriver.findElementByXPath(RemoteWebDriver.java:449)
	at org.openqa.selenium.By$ByXPath.findElement(By.java:357)
	at org.openqa.selenium.remote.RemoteWebDriver.findElement(RemoteWebDriver.java:344)
	at PageObjects.HomePage$Header.women(HomePage.java:114)
	at PageObjects.HomePage$Header.women(HomePage.java:129)
	at Tests.ValidateMainPageLinks.test11M(ValidateMainPageLinks.java:114)
... Removed 28 stack frames</pre></div><a href='#' onClick='toggleBox("stack-trace120478350", this, "Click to show all stack frames", "Click to hide stack frames")'>Click to show all stack frames</a>
<div class='stack-trace' id='stack-trace120478350'><pre>org.openqa.selenium.NoSuchElementException: Unable to find element with xpath == .//a[@title=&apos;Women&apos;] (WARNING: The server did not provide any stacktrace information)
Command duration or timeout: 10.08 seconds
For documentation on this error, please visit: http://seleniumhq.org/exceptions/no_such_element.html
Build info: version: &apos;2.45.0&apos;, revision: &apos;5017cb8&apos;, time: &apos;2015-02-27 00:00:10&apos;
System info: host: &apos;Kris-PC&apos;, ip: &apos;192.168.56.1&apos;, os.name: &apos;Windows 7&apos;, os.arch: &apos;amd64&apos;, os.version: &apos;6.1&apos;, java.version: &apos;1.8.0_31&apos;
Driver info: org.openqa.selenium.ie.InternetExplorerDriver
Capabilities [{browserAttachTimeout=0, enablePersistentHover=true, ie.forceCreateProcessApi=false, ie.usePerProcessProxy=false, ignoreZoomSetting=false, handlesAlerts=true, version=11, platform=WINDOWS, nativeEvents=true, ie.ensureCleanSession=false, elementScrollBehavior=0, ie.browserCommandLineSwitches=, requireWindowFocus=false, browserName=internet explorer, initialBrowserUrl=http://localhost:19186/, takesScreenshot=true, javascriptEnabled=true, ignoreProtectedModeSettings=false, enableElementCacheCleanup=true, cssSelectorsEnabled=true, unexpectedAlertBehaviour=dismiss}]
Session ID: 579d26bd-5bfa-4360-8fb9-574556fc564c
*** Element info: {Using=xpath, value=.//a[@title=&apos;Women&apos;]}
	at sun.reflect.NativeConstructorAccessorImpl.newInstance0(Native Method)
	at sun.reflect.NativeConstructorAccessorImpl.newInstance(Unknown Source)
	at sun.reflect.DelegatingConstructorAccessorImpl.newInstance(Unknown Source)
	at java.lang.reflect.Constructor.newInstance(Unknown Source)
	at org.openqa.selenium.remote.ErrorHandler.createThrowable(ErrorHandler.java:204)
	at org.openqa.selenium.remote.ErrorHandler.throwIfResponseFailed(ErrorHandler.java:156)
	at org.openqa.selenium.remote.RemoteWebDriver.execute(RemoteWebDriver.java:599)
	at org.openqa.selenium.remote.RemoteWebDriver.findElement(RemoteWebDriver.java:352)
	at org.openqa.selenium.remote.RemoteWebDriver.findElementByXPath(RemoteWebDriver.java:449)
	at org.openqa.selenium.By$ByXPath.findElement(By.java:357)
	at org.openqa.selenium.remote.RemoteWebDriver.findElement(RemoteWebDriver.java:344)
	at PageObjects.HomePage$Header.women(HomePage.java:114)
	at PageObjects.HomePage$Header.women(HomePage.java:129)
	at Tests.ValidateMainPageLinks.test11M(ValidateMainPageLinks.java:114)
	at sun.reflect.NativeMethodAccessorImpl.invoke0(Native Method)
	at sun.reflect.NativeMethodAccessorImpl.invoke(Unknown Source)
	at sun.reflect.DelegatingMethodAccessorImpl.invoke(Unknown Source)
	at java.lang.reflect.Method.invoke(Unknown Source)
	at org.testng.internal.MethodInvocationHelper.invokeMethod(MethodInvocationHelper.java:84)
	at org.testng.internal.Invoker.invokeMethod(Invoker.java:714)
	at org.testng.internal.Invoker.invokeTestMethod(Invoker.java:901)
	at org.testng.internal.Invoker.invokeTestMethods(Invoker.java:1231)
	at org.testng.internal.TestMethodWorker.invokeTestMethods(TestMethodWorker.java:127)
	at org.testng.internal.TestMethodWorker.run(TestMethodWorker.java:111)
	at org.testng.TestRunner.privateRun(TestRunner.java:767)
	at org.testng.TestRunner.run(TestRunner.java:617)
	at org.testng.SuiteRunner.runTest(SuiteRunner.java:334)
	at org.testng.SuiteRunner.runSequentially(SuiteRunner.java:329)
	at org.testng.SuiteRunner.privateRun(SuiteRunner.java:291)
	at org.testng.SuiteRunner.run(SuiteRunner.java:240)
	at org.testng.SuiteRunnerWorker.runSuite(SuiteRunnerWorker.java:52)
	at org.testng.SuiteRunnerWorker.run(SuiteRunnerWorker.java:86)
	at org.testng.TestNG.runSuitesSequentially(TestNG.java:1224)
	at org.testng.TestNG.runSuitesLocally(TestNG.java:1149)
	at org.testng.TestNG.run(TestNG.java:1057)
	at org.testng.remote.RemoteTestNG.run(RemoteTestNG.java:111)
	at org.testng.remote.RemoteTestNG.initAndRun(RemoteTestNG.java:204)
	at org.testng.remote.RemoteTestNG.main(RemoteTestNG.java:175)
</pre></div></td>
<td>10</td>
<td>Tests.ValidateMainPageLinks@66d33a</td></tr>
<tr>
<td title='Tests.ValidateMainPageLinks.test12M()'><b>test12M</b><br>Test class: Tests.ValidateMainPageLinks</td>
<td><div><pre>org.openqa.selenium.InvalidSelectorException: The xpath expression &apos;.//a[@title=&apos;Women&apos;]&apos; cannot be evaluated or does notresult in a WebElement (WARNING: The server did not provide any stacktrace information)
Command duration or timeout: 9.64 seconds
For documentation on this error, please visit: http://seleniumhq.org/exceptions/invalid_selector_exception.html
Build info: version: &apos;2.45.0&apos;, revision: &apos;5017cb8&apos;, time: &apos;2015-02-27 00:00:10&apos;
System info: host: &apos;Kris-PC&apos;, ip: &apos;192.168.56.1&apos;, os.name: &apos;Windows 7&apos;, os.arch: &apos;amd64&apos;, os.version: &apos;6.1&apos;, java.version: &apos;1.8.0_31&apos;
Driver info: org.openqa.selenium.ie.InternetExplorerDriver
Capabilities [{browserAttachTimeout=0, enablePersistentHover=true, ie.forceCreateProcessApi=false, ie.usePerProcessProxy=false, ignoreZoomSetting=false, handlesAlerts=true, version=11, platform=WINDOWS, nativeEvents=true, ie.ensureCleanSession=false, elementScrollBehavior=0, ie.browserCommandLineSwitches=, requireWindowFocus=false, browserName=internet explorer, initialBrowserUrl=http://localhost:19186/, takesScreenshot=true, javascriptEnabled=true, ignoreProtectedModeSettings=false, enableElementCacheCleanup=true, cssSelectorsEnabled=true, unexpectedAlertBehaviour=dismiss}]
Session ID: 579d26bd-5bfa-4360-8fb9-574556fc564c
*** Element info: {Using=xpath, value=.//a[@title=&apos;Women&apos;]}
	at org.openqa.selenium.remote.ErrorHandler.createThrowable(ErrorHandler.java:204)
	at org.openqa.selenium.remote.ErrorHandler.throwIfResponseFailed(ErrorHandler.java:156)
	at org.openqa.selenium.remote.RemoteWebDriver.execute(RemoteWebDriver.java:599)
	at org.openqa.selenium.remote.RemoteWebDriver.findElement(RemoteWebDriver.java:352)
	at org.openqa.selenium.remote.RemoteWebDriver.findElementByXPath(RemoteWebDriver.java:449)
	at org.openqa.selenium.By$ByXPath.findElement(By.java:357)
	at org.openqa.selenium.remote.RemoteWebDriver.findElement(RemoteWebDriver.java:344)
	at PageObjects.HomePage$Header.women(HomePage.java:114)
	at PageObjects.HomePage$Header.women(HomePage.java:129)
	at Tests.ValidateMainPageLinks.test12M(ValidateMainPageLinks.java:122)
... Removed 28 stack frames</pre></div><a href='#' onClick='toggleBox("stack-trace1397381784", this, "Click to show all stack frames", "Click to hide stack frames")'>Click to show all stack frames</a>
<div class='stack-trace' id='stack-trace1397381784'><pre>org.openqa.selenium.InvalidSelectorException: The xpath expression &apos;.//a[@title=&apos;Women&apos;]&apos; cannot be evaluated or does notresult in a WebElement (WARNING: The server did not provide any stacktrace information)
Command duration or timeout: 9.64 seconds
For documentation on this error, please visit: http://seleniumhq.org/exceptions/invalid_selector_exception.html
Build info: version: &apos;2.45.0&apos;, revision: &apos;5017cb8&apos;, time: &apos;2015-02-27 00:00:10&apos;
System info: host: &apos;Kris-PC&apos;, ip: &apos;192.168.56.1&apos;, os.name: &apos;Windows 7&apos;, os.arch: &apos;amd64&apos;, os.version: &apos;6.1&apos;, java.version: &apos;1.8.0_31&apos;
Driver info: org.openqa.selenium.ie.InternetExplorerDriver
Capabilities [{browserAttachTimeout=0, enablePersistentHover=true, ie.forceCreateProcessApi=false, ie.usePerProcessProxy=false, ignoreZoomSetting=false, handlesAlerts=true, version=11, platform=WINDOWS, nativeEvents=true, ie.ensureCleanSession=false, elementScrollBehavior=0, ie.browserCommandLineSwitches=, requireWindowFocus=false, browserName=internet explorer, initialBrowserUrl=http://localhost:19186/, takesScreenshot=true, javascriptEnabled=true, ignoreProtectedModeSettings=false, enableElementCacheCleanup=true, cssSelectorsEnabled=true, unexpectedAlertBehaviour=dismiss}]
Session ID: 579d26bd-5bfa-4360-8fb9-574556fc564c
*** Element info: {Using=xpath, value=.//a[@title=&apos;Women&apos;]}
	at sun.reflect.NativeConstructorAccessorImpl.newInstance0(Native Method)
	at sun.reflect.NativeConstructorAccessorImpl.newInstance(Unknown Source)
	at sun.reflect.DelegatingConstructorAccessorImpl.newInstance(Unknown Source)
	at java.lang.reflect.Constructor.newInstance(Unknown Source)
	at org.openqa.selenium.remote.ErrorHandler.createThrowable(ErrorHandler.java:204)
	at org.openqa.selenium.remote.ErrorHandler.throwIfResponseFailed(ErrorHandler.java:156)
	at org.openqa.selenium.remote.RemoteWebDriver.execute(RemoteWebDriver.java:599)
	at org.openqa.selenium.remote.RemoteWebDriver.findElement(RemoteWebDriver.java:352)
	at org.openqa.selenium.remote.RemoteWebDriver.findElementByXPath(RemoteWebDriver.java:449)
	at org.openqa.selenium.By$ByXPath.findElement(By.java:357)
	at org.openqa.selenium.remote.RemoteWebDriver.findElement(RemoteWebDriver.java:344)
	at PageObjects.HomePage$Header.women(HomePage.java:114)
	at PageObjects.HomePage$Header.women(HomePage.java:129)
	at Tests.ValidateMainPageLinks.test12M(ValidateMainPageLinks.java:122)
	at sun.reflect.NativeMethodAccessorImpl.invoke0(Native Method)
	at sun.reflect.NativeMethodAccessorImpl.invoke(Unknown Source)
	at sun.reflect.DelegatingMethodAccessorImpl.invoke(Unknown Source)
	at java.lang.reflect.Method.invoke(Unknown Source)
	at org.testng.internal.MethodInvocationHelper.invokeMethod(MethodInvocationHelper.java:84)
	at org.testng.internal.Invoker.invokeMethod(Invoker.java:714)
	at org.testng.internal.Invoker.invokeTestMethod(Invoker.java:901)
	at org.testng.internal.Invoker.invokeTestMethods(Invoker.java:1231)
	at org.testng.internal.TestMethodWorker.invokeTestMethods(TestMethodWorker.java:127)
	at org.testng.internal.TestMethodWorker.run(TestMethodWorker.java:111)
	at org.testng.TestRunner.privateRun(TestRunner.java:767)
	at org.testng.TestRunner.run(TestRunner.java:617)
	at org.testng.SuiteRunner.runTest(SuiteRunner.java:334)
	at org.testng.SuiteRunner.runSequentially(SuiteRunner.java:329)
	at org.testng.SuiteRunner.privateRun(SuiteRunner.java:291)
	at org.testng.SuiteRunner.run(SuiteRunner.java:240)
	at org.testng.SuiteRunnerWorker.runSuite(SuiteRunnerWorker.java:52)
	at org.testng.SuiteRunnerWorker.run(SuiteRunnerWorker.java:86)
	at org.testng.TestNG.runSuitesSequentially(TestNG.java:1224)
	at org.testng.TestNG.runSuitesLocally(TestNG.java:1149)
	at org.testng.TestNG.run(TestNG.java:1057)
	at org.testng.remote.RemoteTestNG.run(RemoteTestNG.java:111)
	at org.testng.remote.RemoteTestNG.initAndRun(RemoteTestNG.java:204)
	at org.testng.remote.RemoteTestNG.main(RemoteTestNG.java:175)
</pre></div></td>
<td>9</td>
<td>Tests.ValidateMainPageLinks@66d33a</td></tr>
</table><p>
<table width='100%' border='1' class='invocation-skipped'>
<tr><td colspan='4' align='center'><b>SKIPPED TESTS</b></td></tr>
<tr><td><b>Test method</b></td>
<td width="30%"><b>Exception</b></td>
<td width="10%"><b>Time (seconds)</b></td>
<td><b>Instance</b></td>
</tr>
<tr>
<td title='Tests.ValidateMainPageLinks.test13M()'><b>test13M</b><br>Test class: Tests.ValidateMainPageLinks</td>
<td></td>
<td>0</td>
<td>Tests.ValidateMainPageLinks@66d33a</td></tr>
<tr>
<td title='Tests.ValidateMainPageLinks.test14M()'><b>test14M</b><br>Test class: Tests.ValidateMainPageLinks</td>
<td></td>
<td>0</td>
<td>Tests.ValidateMainPageLinks@66d33a</td></tr>
<tr>
<td title='Tests.ValidateMainPageLinks.test15M()'><b>test15M</b><br>Test class: Tests.ValidateMainPageLinks</td>
<td></td>
<td>0</td>
<td>Tests.ValidateMainPageLinks@66d33a</td></tr>
<tr>
<td title='Tests.ValidateMainPageLinks.test16M()'><b>test16M</b><br>Test class: Tests.ValidateMainPageLinks</td>
<td></td>
<td>0</td>
<td>Tests.ValidateMainPageLinks@66d33a</td></tr>
<tr>
<td title='Tests.ValidateMainPageLinks.test17M()'><b>test17M</b><br>Test class: Tests.ValidateMainPageLinks</td>
<td></td>
<td>0</td>
<td>Tests.ValidateMainPageLinks@66d33a</td></tr>
<tr>
<td title='Tests.ValidateMainPageLinks.test18M()'><b>test18M</b><br>Test class: Tests.ValidateMainPageLinks</td>
<td></td>
<td>0</td>
<td>Tests.ValidateMainPageLinks@66d33a</td></tr>
<tr>
<td title='Tests.ValidateMainPageLinks.test19M()'><b>test19M</b><br>Test class: Tests.ValidateMainPageLinks</td>
<td></td>
<td>0</td>
<td>Tests.ValidateMainPageLinks@66d33a</td></tr>
<tr>
<td title='Tests.ValidateMainPageLinks.test1M()'><b>test1M</b><br>Test class: Tests.ValidateMainPageLinks</td>
<td></td>
<td>0</td>
<td>Tests.ValidateMainPageLinks@66d33a</td></tr>
<tr>
<td title='Tests.ValidateMainPageLinks.test20M()'><b>test20M</b><br>Test class: Tests.ValidateMainPageLinks</td>
<td></td>
<td>0</td>
<td>Tests.ValidateMainPageLinks@66d33a</td></tr>
<tr>
<td title='Tests.ValidateMainPageLinks.test21M()'><b>test21M</b><br>Test class: Tests.ValidateMainPageLinks</td>
<td></td>
<td>0</td>
<td>Tests.ValidateMainPageLinks@66d33a</td></tr>
<tr>
<td title='Tests.ValidateMainPageLinks.test22M()'><b>test22M</b><br>Test class: Tests.ValidateMainPageLinks</td>
<td></td>
<td>0</td>
<td>Tests.ValidateMainPageLinks@66d33a</td></tr>
<tr>
<td title='Tests.ValidateMainPageLinks.test23M()'><b>test23M</b><br>Test class: Tests.ValidateMainPageLinks</td>
<td></td>
<td>0</td>
<td>Tests.ValidateMainPageLinks@66d33a</td></tr>
<tr>
<td title='Tests.ValidateMainPageLinks.test24M()'><b>test24M</b><br>Test class: Tests.ValidateMainPageLinks</td>
<td></td>
<td>0</td>
<td>Tests.ValidateMainPageLinks@66d33a</td></tr>
<tr>
<td title='Tests.ValidateMainPageLinks.test2M()'><b>test2M</b><br>Test class: Tests.ValidateMainPageLinks</td>
<td></td>
<td>0</td>
<td>Tests.ValidateMainPageLinks@66d33a</td></tr>
<tr>
<td title='Tests.ValidateMainPageLinks.test3M()'><b>test3M</b><br>Test class: Tests.ValidateMainPageLinks</td>
<td></td>
<td>0</td>
<td>Tests.ValidateMainPageLinks@66d33a</td></tr>
<tr>
<td title='Tests.ValidateMainPageLinks.test4M()'><b>test4M</b><br>Test class: Tests.ValidateMainPageLinks</td>
<td></td>
<td>0</td>
<td>Tests.ValidateMainPageLinks@66d33a</td></tr>
<tr>
<td title='Tests.ValidateMainPageLinks.test5M()'><b>test5M</b><br>Test class: Tests.ValidateMainPageLinks</td>
<td></td>
<td>0</td>
<td>Tests.ValidateMainPageLinks@66d33a</td></tr>
<tr>
<td title='Tests.ValidateMainPageLinks.test6M()'><b>test6M</b><br>Test class: Tests.ValidateMainPageLinks</td>
<td></td>
<td>0</td>
<td>Tests.ValidateMainPageLinks@66d33a</td></tr>
<tr>
<td title='Tests.ValidateMainPageLinks.test7M()'><b>test7M</b><br>Test class: Tests.ValidateMainPageLinks</td>
<td></td>
<td>0</td>
<td>Tests.ValidateMainPageLinks@66d33a</td></tr>
<tr>
<td title='Tests.ValidateMainPageLinks.test8M()'><b>test8M</b><br>Test class: Tests.ValidateMainPageLinks</td>
<td></td>
<td>0</td>
<td>Tests.ValidateMainPageLinks@66d33a</td></tr>
<tr>
<td title='Tests.ValidateMainPageLinks.test9M()'><b>test9M</b><br>Test class: Tests.ValidateMainPageLinks</td>
<td></td>
<td>0</td>
<td>Tests.ValidateMainPageLinks@66d33a</td></tr>
</table><p>
</body>
</html>