<?xml version="1.0" encoding="UTF-8"?>
<testng-results skipped="0" failed="6" total="48" passed="42">
  <reporter-output>
    <line>
      <![CDATA[header-Dresses link ok |]]>
    </line>
    <line>
      <![CDATA[header-Dresses link ok |]]>
    </line>
    <line>
      <![CDATA[header-Dresses-casual dresses link ok |]]>
    </line>
    <line>
      <![CDATA[header-Dresses-evening dresses link ok |]]>
    </line>
    <line>
      <![CDATA[header-Dresses-summer dresses link ok |]]>
    </line>
    <line>
      <![CDATA[header-T-shirts dresses link ok |]]>
    </line>
    <line>
      <![CDATA[Opened page My Store|]]>
    </line>
    <line>
      <![CDATA[Slider link ok |]]>
    </line>
    <line>
      <![CDATA[ContainerTop-contentTop link ok |]]>
    </line>
    <line>
      <![CDATA[ContainerTop-contentButton link ok |]]>
    </line>
    <line>
      <![CDATA[tab popular ok |]]>
    </line>
    <line>
      <![CDATA[tab bestsellers ok |]]>
    </line>
    <line>
      <![CDATA[Cont1 link ok |]]>
    </line>
    <line>
      <![CDATA[Cont2 link ok |]]>
    </line>
    <line>
      <![CDATA[Cont3 link ok |]]>
    </line>
    <line>
      <![CDATA[Cont4 link ok |]]>
    </line>
    <line>
      <![CDATA[Cont5 link ok |]]>
    </line>
    <line>
      <![CDATA[Contact us link ok |]]>
    </line>
    <line>
      <![CDATA[Facebook link ok |]]>
    </line>
    <line>
      <![CDATA[Twitter link ok |]]>
    </line>
    <line>
      <![CDATA[Youtube link ok |]]>
    </line>
    <line>
      <![CDATA[Google link ok |]]>
    </line>
    <line>
      <![CDATA[Footer-women link ok |]]>
    </line>
    <line>
      <![CDATA[Footer-specials link ok |]]>
    </line>
    <line>
      <![CDATA[Footer-New Products link ok |]]>
    </line>
    <line>
      <![CDATA[Footer-Best sales link ok |]]>
    </line>
    <line>
      <![CDATA[Footer - our stores link ok |]]>
    </line>
    <line>
      <![CDATA[Footer-contact us link ok |]]>
    </line>
    <line>
      <![CDATA[Login link ok |]]>
    </line>
    <line>
      <![CDATA[Footer-terms and conditions link ok |]]>
    </line>
    <line>
      <![CDATA[Footer-about link ok |]]>
    </line>
    <line>
      <![CDATA[Footer-site map link ok |]]>
    </line>
    <line>
      <![CDATA[Footer-myAccount map link ok |]]>
    </line>
    <line>
      <![CDATA[Footer-my credit slips link ok |]]>
    </line>
    <line>
      <![CDATA[Footer-my adresses link ok |]]>
    </line>
    <line>
      <![CDATA[Footer-my personal info link ok |]]>
    </line>
    <line>
      <![CDATA[logo link ok |]]>
    </line>
    <line>
      <![CDATA[cart link ok |]]>
    </line>
    <line>
      <![CDATA[search link ok |]]>
    </line>
    <line>
      <![CDATA[header-Women link ok |]]>
    </line>
    <line>
      <![CDATA[header-tops link ok |]]>
    </line>
    <line>
      <![CDATA[header-t-shirts link ok |]]>
    </line>
  </reporter-output>
  <suite name="Suite" duration-ms="150476" started-at="2015-05-16T19:13:10Z" finished-at="2015-05-16T19:15:41Z">
    <groups>
    </groups>
    <test name="ValidateLinksFF" duration-ms="150476" started-at="2015-05-16T19:13:10Z" finished-at="2015-05-16T19:15:41Z">
      <class name="Tests.ValidateMainPageLinks">
        <test-method status="PASS" signature="beforeTest(java.lang.String)[pri:0, instance:Tests.ValidateMainPageLinks@4cdbe50f]" name="beforeTest" is-config="true" duration-ms="3737" started-at="2015-05-16T20:13:10Z" finished-at="2015-05-16T20:13:14Z">
          <params>
            <param index="0">
              <value>
                <![CDATA[HUD]]>
              </value>
            </param>
          </params>
          <reporter-output>
          </reporter-output>
        </test-method> <!-- beforeTest -->
        <test-method status="FAIL" signature="test10M()[pri:0, instance:Tests.ValidateMainPageLinks@4cdbe50f]" name="test10M" duration-ms="382" started-at="2015-05-16T20:13:14Z" finished-at="2015-05-16T20:13:15Z">
          <exception class="java.lang.ClassCastException">
            <message>
              <![CDATA[org.openqa.selenium.htmlunit.HtmlUnitDriver cannot be cast to org.openqa.selenium.TakesScreenshot]]>
            </message>
            <full-stacktrace>
              <![CDATA[java.lang.ClassCastException: org.openqa.selenium.htmlunit.HtmlUnitDriver cannot be cast to org.openqa.selenium.TakesScreenshot
	at Utility.Camera.takePicture(Camera.java:18)
	at Tests.ValidateMainPageLinks.test10M(ValidateMainPageLinks.java:128)
	at sun.reflect.NativeMethodAccessorImpl.invoke0(Native Method)
	at sun.reflect.NativeMethodAccessorImpl.invoke(Unknown Source)
	at sun.reflect.DelegatingMethodAccessorImpl.invoke(Unknown Source)
	at java.lang.reflect.Method.invoke(Unknown Source)
	at org.testng.internal.MethodInvocationHelper.invokeMethod(MethodInvocationHelper.java:84)
	at org.testng.internal.Invoker.invokeMethod(Invoker.java:714)
	at org.testng.internal.Invoker.invokeTestMethod(Invoker.java:901)
	at org.testng.internal.Invoker.invokeTestMethods(Invoker.java:1231)
	at org.testng.internal.TestMethodWorker.invokeTestMethods(TestMethodWorker.java:127)
	at org.testng.internal.TestMethodWorker.run(TestMethodWorker.java:111)
	at org.testng.TestRunner.privateRun(TestRunner.java:767)
	at org.testng.TestRunner.run(TestRunner.java:617)
	at org.testng.SuiteRunner.runTest(SuiteRunner.java:334)
	at org.testng.SuiteRunner.runSequentially(SuiteRunner.java:329)
	at org.testng.SuiteRunner.privateRun(SuiteRunner.java:291)
	at org.testng.SuiteRunner.run(SuiteRunner.java:240)
	at org.testng.SuiteRunnerWorker.runSuite(SuiteRunnerWorker.java:52)
	at org.testng.SuiteRunnerWorker.run(SuiteRunnerWorker.java:86)
	at org.testng.TestNG.runSuitesSequentially(TestNG.java:1224)
	at org.testng.TestNG.runSuitesLocally(TestNG.java:1149)
	at org.testng.TestNG.run(TestNG.java:1057)
	at org.testng.remote.RemoteTestNG.run(RemoteTestNG.java:111)
	at org.testng.remote.RemoteTestNG.initAndRun(RemoteTestNG.java:204)
	at org.testng.remote.RemoteTestNG.main(RemoteTestNG.java:175)
]]>
            </full-stacktrace>
          </exception> <!-- java.lang.ClassCastException -->
          <reporter-output>
          </reporter-output>
        </test-method> <!-- test10M -->
        <test-method status="PASS" signature="beforeMethod()[pri:0, instance:Tests.ValidateMainPageLinks@4cdbe50f]" name="beforeMethod" is-config="true" duration-ms="0" started-at="2015-05-16T20:13:14Z" finished-at="2015-05-16T20:13:14Z">
          <reporter-output>
          </reporter-output>
        </test-method> <!-- beforeMethod -->
        <test-method status="PASS" signature="afterMethod()[pri:0, instance:Tests.ValidateMainPageLinks@4cdbe50f]" name="afterMethod" is-config="true" duration-ms="1290" started-at="2015-05-16T20:13:15Z" finished-at="2015-05-16T20:13:16Z">
          <reporter-output>
          </reporter-output>
        </test-method> <!-- afterMethod -->
        <test-method status="PASS" signature="test11M()[pri:0, instance:Tests.ValidateMainPageLinks@4cdbe50f]" name="test11M" duration-ms="1344" started-at="2015-05-16T20:13:16Z" finished-at="2015-05-16T20:13:17Z">
          <reporter-output>
            <line>
              <![CDATA[header-Dresses link ok |]]>
            </line>
          </reporter-output>
        </test-method> <!-- test11M -->
        <test-method status="PASS" signature="beforeMethod()[pri:0, instance:Tests.ValidateMainPageLinks@4cdbe50f]" name="beforeMethod" is-config="true" duration-ms="0" started-at="2015-05-16T20:13:16Z" finished-at="2015-05-16T20:13:16Z">
          <reporter-output>
          </reporter-output>
        </test-method> <!-- beforeMethod -->
        <test-method status="PASS" signature="afterMethod()[pri:0, instance:Tests.ValidateMainPageLinks@4cdbe50f]" name="afterMethod" is-config="true" duration-ms="1268" started-at="2015-05-16T20:13:17Z" finished-at="2015-05-16T20:13:19Z">
          <reporter-output>
          </reporter-output>
        </test-method> <!-- afterMethod -->
        <test-method status="FAIL" signature="test12M()[pri:0, instance:Tests.ValidateMainPageLinks@4cdbe50f]" name="test12M" duration-ms="260" started-at="2015-05-16T20:13:19Z" finished-at="2015-05-16T20:13:19Z">
          <exception class="java.lang.ClassCastException">
            <message>
              <![CDATA[org.openqa.selenium.htmlunit.HtmlUnitDriver cannot be cast to org.openqa.selenium.TakesScreenshot]]>
            </message>
            <full-stacktrace>
              <![CDATA[java.lang.ClassCastException: org.openqa.selenium.htmlunit.HtmlUnitDriver cannot be cast to org.openqa.selenium.TakesScreenshot
	at Utility.Camera.takePicture(Camera.java:18)
	at PageObjects.HomePage$Header.women(HomePage.java:187)
	at Tests.ValidateMainPageLinks.test12M(ValidateMainPageLinks.java:149)
	at sun.reflect.NativeMethodAccessorImpl.invoke0(Native Method)
	at sun.reflect.NativeMethodAccessorImpl.invoke(Unknown Source)
	at sun.reflect.DelegatingMethodAccessorImpl.invoke(Unknown Source)
	at java.lang.reflect.Method.invoke(Unknown Source)
	at org.testng.internal.MethodInvocationHelper.invokeMethod(MethodInvocationHelper.java:84)
	at org.testng.internal.Invoker.invokeMethod(Invoker.java:714)
	at org.testng.internal.Invoker.invokeTestMethod(Invoker.java:901)
	at org.testng.internal.Invoker.invokeTestMethods(Invoker.java:1231)
	at org.testng.internal.TestMethodWorker.invokeTestMethods(TestMethodWorker.java:127)
	at org.testng.internal.TestMethodWorker.run(TestMethodWorker.java:111)
	at org.testng.TestRunner.privateRun(TestRunner.java:767)
	at org.testng.TestRunner.run(TestRunner.java:617)
	at org.testng.SuiteRunner.runTest(SuiteRunner.java:334)
	at org.testng.SuiteRunner.runSequentially(SuiteRunner.java:329)
	at org.testng.SuiteRunner.privateRun(SuiteRunner.java:291)
	at org.testng.SuiteRunner.run(SuiteRunner.java:240)
	at org.testng.SuiteRunnerWorker.runSuite(SuiteRunnerWorker.java:52)
	at org.testng.SuiteRunnerWorker.run(SuiteRunnerWorker.java:86)
	at org.testng.TestNG.runSuitesSequentially(TestNG.java:1224)
	at org.testng.TestNG.runSuitesLocally(TestNG.java:1149)
	at org.testng.TestNG.run(TestNG.java:1057)
	at org.testng.remote.RemoteTestNG.run(RemoteTestNG.java:111)
	at org.testng.remote.RemoteTestNG.initAndRun(RemoteTestNG.java:204)
	at org.testng.remote.RemoteTestNG.main(RemoteTestNG.java:175)
]]>
            </full-stacktrace>
          </exception> <!-- java.lang.ClassCastException -->
          <reporter-output>
          </reporter-output>
        </test-method> <!-- test12M -->
        <test-method status="PASS" signature="beforeMethod()[pri:0, instance:Tests.ValidateMainPageLinks@4cdbe50f]" name="beforeMethod" is-config="true" duration-ms="0" started-at="2015-05-16T20:13:19Z" finished-at="2015-05-16T20:13:19Z">
          <reporter-output>
          </reporter-output>
        </test-method> <!-- beforeMethod -->
        <test-method status="PASS" signature="afterMethod()[pri:0, instance:Tests.ValidateMainPageLinks@4cdbe50f]" name="afterMethod" is-config="true" duration-ms="1167" started-at="2015-05-16T20:13:19Z" finished-at="2015-05-16T20:13:20Z">
          <reporter-output>
          </reporter-output>
        </test-method> <!-- afterMethod -->
        <test-method status="PASS" signature="beforeMethod()[pri:0, instance:Tests.ValidateMainPageLinks@4cdbe50f]" name="beforeMethod" is-config="true" duration-ms="0" started-at="2015-05-16T20:13:20Z" finished-at="2015-05-16T20:13:20Z">
          <reporter-output>
          </reporter-output>
        </test-method> <!-- beforeMethod -->
        <test-method status="FAIL" signature="test13M()[pri:0, instance:Tests.ValidateMainPageLinks@4cdbe50f]" name="test13M" duration-ms="200" started-at="2015-05-16T20:13:20Z" finished-at="2015-05-16T20:13:20Z">
          <exception class="java.lang.ClassCastException">
            <message>
              <![CDATA[org.openqa.selenium.htmlunit.HtmlUnitDriver cannot be cast to org.openqa.selenium.TakesScreenshot]]>
            </message>
            <full-stacktrace>
              <![CDATA[java.lang.ClassCastException: org.openqa.selenium.htmlunit.HtmlUnitDriver cannot be cast to org.openqa.selenium.TakesScreenshot
	at Utility.Camera.takePicture(Camera.java:18)
	at PageObjects.HomePage$Header.women(HomePage.java:199)
	at Tests.ValidateMainPageLinks.test13M(ValidateMainPageLinks.java:160)
	at sun.reflect.NativeMethodAccessorImpl.invoke0(Native Method)
	at sun.reflect.NativeMethodAccessorImpl.invoke(Unknown Source)
	at sun.reflect.DelegatingMethodAccessorImpl.invoke(Unknown Source)
	at java.lang.reflect.Method.invoke(Unknown Source)
	at org.testng.internal.MethodInvocationHelper.invokeMethod(MethodInvocationHelper.java:84)
	at org.testng.internal.Invoker.invokeMethod(Invoker.java:714)
	at org.testng.internal.Invoker.invokeTestMethod(Invoker.java:901)
	at org.testng.internal.Invoker.invokeTestMethods(Invoker.java:1231)
	at org.testng.internal.TestMethodWorker.invokeTestMethods(TestMethodWorker.java:127)
	at org.testng.internal.TestMethodWorker.run(TestMethodWorker.java:111)
	at org.testng.TestRunner.privateRun(TestRunner.java:767)
	at org.testng.TestRunner.run(TestRunner.java:617)
	at org.testng.SuiteRunner.runTest(SuiteRunner.java:334)
	at org.testng.SuiteRunner.runSequentially(SuiteRunner.java:329)
	at org.testng.SuiteRunner.privateRun(SuiteRunner.java:291)
	at org.testng.SuiteRunner.run(SuiteRunner.java:240)
	at org.testng.SuiteRunnerWorker.runSuite(SuiteRunnerWorker.java:52)
	at org.testng.SuiteRunnerWorker.run(SuiteRunnerWorker.java:86)
	at org.testng.TestNG.runSuitesSequentially(TestNG.java:1224)
	at org.testng.TestNG.runSuitesLocally(TestNG.java:1149)
	at org.testng.TestNG.run(TestNG.java:1057)
	at org.testng.remote.RemoteTestNG.run(RemoteTestNG.java:111)
	at org.testng.remote.RemoteTestNG.initAndRun(RemoteTestNG.java:204)
	at org.testng.remote.RemoteTestNG.main(RemoteTestNG.java:175)
]]>
            </full-stacktrace>
          </exception> <!-- java.lang.ClassCastException -->
          <reporter-output>
          </reporter-output>
        </test-method> <!-- test13M -->
        <test-method status="PASS" signature="afterMethod()[pri:0, instance:Tests.ValidateMainPageLinks@4cdbe50f]" name="afterMethod" is-config="true" duration-ms="1180" started-at="2015-05-16T20:13:20Z" finished-at="2015-05-16T20:13:21Z">
          <reporter-output>
          </reporter-output>
        </test-method> <!-- afterMethod -->
        <test-method status="PASS" signature="beforeMethod()[pri:0, instance:Tests.ValidateMainPageLinks@4cdbe50f]" name="beforeMethod" is-config="true" duration-ms="0" started-at="2015-05-16T20:13:21Z" finished-at="2015-05-16T20:13:21Z">
          <reporter-output>
          </reporter-output>
        </test-method> <!-- beforeMethod -->
        <test-method status="FAIL" signature="test14M()[pri:0, instance:Tests.ValidateMainPageLinks@4cdbe50f]" name="test14M" duration-ms="208" started-at="2015-05-16T20:13:21Z" finished-at="2015-05-16T20:13:22Z">
          <exception class="java.lang.ClassCastException">
            <message>
              <![CDATA[org.openqa.selenium.htmlunit.HtmlUnitDriver cannot be cast to org.openqa.selenium.TakesScreenshot]]>
            </message>
            <full-stacktrace>
              <![CDATA[java.lang.ClassCastException: org.openqa.selenium.htmlunit.HtmlUnitDriver cannot be cast to org.openqa.selenium.TakesScreenshot
	at Utility.Camera.takePicture(Camera.java:18)
	at PageObjects.HomePage$Header.women(HomePage.java:211)
	at Tests.ValidateMainPageLinks.test14M(ValidateMainPageLinks.java:171)
	at sun.reflect.NativeMethodAccessorImpl.invoke0(Native Method)
	at sun.reflect.NativeMethodAccessorImpl.invoke(Unknown Source)
	at sun.reflect.DelegatingMethodAccessorImpl.invoke(Unknown Source)
	at java.lang.reflect.Method.invoke(Unknown Source)
	at org.testng.internal.MethodInvocationHelper.invokeMethod(MethodInvocationHelper.java:84)
	at org.testng.internal.Invoker.invokeMethod(Invoker.java:714)
	at org.testng.internal.Invoker.invokeTestMethod(Invoker.java:901)
	at org.testng.internal.Invoker.invokeTestMethods(Invoker.java:1231)
	at org.testng.internal.TestMethodWorker.invokeTestMethods(TestMethodWorker.java:127)
	at org.testng.internal.TestMethodWorker.run(TestMethodWorker.java:111)
	at org.testng.TestRunner.privateRun(TestRunner.java:767)
	at org.testng.TestRunner.run(TestRunner.java:617)
	at org.testng.SuiteRunner.runTest(SuiteRunner.java:334)
	at org.testng.SuiteRunner.runSequentially(SuiteRunner.java:329)
	at org.testng.SuiteRunner.privateRun(SuiteRunner.java:291)
	at org.testng.SuiteRunner.run(SuiteRunner.java:240)
	at org.testng.SuiteRunnerWorker.runSuite(SuiteRunnerWorker.java:52)
	at org.testng.SuiteRunnerWorker.run(SuiteRunnerWorker.java:86)
	at org.testng.TestNG.runSuitesSequentially(TestNG.java:1224)
	at org.testng.TestNG.runSuitesLocally(TestNG.java:1149)
	at org.testng.TestNG.run(TestNG.java:1057)
	at org.testng.remote.RemoteTestNG.run(RemoteTestNG.java:111)
	at org.testng.remote.RemoteTestNG.initAndRun(RemoteTestNG.java:204)
	at org.testng.remote.RemoteTestNG.main(RemoteTestNG.java:175)
]]>
            </full-stacktrace>
          </exception> <!-- java.lang.ClassCastException -->
          <reporter-output>
          </reporter-output>
        </test-method> <!-- test14M -->
        <test-method status="PASS" signature="afterMethod()[pri:0, instance:Tests.ValidateMainPageLinks@4cdbe50f]" name="afterMethod" is-config="true" duration-ms="1160" started-at="2015-05-16T20:13:22Z" finished-at="2015-05-16T20:13:23Z">
          <reporter-output>
          </reporter-output>
        </test-method> <!-- afterMethod -->
        <test-method status="PASS" signature="beforeMethod()[pri:0, instance:Tests.ValidateMainPageLinks@4cdbe50f]" name="beforeMethod" is-config="true" duration-ms="0" started-at="2015-05-16T20:13:23Z" finished-at="2015-05-16T20:13:23Z">
          <reporter-output>
          </reporter-output>
        </test-method> <!-- beforeMethod -->
        <test-method status="PASS" signature="test15M()[pri:0, instance:Tests.ValidateMainPageLinks@4cdbe50f]" name="test15M" duration-ms="1177" started-at="2015-05-16T20:13:23Z" finished-at="2015-05-16T20:13:24Z">
          <reporter-output>
            <line>
              <![CDATA[header-Dresses link ok |]]>
            </line>
          </reporter-output>
        </test-method> <!-- test15M -->
        <test-method status="PASS" signature="afterMethod()[pri:0, instance:Tests.ValidateMainPageLinks@4cdbe50f]" name="afterMethod" is-config="true" duration-ms="1133" started-at="2015-05-16T20:13:24Z" finished-at="2015-05-16T20:13:25Z">
          <reporter-output>
          </reporter-output>
        </test-method> <!-- afterMethod -->
        <test-method status="PASS" signature="test16M()[pri:0, instance:Tests.ValidateMainPageLinks@4cdbe50f]" name="test16M" duration-ms="1327" started-at="2015-05-16T20:13:25Z" finished-at="2015-05-16T20:13:26Z">
          <reporter-output>
            <line>
              <![CDATA[header-Dresses-casual dresses link ok |]]>
            </line>
          </reporter-output>
        </test-method> <!-- test16M -->
        <test-method status="PASS" signature="beforeMethod()[pri:0, instance:Tests.ValidateMainPageLinks@4cdbe50f]" name="beforeMethod" is-config="true" duration-ms="0" started-at="2015-05-16T20:13:25Z" finished-at="2015-05-16T20:13:25Z">
          <reporter-output>
          </reporter-output>
        </test-method> <!-- beforeMethod -->
        <test-method status="PASS" signature="afterMethod()[pri:0, instance:Tests.ValidateMainPageLinks@4cdbe50f]" name="afterMethod" is-config="true" duration-ms="1578" started-at="2015-05-16T20:13:26Z" finished-at="2015-05-16T20:13:28Z">
          <reporter-output>
          </reporter-output>
        </test-method> <!-- afterMethod -->
        <test-method status="PASS" signature="test17M()[pri:0, instance:Tests.ValidateMainPageLinks@4cdbe50f]" name="test17M" duration-ms="1270" started-at="2015-05-16T20:13:28Z" finished-at="2015-05-16T20:13:29Z">
          <reporter-output>
            <line>
              <![CDATA[header-Dresses-evening dresses link ok |]]>
            </line>
          </reporter-output>
        </test-method> <!-- test17M -->
        <test-method status="PASS" signature="beforeMethod()[pri:0, instance:Tests.ValidateMainPageLinks@4cdbe50f]" name="beforeMethod" is-config="true" duration-ms="0" started-at="2015-05-16T20:13:28Z" finished-at="2015-05-16T20:13:28Z">
          <reporter-output>
          </reporter-output>
        </test-method> <!-- beforeMethod -->
        <test-method status="PASS" signature="afterMethod()[pri:0, instance:Tests.ValidateMainPageLinks@4cdbe50f]" name="afterMethod" is-config="true" duration-ms="1545" started-at="2015-05-16T20:13:29Z" finished-at="2015-05-16T20:13:31Z">
          <reporter-output>
          </reporter-output>
        </test-method> <!-- afterMethod -->
        <test-method status="PASS" signature="beforeMethod()[pri:0, instance:Tests.ValidateMainPageLinks@4cdbe50f]" name="beforeMethod" is-config="true" duration-ms="0" started-at="2015-05-16T20:13:31Z" finished-at="2015-05-16T20:13:31Z">
          <reporter-output>
          </reporter-output>
        </test-method> <!-- beforeMethod -->
        <test-method status="PASS" signature="test18M()[pri:0, instance:Tests.ValidateMainPageLinks@4cdbe50f]" name="test18M" duration-ms="2835" started-at="2015-05-16T20:13:31Z" finished-at="2015-05-16T20:13:34Z">
          <reporter-output>
            <line>
              <![CDATA[header-Dresses-summer dresses link ok |]]>
            </line>
          </reporter-output>
        </test-method> <!-- test18M -->
        <test-method status="PASS" signature="afterMethod()[pri:0, instance:Tests.ValidateMainPageLinks@4cdbe50f]" name="afterMethod" is-config="true" duration-ms="2002" started-at="2015-05-16T20:13:34Z" finished-at="2015-05-16T20:13:36Z">
          <reporter-output>
          </reporter-output>
        </test-method> <!-- afterMethod -->
        <test-method status="PASS" signature="beforeMethod()[pri:0, instance:Tests.ValidateMainPageLinks@4cdbe50f]" name="beforeMethod" is-config="true" duration-ms="0" started-at="2015-05-16T20:13:36Z" finished-at="2015-05-16T20:13:36Z">
          <reporter-output>
          </reporter-output>
        </test-method> <!-- beforeMethod -->
        <test-method status="PASS" signature="test19M()[pri:0, instance:Tests.ValidateMainPageLinks@4cdbe50f]" name="test19M" duration-ms="1173" started-at="2015-05-16T20:13:36Z" finished-at="2015-05-16T20:13:37Z">
          <reporter-output>
            <line>
              <![CDATA[header-T-shirts dresses link ok |]]>
            </line>
          </reporter-output>
        </test-method> <!-- test19M -->
        <test-method status="PASS" signature="afterMethod()[pri:0, instance:Tests.ValidateMainPageLinks@4cdbe50f]" name="afterMethod" is-config="true" duration-ms="1357" started-at="2015-05-16T20:13:37Z" finished-at="2015-05-16T20:13:38Z">
          <reporter-output>
          </reporter-output>
        </test-method> <!-- afterMethod -->
        <test-method status="PASS" signature="afterMethod()[pri:0, instance:Tests.ValidateMainPageLinks@4cdbe50f]" name="afterMethod" is-config="true" duration-ms="2008" started-at="2015-05-16T20:13:38Z" finished-at="2015-05-16T20:13:40Z">
          <reporter-output>
          </reporter-output>
        </test-method> <!-- afterMethod -->
        <test-method status="PASS" signature="test1M()[pri:0, instance:Tests.ValidateMainPageLinks@4cdbe50f]" name="test1M" duration-ms="0" started-at="2015-05-16T20:13:38Z" finished-at="2015-05-16T20:13:38Z">
          <reporter-output>
            <line>
              <![CDATA[Opened page My Store|]]>
            </line>
          </reporter-output>
        </test-method> <!-- test1M -->
        <test-method status="PASS" signature="beforeMethod()[pri:0, instance:Tests.ValidateMainPageLinks@4cdbe50f]" name="beforeMethod" is-config="true" duration-ms="0" started-at="2015-05-16T20:13:38Z" finished-at="2015-05-16T20:13:38Z">
          <reporter-output>
          </reporter-output>
        </test-method> <!-- beforeMethod -->
        <test-method status="PASS" signature="beforeMethod()[pri:0, instance:Tests.ValidateMainPageLinks@4cdbe50f]" name="beforeMethod" is-config="true" duration-ms="0" started-at="2015-05-16T20:13:40Z" finished-at="2015-05-16T20:13:40Z">
          <reporter-output>
          </reporter-output>
        </test-method> <!-- beforeMethod -->
        <test-method status="FAIL" signature="test1S()[pri:0, instance:Tests.ValidateMainPageLinks@4cdbe50f]" name="test1S" duration-ms="11172" started-at="2015-05-16T20:13:40Z" finished-at="2015-05-16T20:13:51Z">
          <exception class="org.openqa.selenium.TimeoutException">
            <message>
              <![CDATA[Timed out after 10 seconds waiting for Tests.ValidateMainPageLinks$1@73db4768
Build info: version: '2.45.0', revision: '5017cb8', time: '2015-02-27 00:00:10'
System info: host: 'Kris-PC', ip: '192.168.37.1', os.name: 'Windows 7', os.arch: 'amd64', os.version: '6.1', java.version: '1.8.0_31'
Driver info: driver.version: unknown]]>
            </message>
            <full-stacktrace>
              <![CDATA[org.openqa.selenium.TimeoutException: Timed out after 10 seconds waiting for Tests.ValidateMainPageLinks$1@73db4768
Build info: version: '2.45.0', revision: '5017cb8', time: '2015-02-27 00:00:10'
System info: host: 'Kris-PC', ip: '192.168.37.1', os.name: 'Windows 7', os.arch: 'amd64', os.version: '6.1', java.version: '1.8.0_31'
Driver info: driver.version: unknown
	at org.openqa.selenium.support.ui.FluentWait.timeoutException(FluentWait.java:259)
	at org.openqa.selenium.support.ui.FluentWait.until(FluentWait.java:228)
	at org.openqa.selenium.support.ui.FluentWait.until(FluentWait.java:175)
	at Tests.ValidateMainPageLinks.test1S(ValidateMainPageLinks.java:558)
	at sun.reflect.NativeMethodAccessorImpl.invoke0(Native Method)
	at sun.reflect.NativeMethodAccessorImpl.invoke(Unknown Source)
	at sun.reflect.DelegatingMethodAccessorImpl.invoke(Unknown Source)
	at java.lang.reflect.Method.invoke(Unknown Source)
	at org.testng.internal.MethodInvocationHelper.invokeMethod(MethodInvocationHelper.java:84)
	at org.testng.internal.Invoker.invokeMethod(Invoker.java:714)
	at org.testng.internal.Invoker.invokeTestMethod(Invoker.java:901)
	at org.testng.internal.Invoker.invokeTestMethods(Invoker.java:1231)
	at org.testng.internal.TestMethodWorker.invokeTestMethods(TestMethodWorker.java:127)
	at org.testng.internal.TestMethodWorker.run(TestMethodWorker.java:111)
	at org.testng.TestRunner.privateRun(TestRunner.java:767)
	at org.testng.TestRunner.run(TestRunner.java:617)
	at org.testng.SuiteRunner.runTest(SuiteRunner.java:334)
	at org.testng.SuiteRunner.runSequentially(SuiteRunner.java:329)
	at org.testng.SuiteRunner.privateRun(SuiteRunner.java:291)
	at org.testng.SuiteRunner.run(SuiteRunner.java:240)
	at org.testng.SuiteRunnerWorker.runSuite(SuiteRunnerWorker.java:52)
	at org.testng.SuiteRunnerWorker.run(SuiteRunnerWorker.java:86)
	at org.testng.TestNG.runSuitesSequentially(TestNG.java:1224)
	at org.testng.TestNG.runSuitesLocally(TestNG.java:1149)
	at org.testng.TestNG.run(TestNG.java:1057)
	at org.testng.remote.RemoteTestNG.run(RemoteTestNG.java:111)
	at org.testng.remote.RemoteTestNG.initAndRun(RemoteTestNG.java:204)
	at org.testng.remote.RemoteTestNG.main(RemoteTestNG.java:175)
Caused by: org.openqa.selenium.NoSuchElementException: Unable to locate a node using //*[@id='homeslider']/li[4]/a/img
For documentation on this error, please visit: http://seleniumhq.org/exceptions/no_such_element.html
Build info: version: '2.45.0', revision: '5017cb8', time: '2015-02-27 00:00:10'
System info: host: 'Kris-PC', ip: '192.168.37.1', os.name: 'Windows 7', os.arch: 'amd64', os.version: '6.1', java.version: '1.8.0_31'
Driver info: driver.version: HtmlUnitDriver
	at org.openqa.selenium.htmlunit.HtmlUnitDriver.findElementByXPath(HtmlUnitDriver.java:1103)
	at org.openqa.selenium.By$ByXPath.findElement(By.java:357)
	at org.openqa.selenium.htmlunit.HtmlUnitDriver$5.call(HtmlUnitDriver.java:1648)
	at org.openqa.selenium.htmlunit.HtmlUnitDriver$5.call(HtmlUnitDriver.java:1)
	at org.openqa.selenium.htmlunit.HtmlUnitDriver.implicitlyWaitFor(HtmlUnitDriver.java:1302)
	at org.openqa.selenium.htmlunit.HtmlUnitDriver.findElement(HtmlUnitDriver.java:1644)
	at org.openqa.selenium.htmlunit.HtmlUnitDriver.findElement(HtmlUnitDriver.java:550)
	at Tests.ValidateMainPageLinks$1.apply(ValidateMainPageLinks.java:542)
	at Tests.ValidateMainPageLinks$1.apply(ValidateMainPageLinks.java:1)
	at org.openqa.selenium.support.ui.FluentWait$1.apply(FluentWait.java:177)
	at org.openqa.selenium.support.ui.FluentWait$1.apply(FluentWait.java:1)
	at org.openqa.selenium.support.ui.FluentWait.until(FluentWait.java:208)
	... 26 more
]]>
            </full-stacktrace>
          </exception> <!-- org.openqa.selenium.TimeoutException -->
          <reporter-output>
          </reporter-output>
        </test-method> <!-- test1S -->
        <test-method status="PASS" signature="afterMethod()[pri:0, instance:Tests.ValidateMainPageLinks@4cdbe50f]" name="afterMethod" is-config="true" duration-ms="1338" started-at="2015-05-16T20:13:51Z" finished-at="2015-05-16T20:13:53Z">
          <reporter-output>
          </reporter-output>
        </test-method> <!-- afterMethod -->
        <test-method status="PASS" signature="test20M()[pri:0, instance:Tests.ValidateMainPageLinks@4cdbe50f]" name="test20M" duration-ms="1137" started-at="2015-05-16T20:13:53Z" finished-at="2015-05-16T20:13:54Z">
          <reporter-output>
            <line>
              <![CDATA[Slider link ok |]]>
            </line>
          </reporter-output>
        </test-method> <!-- test20M -->
        <test-method status="PASS" signature="beforeMethod()[pri:0, instance:Tests.ValidateMainPageLinks@4cdbe50f]" name="beforeMethod" is-config="true" duration-ms="0" started-at="2015-05-16T20:13:53Z" finished-at="2015-05-16T20:13:53Z">
          <reporter-output>
          </reporter-output>
        </test-method> <!-- beforeMethod -->
        <test-method status="PASS" signature="afterMethod()[pri:0, instance:Tests.ValidateMainPageLinks@4cdbe50f]" name="afterMethod" is-config="true" duration-ms="1108" started-at="2015-05-16T20:13:54Z" finished-at="2015-05-16T20:13:55Z">
          <reporter-output>
          </reporter-output>
        </test-method> <!-- afterMethod -->
        <test-method status="PASS" signature="beforeMethod()[pri:0, instance:Tests.ValidateMainPageLinks@4cdbe50f]" name="beforeMethod" is-config="true" duration-ms="0" started-at="2015-05-16T20:13:55Z" finished-at="2015-05-16T20:13:55Z">
          <reporter-output>
          </reporter-output>
        </test-method> <!-- beforeMethod -->
        <test-method status="PASS" signature="test21M()[pri:0, instance:Tests.ValidateMainPageLinks@4cdbe50f]" name="test21M" duration-ms="270" started-at="2015-05-16T20:13:55Z" finished-at="2015-05-16T20:13:55Z">
          <reporter-output>
            <line>
              <![CDATA[ContainerTop-contentTop link ok |]]>
            </line>
          </reporter-output>
        </test-method> <!-- test21M -->
        <test-method status="PASS" signature="afterMethod()[pri:0, instance:Tests.ValidateMainPageLinks@4cdbe50f]" name="afterMethod" is-config="true" duration-ms="1190" started-at="2015-05-16T20:13:55Z" finished-at="2015-05-16T20:13:56Z">
          <reporter-output>
          </reporter-output>
        </test-method> <!-- afterMethod -->
        <test-method status="PASS" signature="test22M()[pri:0, instance:Tests.ValidateMainPageLinks@4cdbe50f]" name="test22M" duration-ms="195" started-at="2015-05-16T20:13:56Z" finished-at="2015-05-16T20:13:57Z">
          <reporter-output>
            <line>
              <![CDATA[ContainerTop-contentButton link ok |]]>
            </line>
          </reporter-output>
        </test-method> <!-- test22M -->
        <test-method status="PASS" signature="beforeMethod()[pri:0, instance:Tests.ValidateMainPageLinks@4cdbe50f]" name="beforeMethod" is-config="true" duration-ms="0" started-at="2015-05-16T20:13:56Z" finished-at="2015-05-16T20:13:56Z">
          <reporter-output>
          </reporter-output>
        </test-method> <!-- beforeMethod -->
        <test-method status="PASS" signature="afterMethod()[pri:0, instance:Tests.ValidateMainPageLinks@4cdbe50f]" name="afterMethod" is-config="true" duration-ms="1180" started-at="2015-05-16T20:13:57Z" finished-at="2015-05-16T20:13:58Z">
          <reporter-output>
          </reporter-output>
        </test-method> <!-- afterMethod -->
        <test-method status="PASS" signature="beforeMethod()[pri:0, instance:Tests.ValidateMainPageLinks@4cdbe50f]" name="beforeMethod" is-config="true" duration-ms="2" started-at="2015-05-16T20:13:58Z" finished-at="2015-05-16T20:13:58Z">
          <reporter-output>
          </reporter-output>
        </test-method> <!-- beforeMethod -->
        <test-method status="PASS" signature="test23M()[pri:0, instance:Tests.ValidateMainPageLinks@4cdbe50f]" name="test23M" duration-ms="13" started-at="2015-05-16T20:13:58Z" finished-at="2015-05-16T20:13:58Z">
          <reporter-output>
            <line>
              <![CDATA[tab popular ok |]]>
            </line>
          </reporter-output>
        </test-method> <!-- test23M -->
        <test-method status="PASS" signature="afterMethod()[pri:0, instance:Tests.ValidateMainPageLinks@4cdbe50f]" name="afterMethod" is-config="true" duration-ms="1100" started-at="2015-05-16T20:13:58Z" finished-at="2015-05-16T20:13:59Z">
          <reporter-output>
          </reporter-output>
        </test-method> <!-- afterMethod -->
        <test-method status="PASS" signature="test24M()[pri:0, instance:Tests.ValidateMainPageLinks@4cdbe50f]" name="test24M" duration-ms="10" started-at="2015-05-16T20:13:59Z" finished-at="2015-05-16T20:13:59Z">
          <reporter-output>
            <line>
              <![CDATA[tab bestsellers ok |]]>
            </line>
          </reporter-output>
        </test-method> <!-- test24M -->
        <test-method status="PASS" signature="beforeMethod()[pri:0, instance:Tests.ValidateMainPageLinks@4cdbe50f]" name="beforeMethod" is-config="true" duration-ms="0" started-at="2015-05-16T20:13:59Z" finished-at="2015-05-16T20:13:59Z">
          <reporter-output>
          </reporter-output>
        </test-method> <!-- beforeMethod -->
        <test-method status="PASS" signature="afterMethod()[pri:0, instance:Tests.ValidateMainPageLinks@4cdbe50f]" name="afterMethod" is-config="true" duration-ms="1117" started-at="2015-05-16T20:13:59Z" finished-at="2015-05-16T20:14:00Z">
          <reporter-output>
          </reporter-output>
        </test-method> <!-- afterMethod -->
        <test-method status="PASS" signature="test25M()[pri:0, instance:Tests.ValidateMainPageLinks@4cdbe50f]" name="test25M" duration-ms="280" started-at="2015-05-16T20:14:00Z" finished-at="2015-05-16T20:14:00Z">
          <reporter-output>
            <line>
              <![CDATA[Cont1 link ok |]]>
            </line>
          </reporter-output>
        </test-method> <!-- test25M -->
        <test-method status="PASS" signature="beforeMethod()[pri:0, instance:Tests.ValidateMainPageLinks@4cdbe50f]" name="beforeMethod" is-config="true" duration-ms="0" started-at="2015-05-16T20:14:00Z" finished-at="2015-05-16T20:14:00Z">
          <reporter-output>
          </reporter-output>
        </test-method> <!-- beforeMethod -->
        <test-method status="PASS" signature="afterMethod()[pri:0, instance:Tests.ValidateMainPageLinks@4cdbe50f]" name="afterMethod" is-config="true" duration-ms="3353" started-at="2015-05-16T20:14:00Z" finished-at="2015-05-16T20:14:04Z">
          <reporter-output>
          </reporter-output>
        </test-method> <!-- afterMethod -->
        <test-method status="PASS" signature="test26M()[pri:0, instance:Tests.ValidateMainPageLinks@4cdbe50f]" name="test26M" duration-ms="242" started-at="2015-05-16T20:14:04Z" finished-at="2015-05-16T20:14:04Z">
          <reporter-output>
            <line>
              <![CDATA[Cont2 link ok |]]>
            </line>
          </reporter-output>
        </test-method> <!-- test26M -->
        <test-method status="PASS" signature="beforeMethod()[pri:0, instance:Tests.ValidateMainPageLinks@4cdbe50f]" name="beforeMethod" is-config="true" duration-ms="0" started-at="2015-05-16T20:14:04Z" finished-at="2015-05-16T20:14:04Z">
          <reporter-output>
          </reporter-output>
        </test-method> <!-- beforeMethod -->
        <test-method status="PASS" signature="afterMethod()[pri:0, instance:Tests.ValidateMainPageLinks@4cdbe50f]" name="afterMethod" is-config="true" duration-ms="2720" started-at="2015-05-16T20:14:04Z" finished-at="2015-05-16T20:14:07Z">
          <reporter-output>
          </reporter-output>
        </test-method> <!-- afterMethod -->
        <test-method status="PASS" signature="test27M()[pri:0, instance:Tests.ValidateMainPageLinks@4cdbe50f]" name="test27M" duration-ms="290" started-at="2015-05-16T20:14:07Z" finished-at="2015-05-16T20:14:07Z">
          <reporter-output>
            <line>
              <![CDATA[Cont3 link ok |]]>
            </line>
          </reporter-output>
        </test-method> <!-- test27M -->
        <test-method status="PASS" signature="beforeMethod()[pri:0, instance:Tests.ValidateMainPageLinks@4cdbe50f]" name="beforeMethod" is-config="true" duration-ms="0" started-at="2015-05-16T20:14:07Z" finished-at="2015-05-16T20:14:07Z">
          <reporter-output>
          </reporter-output>
        </test-method> <!-- beforeMethod -->
        <test-method status="PASS" signature="afterMethod()[pri:0, instance:Tests.ValidateMainPageLinks@4cdbe50f]" name="afterMethod" is-config="true" duration-ms="1693" started-at="2015-05-16T20:14:07Z" finished-at="2015-05-16T20:14:09Z">
          <reporter-output>
          </reporter-output>
        </test-method> <!-- afterMethod -->
        <test-method status="PASS" signature="beforeMethod()[pri:0, instance:Tests.ValidateMainPageLinks@4cdbe50f]" name="beforeMethod" is-config="true" duration-ms="0" started-at="2015-05-16T20:14:09Z" finished-at="2015-05-16T20:14:09Z">
          <reporter-output>
          </reporter-output>
        </test-method> <!-- beforeMethod -->
        <test-method status="PASS" signature="test28M()[pri:0, instance:Tests.ValidateMainPageLinks@4cdbe50f]" name="test28M" duration-ms="260" started-at="2015-05-16T20:14:09Z" finished-at="2015-05-16T20:14:09Z">
          <reporter-output>
            <line>
              <![CDATA[Cont4 link ok |]]>
            </line>
          </reporter-output>
        </test-method> <!-- test28M -->
        <test-method status="PASS" signature="afterMethod()[pri:0, instance:Tests.ValidateMainPageLinks@4cdbe50f]" name="afterMethod" is-config="true" duration-ms="1867" started-at="2015-05-16T20:14:09Z" finished-at="2015-05-16T20:14:11Z">
          <reporter-output>
          </reporter-output>
        </test-method> <!-- afterMethod -->
        <test-method status="PASS" signature="test29M()[pri:0, instance:Tests.ValidateMainPageLinks@4cdbe50f]" name="test29M" duration-ms="250" started-at="2015-05-16T20:14:11Z" finished-at="2015-05-16T20:14:11Z">
          <reporter-output>
            <line>
              <![CDATA[Cont5 link ok |]]>
            </line>
          </reporter-output>
        </test-method> <!-- test29M -->
        <test-method status="PASS" signature="beforeMethod()[pri:0, instance:Tests.ValidateMainPageLinks@4cdbe50f]" name="beforeMethod" is-config="true" duration-ms="0" started-at="2015-05-16T20:14:11Z" finished-at="2015-05-16T20:14:11Z">
          <reporter-output>
          </reporter-output>
        </test-method> <!-- beforeMethod -->
        <test-method status="PASS" signature="afterMethod()[pri:0, instance:Tests.ValidateMainPageLinks@4cdbe50f]" name="afterMethod" is-config="true" duration-ms="1253" started-at="2015-05-16T20:14:11Z" finished-at="2015-05-16T20:14:12Z">
          <reporter-output>
          </reporter-output>
        </test-method> <!-- afterMethod -->
        <test-method status="PASS" signature="beforeMethod()[pri:0, instance:Tests.ValidateMainPageLinks@4cdbe50f]" name="beforeMethod" is-config="true" duration-ms="10" started-at="2015-05-16T20:14:12Z" finished-at="2015-05-16T20:14:12Z">
          <reporter-output>
          </reporter-output>
        </test-method> <!-- beforeMethod -->
        <test-method status="PASS" signature="test2M()[pri:0, instance:Tests.ValidateMainPageLinks@4cdbe50f]" name="test2M" duration-ms="6244" started-at="2015-05-16T20:14:12Z" finished-at="2015-05-16T20:14:18Z">
          <reporter-output>
            <line>
              <![CDATA[Contact us link ok |]]>
            </line>
          </reporter-output>
        </test-method> <!-- test2M -->
        <test-method status="PASS" signature="afterMethod()[pri:0, instance:Tests.ValidateMainPageLinks@4cdbe50f]" name="afterMethod" is-config="true" duration-ms="1250" started-at="2015-05-16T20:14:18Z" finished-at="2015-05-16T20:14:20Z">
          <reporter-output>
          </reporter-output>
        </test-method> <!-- afterMethod -->
        <test-method status="FAIL" signature="test2S()[pri:0, instance:Tests.ValidateMainPageLinks@4cdbe50f]" name="test2S" duration-ms="218" started-at="2015-05-16T20:14:20Z" finished-at="2015-05-16T20:14:20Z">
          <exception class="java.lang.ClassCastException">
            <message>
              <![CDATA[org.openqa.selenium.htmlunit.HtmlUnitDriver cannot be cast to org.openqa.selenium.TakesScreenshot]]>
            </message>
            <full-stacktrace>
              <![CDATA[java.lang.ClassCastException: org.openqa.selenium.htmlunit.HtmlUnitDriver cannot be cast to org.openqa.selenium.TakesScreenshot
	at Utility.Camera.takePicture(Camera.java:18)
	at PageObjects.HomePage$ContainerTop.sliderNext(HomePage.java:348)
	at Tests.ValidateMainPageLinks.test2S(ValidateMainPageLinks.java:592)
	at sun.reflect.NativeMethodAccessorImpl.invoke0(Native Method)
	at sun.reflect.NativeMethodAccessorImpl.invoke(Unknown Source)
	at sun.reflect.DelegatingMethodAccessorImpl.invoke(Unknown Source)
	at java.lang.reflect.Method.invoke(Unknown Source)
	at org.testng.internal.MethodInvocationHelper.invokeMethod(MethodInvocationHelper.java:84)
	at org.testng.internal.Invoker.invokeMethod(Invoker.java:714)
	at org.testng.internal.Invoker.invokeTestMethod(Invoker.java:901)
	at org.testng.internal.Invoker.invokeTestMethods(Invoker.java:1231)
	at org.testng.internal.TestMethodWorker.invokeTestMethods(TestMethodWorker.java:127)
	at org.testng.internal.TestMethodWorker.run(TestMethodWorker.java:111)
	at org.testng.TestRunner.privateRun(TestRunner.java:767)
	at org.testng.TestRunner.run(TestRunner.java:617)
	at org.testng.SuiteRunner.runTest(SuiteRunner.java:334)
	at org.testng.SuiteRunner.runSequentially(SuiteRunner.java:329)
	at org.testng.SuiteRunner.privateRun(SuiteRunner.java:291)
	at org.testng.SuiteRunner.run(SuiteRunner.java:240)
	at org.testng.SuiteRunnerWorker.runSuite(SuiteRunnerWorker.java:52)
	at org.testng.SuiteRunnerWorker.run(SuiteRunnerWorker.java:86)
	at org.testng.TestNG.runSuitesSequentially(TestNG.java:1224)
	at org.testng.TestNG.runSuitesLocally(TestNG.java:1149)
	at org.testng.TestNG.run(TestNG.java:1057)
	at org.testng.remote.RemoteTestNG.run(RemoteTestNG.java:111)
	at org.testng.remote.RemoteTestNG.initAndRun(RemoteTestNG.java:204)
	at org.testng.remote.RemoteTestNG.main(RemoteTestNG.java:175)
]]>
            </full-stacktrace>
          </exception> <!-- java.lang.ClassCastException -->
          <reporter-output>
          </reporter-output>
        </test-method> <!-- test2S -->
        <test-method status="PASS" signature="beforeMethod()[pri:0, instance:Tests.ValidateMainPageLinks@4cdbe50f]" name="beforeMethod" is-config="true" duration-ms="0" started-at="2015-05-16T20:14:20Z" finished-at="2015-05-16T20:14:20Z">
          <reporter-output>
          </reporter-output>
        </test-method> <!-- beforeMethod -->
        <test-method status="PASS" signature="afterMethod()[pri:0, instance:Tests.ValidateMainPageLinks@4cdbe50f]" name="afterMethod" is-config="true" duration-ms="1100" started-at="2015-05-16T20:14:20Z" finished-at="2015-05-16T20:14:21Z">
          <reporter-output>
          </reporter-output>
        </test-method> <!-- afterMethod -->
        <test-method status="PASS" signature="beforeMethod()[pri:0, instance:Tests.ValidateMainPageLinks@4cdbe50f]" name="beforeMethod" is-config="true" duration-ms="0" started-at="2015-05-16T20:14:21Z" finished-at="2015-05-16T20:14:21Z">
          <reporter-output>
          </reporter-output>
        </test-method> <!-- beforeMethod -->
        <test-method status="PASS" signature="test30M()[pri:0, instance:Tests.ValidateMainPageLinks@4cdbe50f]" name="test30M" duration-ms="710" started-at="2015-05-16T20:14:21Z" finished-at="2015-05-16T20:14:22Z">
          <reporter-output>
            <line>
              <![CDATA[Facebook link ok |]]>
            </line>
          </reporter-output>
        </test-method> <!-- test30M -->
        <test-method status="PASS" signature="afterMethod()[pri:0, instance:Tests.ValidateMainPageLinks@4cdbe50f]" name="afterMethod" is-config="true" duration-ms="1860" started-at="2015-05-16T20:14:22Z" finished-at="2015-05-16T20:14:24Z">
          <reporter-output>
          </reporter-output>
        </test-method> <!-- afterMethod -->
        <test-method status="PASS" signature="test31M()[pri:0, instance:Tests.ValidateMainPageLinks@4cdbe50f]" name="test31M" duration-ms="687" started-at="2015-05-16T20:14:24Z" finished-at="2015-05-16T20:14:24Z">
          <reporter-output>
            <line>
              <![CDATA[Twitter link ok |]]>
            </line>
          </reporter-output>
        </test-method> <!-- test31M -->
        <test-method status="PASS" signature="beforeMethod()[pri:0, instance:Tests.ValidateMainPageLinks@4cdbe50f]" name="beforeMethod" is-config="true" duration-ms="0" started-at="2015-05-16T20:14:24Z" finished-at="2015-05-16T20:14:24Z">
          <reporter-output>
          </reporter-output>
        </test-method> <!-- beforeMethod -->
        <test-method status="PASS" signature="afterMethod()[pri:0, instance:Tests.ValidateMainPageLinks@4cdbe50f]" name="afterMethod" is-config="true" duration-ms="2438" started-at="2015-05-16T20:14:24Z" finished-at="2015-05-16T20:14:27Z">
          <reporter-output>
          </reporter-output>
        </test-method> <!-- afterMethod -->
        <test-method status="PASS" signature="beforeMethod()[pri:0, instance:Tests.ValidateMainPageLinks@4cdbe50f]" name="beforeMethod" is-config="true" duration-ms="0" started-at="2015-05-16T20:14:27Z" finished-at="2015-05-16T20:14:27Z">
          <reporter-output>
          </reporter-output>
        </test-method> <!-- beforeMethod -->
        <test-method status="PASS" signature="test32M()[pri:0, instance:Tests.ValidateMainPageLinks@4cdbe50f]" name="test32M" duration-ms="430" started-at="2015-05-16T20:14:27Z" finished-at="2015-05-16T20:14:27Z">
          <reporter-output>
            <line>
              <![CDATA[Youtube link ok |]]>
            </line>
          </reporter-output>
        </test-method> <!-- test32M -->
        <test-method status="PASS" signature="afterMethod()[pri:0, instance:Tests.ValidateMainPageLinks@4cdbe50f]" name="afterMethod" is-config="true" duration-ms="2615" started-at="2015-05-16T20:14:27Z" finished-at="2015-05-16T20:14:30Z">
          <reporter-output>
          </reporter-output>
        </test-method> <!-- afterMethod -->
        <test-method status="PASS" signature="beforeMethod()[pri:0, instance:Tests.ValidateMainPageLinks@4cdbe50f]" name="beforeMethod" is-config="true" duration-ms="0" started-at="2015-05-16T20:14:30Z" finished-at="2015-05-16T20:14:30Z">
          <reporter-output>
          </reporter-output>
        </test-method> <!-- beforeMethod -->
        <test-method status="PASS" signature="test33M()[pri:0, instance:Tests.ValidateMainPageLinks@4cdbe50f]" name="test33M" duration-ms="987" started-at="2015-05-16T20:14:30Z" finished-at="2015-05-16T20:14:31Z">
          <reporter-output>
            <line>
              <![CDATA[Google link ok |]]>
            </line>
          </reporter-output>
        </test-method> <!-- test33M -->
        <test-method status="PASS" signature="afterMethod()[pri:0, instance:Tests.ValidateMainPageLinks@4cdbe50f]" name="afterMethod" is-config="true" duration-ms="1928" started-at="2015-05-16T20:14:31Z" finished-at="2015-05-16T20:14:33Z">
          <reporter-output>
          </reporter-output>
        </test-method> <!-- afterMethod -->
        <test-method status="PASS" signature="beforeMethod()[pri:0, instance:Tests.ValidateMainPageLinks@4cdbe50f]" name="beforeMethod" is-config="true" duration-ms="0" started-at="2015-05-16T20:14:33Z" finished-at="2015-05-16T20:14:33Z">
          <reporter-output>
          </reporter-output>
        </test-method> <!-- beforeMethod -->
        <test-method status="PASS" signature="test34M()[pri:0, instance:Tests.ValidateMainPageLinks@4cdbe50f]" name="test34M" duration-ms="2785" started-at="2015-05-16T20:14:33Z" finished-at="2015-05-16T20:14:35Z">
          <reporter-output>
            <line>
              <![CDATA[Footer-women link ok |]]>
            </line>
          </reporter-output>
        </test-method> <!-- test34M -->
        <test-method status="PASS" signature="afterMethod()[pri:0, instance:Tests.ValidateMainPageLinks@4cdbe50f]" name="afterMethod" is-config="true" duration-ms="1500" started-at="2015-05-16T20:14:35Z" finished-at="2015-05-16T20:14:37Z">
          <reporter-output>
          </reporter-output>
        </test-method> <!-- afterMethod -->
        <test-method status="PASS" signature="beforeMethod()[pri:0, instance:Tests.ValidateMainPageLinks@4cdbe50f]" name="beforeMethod" is-config="true" duration-ms="0" started-at="2015-05-16T20:14:37Z" finished-at="2015-05-16T20:14:37Z">
          <reporter-output>
          </reporter-output>
        </test-method> <!-- beforeMethod -->
        <test-method status="PASS" signature="test35M()[pri:0, instance:Tests.ValidateMainPageLinks@4cdbe50f]" name="test35M" duration-ms="1430" started-at="2015-05-16T20:14:37Z" finished-at="2015-05-16T20:14:38Z">
          <reporter-output>
            <line>
              <![CDATA[Footer-specials link ok |]]>
            </line>
          </reporter-output>
        </test-method> <!-- test35M -->
        <test-method status="PASS" signature="afterMethod()[pri:0, instance:Tests.ValidateMainPageLinks@4cdbe50f]" name="afterMethod" is-config="true" duration-ms="1637" started-at="2015-05-16T20:14:38Z" finished-at="2015-05-16T20:14:40Z">
          <reporter-output>
          </reporter-output>
        </test-method> <!-- afterMethod -->
        <test-method status="PASS" signature="test36M()[pri:0, instance:Tests.ValidateMainPageLinks@4cdbe50f]" name="test36M" duration-ms="988" started-at="2015-05-16T20:14:40Z" finished-at="2015-05-16T20:14:41Z">
          <reporter-output>
            <line>
              <![CDATA[Footer-New Products link ok |]]>
            </line>
          </reporter-output>
        </test-method> <!-- test36M -->
        <test-method status="PASS" signature="beforeMethod()[pri:0, instance:Tests.ValidateMainPageLinks@4cdbe50f]" name="beforeMethod" is-config="true" duration-ms="0" started-at="2015-05-16T20:14:40Z" finished-at="2015-05-16T20:14:40Z">
          <reporter-output>
          </reporter-output>
        </test-method> <!-- beforeMethod -->
        <test-method status="PASS" signature="afterMethod()[pri:0, instance:Tests.ValidateMainPageLinks@4cdbe50f]" name="afterMethod" is-config="true" duration-ms="1345" started-at="2015-05-16T20:14:41Z" finished-at="2015-05-16T20:14:42Z">
          <reporter-output>
          </reporter-output>
        </test-method> <!-- afterMethod -->
        <test-method status="PASS" signature="test37M()[pri:0, instance:Tests.ValidateMainPageLinks@4cdbe50f]" name="test37M" duration-ms="1407" started-at="2015-05-16T20:14:42Z" finished-at="2015-05-16T20:14:44Z">
          <reporter-output>
            <line>
              <![CDATA[Footer-Best sales link ok |]]>
            </line>
          </reporter-output>
        </test-method> <!-- test37M -->
        <test-method status="PASS" signature="beforeMethod()[pri:0, instance:Tests.ValidateMainPageLinks@4cdbe50f]" name="beforeMethod" is-config="true" duration-ms="0" started-at="2015-05-16T20:14:42Z" finished-at="2015-05-16T20:14:42Z">
          <reporter-output>
          </reporter-output>
        </test-method> <!-- beforeMethod -->
        <test-method status="PASS" signature="afterMethod()[pri:0, instance:Tests.ValidateMainPageLinks@4cdbe50f]" name="afterMethod" is-config="true" duration-ms="1898" started-at="2015-05-16T20:14:44Z" finished-at="2015-05-16T20:14:46Z">
          <reporter-output>
          </reporter-output>
        </test-method> <!-- afterMethod -->
        <test-method status="PASS" signature="test38M()[pri:0, instance:Tests.ValidateMainPageLinks@4cdbe50f]" name="test38M" duration-ms="1357" started-at="2015-05-16T20:14:46Z" finished-at="2015-05-16T20:14:47Z">
          <reporter-output>
            <line>
              <![CDATA[Footer - our stores link ok |]]>
            </line>
          </reporter-output>
        </test-method> <!-- test38M -->
        <test-method status="PASS" signature="beforeMethod()[pri:0, instance:Tests.ValidateMainPageLinks@4cdbe50f]" name="beforeMethod" is-config="true" duration-ms="0" started-at="2015-05-16T20:14:46Z" finished-at="2015-05-16T20:14:46Z">
          <reporter-output>
          </reporter-output>
        </test-method> <!-- beforeMethod -->
        <test-method status="PASS" signature="afterMethod()[pri:0, instance:Tests.ValidateMainPageLinks@4cdbe50f]" name="afterMethod" is-config="true" duration-ms="1808" started-at="2015-05-16T20:14:47Z" finished-at="2015-05-16T20:14:49Z">
          <reporter-output>
          </reporter-output>
        </test-method> <!-- afterMethod -->
        <test-method status="PASS" signature="test39M()[pri:0, instance:Tests.ValidateMainPageLinks@4cdbe50f]" name="test39M" duration-ms="910" started-at="2015-05-16T20:14:49Z" finished-at="2015-05-16T20:14:50Z">
          <reporter-output>
            <line>
              <![CDATA[Footer-contact us link ok |]]>
            </line>
          </reporter-output>
        </test-method> <!-- test39M -->
        <test-method status="PASS" signature="beforeMethod()[pri:0, instance:Tests.ValidateMainPageLinks@4cdbe50f]" name="beforeMethod" is-config="true" duration-ms="0" started-at="2015-05-16T20:14:49Z" finished-at="2015-05-16T20:14:49Z">
          <reporter-output>
          </reporter-output>
        </test-method> <!-- beforeMethod -->
        <test-method status="PASS" signature="afterMethod()[pri:0, instance:Tests.ValidateMainPageLinks@4cdbe50f]" name="afterMethod" is-config="true" duration-ms="1535" started-at="2015-05-16T20:14:50Z" finished-at="2015-05-16T20:14:51Z">
          <reporter-output>
          </reporter-output>
        </test-method> <!-- afterMethod -->
        <test-method status="PASS" signature="test3M()[pri:0, instance:Tests.ValidateMainPageLinks@4cdbe50f]" name="test3M" duration-ms="1557" started-at="2015-05-16T20:14:51Z" finished-at="2015-05-16T20:14:53Z">
          <reporter-output>
            <line>
              <![CDATA[Login link ok |]]>
            </line>
          </reporter-output>
        </test-method> <!-- test3M -->
        <test-method status="PASS" signature="beforeMethod()[pri:0, instance:Tests.ValidateMainPageLinks@4cdbe50f]" name="beforeMethod" is-config="true" duration-ms="0" started-at="2015-05-16T20:14:51Z" finished-at="2015-05-16T20:14:51Z">
          <reporter-output>
          </reporter-output>
        </test-method> <!-- beforeMethod -->
        <test-method status="PASS" signature="afterMethod()[pri:0, instance:Tests.ValidateMainPageLinks@4cdbe50f]" name="afterMethod" is-config="true" duration-ms="1820" started-at="2015-05-16T20:14:53Z" finished-at="2015-05-16T20:14:55Z">
          <reporter-output>
          </reporter-output>
        </test-method> <!-- afterMethod -->
        <test-method status="PASS" signature="test40M()[pri:0, instance:Tests.ValidateMainPageLinks@4cdbe50f]" name="test40M" duration-ms="1250" started-at="2015-05-16T20:14:55Z" finished-at="2015-05-16T20:14:56Z">
          <reporter-output>
            <line>
              <![CDATA[Footer-terms and conditions link ok |]]>
            </line>
          </reporter-output>
        </test-method> <!-- test40M -->
        <test-method status="PASS" signature="beforeMethod()[pri:0, instance:Tests.ValidateMainPageLinks@4cdbe50f]" name="beforeMethod" is-config="true" duration-ms="0" started-at="2015-05-16T20:14:55Z" finished-at="2015-05-16T20:14:55Z">
          <reporter-output>
          </reporter-output>
        </test-method> <!-- beforeMethod -->
        <test-method status="PASS" signature="afterMethod()[pri:0, instance:Tests.ValidateMainPageLinks@4cdbe50f]" name="afterMethod" is-config="true" duration-ms="2068" started-at="2015-05-16T20:14:56Z" finished-at="2015-05-16T20:14:58Z">
          <reporter-output>
          </reporter-output>
        </test-method> <!-- afterMethod -->
        <test-method status="PASS" signature="test41M()[pri:0, instance:Tests.ValidateMainPageLinks@4cdbe50f]" name="test41M" duration-ms="2160" started-at="2015-05-16T20:14:58Z" finished-at="2015-05-16T20:15:00Z">
          <reporter-output>
            <line>
              <![CDATA[Footer-about link ok |]]>
            </line>
          </reporter-output>
        </test-method> <!-- test41M -->
        <test-method status="PASS" signature="beforeMethod()[pri:0, instance:Tests.ValidateMainPageLinks@4cdbe50f]" name="beforeMethod" is-config="true" duration-ms="0" started-at="2015-05-16T20:14:58Z" finished-at="2015-05-16T20:14:58Z">
          <reporter-output>
          </reporter-output>
        </test-method> <!-- beforeMethod -->
        <test-method status="PASS" signature="afterMethod()[pri:0, instance:Tests.ValidateMainPageLinks@4cdbe50f]" name="afterMethod" is-config="true" duration-ms="1677" started-at="2015-05-16T20:15:00Z" finished-at="2015-05-16T20:15:02Z">
          <reporter-output>
          </reporter-output>
        </test-method> <!-- afterMethod -->
        <test-method status="PASS" signature="test42M()[pri:0, instance:Tests.ValidateMainPageLinks@4cdbe50f]" name="test42M" duration-ms="1613" started-at="2015-05-16T20:15:02Z" finished-at="2015-05-16T20:15:03Z">
          <reporter-output>
            <line>
              <![CDATA[Footer-site map link ok |]]>
            </line>
          </reporter-output>
        </test-method> <!-- test42M -->
        <test-method status="PASS" signature="beforeMethod()[pri:0, instance:Tests.ValidateMainPageLinks@4cdbe50f]" name="beforeMethod" is-config="true" duration-ms="0" started-at="2015-05-16T20:15:02Z" finished-at="2015-05-16T20:15:02Z">
          <reporter-output>
          </reporter-output>
        </test-method> <!-- beforeMethod -->
        <test-method status="PASS" signature="afterMethod()[pri:0, instance:Tests.ValidateMainPageLinks@4cdbe50f]" name="afterMethod" is-config="true" duration-ms="2952" started-at="2015-05-16T20:15:03Z" finished-at="2015-05-16T20:15:06Z">
          <reporter-output>
          </reporter-output>
        </test-method> <!-- afterMethod -->
        <test-method status="PASS" signature="test43M()[pri:0, instance:Tests.ValidateMainPageLinks@4cdbe50f]" name="test43M" duration-ms="3895" started-at="2015-05-16T20:15:06Z" finished-at="2015-05-16T20:15:10Z">
          <reporter-output>
            <line>
              <![CDATA[Footer-myAccount map link ok |]]>
            </line>
          </reporter-output>
        </test-method> <!-- test43M -->
        <test-method status="PASS" signature="beforeMethod()[pri:0, instance:Tests.ValidateMainPageLinks@4cdbe50f]" name="beforeMethod" is-config="true" duration-ms="0" started-at="2015-05-16T20:15:06Z" finished-at="2015-05-16T20:15:06Z">
          <reporter-output>
          </reporter-output>
        </test-method> <!-- beforeMethod -->
        <test-method status="PASS" signature="afterMethod()[pri:0, instance:Tests.ValidateMainPageLinks@4cdbe50f]" name="afterMethod" is-config="true" duration-ms="2095" started-at="2015-05-16T20:15:10Z" finished-at="2015-05-16T20:15:12Z">
          <reporter-output>
          </reporter-output>
        </test-method> <!-- afterMethod -->
        <test-method status="PASS" signature="test45M()[pri:0, instance:Tests.ValidateMainPageLinks@4cdbe50f]" name="test45M" duration-ms="1895" started-at="2015-05-16T20:15:12Z" finished-at="2015-05-16T20:15:14Z">
          <reporter-output>
            <line>
              <![CDATA[Footer-my credit slips link ok |]]>
            </line>
          </reporter-output>
        </test-method> <!-- test45M -->
        <test-method status="PASS" signature="beforeMethod()[pri:0, instance:Tests.ValidateMainPageLinks@4cdbe50f]" name="beforeMethod" is-config="true" duration-ms="0" started-at="2015-05-16T20:15:12Z" finished-at="2015-05-16T20:15:12Z">
          <reporter-output>
          </reporter-output>
        </test-method> <!-- beforeMethod -->
        <test-method status="PASS" signature="afterMethod()[pri:0, instance:Tests.ValidateMainPageLinks@4cdbe50f]" name="afterMethod" is-config="true" duration-ms="1458" started-at="2015-05-16T20:15:14Z" finished-at="2015-05-16T20:15:16Z">
          <reporter-output>
          </reporter-output>
        </test-method> <!-- afterMethod -->
        <test-method status="PASS" signature="test46M()[pri:0, instance:Tests.ValidateMainPageLinks@4cdbe50f]" name="test46M" duration-ms="1738" started-at="2015-05-16T20:15:16Z" finished-at="2015-05-16T20:15:17Z">
          <reporter-output>
            <line>
              <![CDATA[Footer-my adresses link ok |]]>
            </line>
          </reporter-output>
        </test-method> <!-- test46M -->
        <test-method status="PASS" signature="beforeMethod()[pri:0, instance:Tests.ValidateMainPageLinks@4cdbe50f]" name="beforeMethod" is-config="true" duration-ms="0" started-at="2015-05-16T20:15:16Z" finished-at="2015-05-16T20:15:16Z">
          <reporter-output>
          </reporter-output>
        </test-method> <!-- beforeMethod -->
        <test-method status="PASS" signature="afterMethod()[pri:0, instance:Tests.ValidateMainPageLinks@4cdbe50f]" name="afterMethod" is-config="true" duration-ms="1463" started-at="2015-05-16T20:15:17Z" finished-at="2015-05-16T20:15:19Z">
          <reporter-output>
          </reporter-output>
        </test-method> <!-- afterMethod -->
        <test-method status="PASS" signature="beforeMethod()[pri:0, instance:Tests.ValidateMainPageLinks@4cdbe50f]" name="beforeMethod" is-config="true" duration-ms="0" started-at="2015-05-16T20:15:19Z" finished-at="2015-05-16T20:15:19Z">
          <reporter-output>
          </reporter-output>
        </test-method> <!-- beforeMethod -->
        <test-method status="PASS" signature="test47M()[pri:0, instance:Tests.ValidateMainPageLinks@4cdbe50f]" name="test47M" duration-ms="1437" started-at="2015-05-16T20:15:19Z" finished-at="2015-05-16T20:15:20Z">
          <reporter-output>
            <line>
              <![CDATA[Footer-my personal info link ok |]]>
            </line>
          </reporter-output>
        </test-method> <!-- test47M -->
        <test-method status="PASS" signature="afterMethod()[pri:0, instance:Tests.ValidateMainPageLinks@4cdbe50f]" name="afterMethod" is-config="true" duration-ms="1315" started-at="2015-05-16T20:15:20Z" finished-at="2015-05-16T20:15:22Z">
          <reporter-output>
          </reporter-output>
        </test-method> <!-- afterMethod -->
        <test-method status="PASS" signature="afterMethod()[pri:0, instance:Tests.ValidateMainPageLinks@4cdbe50f]" name="afterMethod" is-config="true" duration-ms="1438" started-at="2015-05-16T20:15:22Z" finished-at="2015-05-16T20:15:23Z">
          <reporter-output>
          </reporter-output>
        </test-method> <!-- afterMethod -->
        <test-method status="PASS" signature="beforeMethod()[pri:0, instance:Tests.ValidateMainPageLinks@4cdbe50f]" name="beforeMethod" is-config="true" duration-ms="0" started-at="2015-05-16T20:15:22Z" finished-at="2015-05-16T20:15:22Z">
          <reporter-output>
          </reporter-output>
        </test-method> <!-- beforeMethod -->
        <test-method status="PASS" signature="test4M()[pri:0, instance:Tests.ValidateMainPageLinks@4cdbe50f]" name="test4M" duration-ms="0" started-at="2015-05-16T20:15:22Z" finished-at="2015-05-16T20:15:22Z">
          <reporter-output>
            <line>
              <![CDATA[logo link ok |]]>
            </line>
          </reporter-output>
        </test-method> <!-- test4M -->
        <test-method status="PASS" signature="beforeMethod()[pri:0, instance:Tests.ValidateMainPageLinks@4cdbe50f]" name="beforeMethod" is-config="true" duration-ms="0" started-at="2015-05-16T20:15:23Z" finished-at="2015-05-16T20:15:23Z">
          <reporter-output>
          </reporter-output>
        </test-method> <!-- beforeMethod -->
        <test-method status="PASS" signature="test5M()[pri:0, instance:Tests.ValidateMainPageLinks@4cdbe50f]" name="test5M" duration-ms="1887" started-at="2015-05-16T20:15:23Z" finished-at="2015-05-16T20:15:25Z">
          <reporter-output>
            <line>
              <![CDATA[cart link ok |]]>
            </line>
          </reporter-output>
        </test-method> <!-- test5M -->
        <test-method status="PASS" signature="afterMethod()[pri:0, instance:Tests.ValidateMainPageLinks@4cdbe50f]" name="afterMethod" is-config="true" duration-ms="1608" started-at="2015-05-16T20:15:25Z" finished-at="2015-05-16T20:15:27Z">
          <reporter-output>
          </reporter-output>
        </test-method> <!-- afterMethod -->
        <test-method status="PASS" signature="beforeMethod()[pri:0, instance:Tests.ValidateMainPageLinks@4cdbe50f]" name="beforeMethod" is-config="true" duration-ms="0" started-at="2015-05-16T20:15:27Z" finished-at="2015-05-16T20:15:27Z">
          <reporter-output>
          </reporter-output>
        </test-method> <!-- beforeMethod -->
        <test-method status="PASS" signature="test6M()[pri:0, instance:Tests.ValidateMainPageLinks@4cdbe50f]" name="test6M" duration-ms="1007" started-at="2015-05-16T20:15:27Z" finished-at="2015-05-16T20:15:28Z">
          <reporter-output>
            <line>
              <![CDATA[search link ok |]]>
            </line>
          </reporter-output>
        </test-method> <!-- test6M -->
        <test-method status="PASS" signature="afterMethod()[pri:0, instance:Tests.ValidateMainPageLinks@4cdbe50f]" name="afterMethod" is-config="true" duration-ms="2575" started-at="2015-05-16T20:15:28Z" finished-at="2015-05-16T20:15:30Z">
          <reporter-output>
          </reporter-output>
        </test-method> <!-- afterMethod -->
        <test-method status="PASS" signature="beforeMethod()[pri:0, instance:Tests.ValidateMainPageLinks@4cdbe50f]" name="beforeMethod" is-config="true" duration-ms="0" started-at="2015-05-16T20:15:30Z" finished-at="2015-05-16T20:15:30Z">
          <reporter-output>
          </reporter-output>
        </test-method> <!-- beforeMethod -->
        <test-method status="PASS" signature="test7M()[pri:0, instance:Tests.ValidateMainPageLinks@4cdbe50f]" name="test7M" duration-ms="2313" started-at="2015-05-16T20:15:30Z" finished-at="2015-05-16T20:15:33Z">
          <reporter-output>
            <line>
              <![CDATA[header-Women link ok |]]>
            </line>
          </reporter-output>
        </test-method> <!-- test7M -->
        <test-method status="PASS" signature="afterMethod()[pri:0, instance:Tests.ValidateMainPageLinks@4cdbe50f]" name="afterMethod" is-config="true" duration-ms="1905" started-at="2015-05-16T20:15:33Z" finished-at="2015-05-16T20:15:34Z">
          <reporter-output>
          </reporter-output>
        </test-method> <!-- afterMethod -->
        <test-method status="PASS" signature="beforeMethod()[pri:0, instance:Tests.ValidateMainPageLinks@4cdbe50f]" name="beforeMethod" is-config="true" duration-ms="0" started-at="2015-05-16T20:15:34Z" finished-at="2015-05-16T20:15:34Z">
          <reporter-output>
          </reporter-output>
        </test-method> <!-- beforeMethod -->
        <test-method status="PASS" signature="test8M()[pri:0, instance:Tests.ValidateMainPageLinks@4cdbe50f]" name="test8M" duration-ms="1772" started-at="2015-05-16T20:15:34Z" finished-at="2015-05-16T20:15:36Z">
          <reporter-output>
            <line>
              <![CDATA[header-tops link ok |]]>
            </line>
          </reporter-output>
        </test-method> <!-- test8M -->
        <test-method status="PASS" signature="afterMethod()[pri:0, instance:Tests.ValidateMainPageLinks@4cdbe50f]" name="afterMethod" is-config="true" duration-ms="1820" started-at="2015-05-16T20:15:36Z" finished-at="2015-05-16T20:15:38Z">
          <reporter-output>
          </reporter-output>
        </test-method> <!-- afterMethod -->
        <test-method status="PASS" signature="beforeMethod()[pri:0, instance:Tests.ValidateMainPageLinks@4cdbe50f]" name="beforeMethod" is-config="true" duration-ms="0" started-at="2015-05-16T20:15:38Z" finished-at="2015-05-16T20:15:38Z">
          <reporter-output>
          </reporter-output>
        </test-method> <!-- beforeMethod -->
        <test-method status="PASS" signature="test9M()[pri:0, instance:Tests.ValidateMainPageLinks@4cdbe50f]" name="test9M" duration-ms="1543" started-at="2015-05-16T20:15:38Z" finished-at="2015-05-16T20:15:40Z">
          <reporter-output>
            <line>
              <![CDATA[header-t-shirts link ok |]]>
            </line>
          </reporter-output>
        </test-method> <!-- test9M -->
        <test-method status="PASS" signature="afterMethod()[pri:0, instance:Tests.ValidateMainPageLinks@4cdbe50f]" name="afterMethod" is-config="true" duration-ms="1370" started-at="2015-05-16T20:15:40Z" finished-at="2015-05-16T20:15:41Z">
          <reporter-output>
          </reporter-output>
        </test-method> <!-- afterMethod -->
        <test-method status="PASS" signature="afterTest()[pri:0, instance:Tests.ValidateMainPageLinks@4cdbe50f]" name="afterTest" is-config="true" duration-ms="10" started-at="2015-05-16T20:15:41Z" finished-at="2015-05-16T20:15:41Z">
          <reporter-output>
          </reporter-output>
        </test-method> <!-- afterTest -->
      </class> <!-- Tests.ValidateMainPageLinks -->
    </test> <!-- ValidateLinksFF -->
  </suite> <!-- Suite -->
</testng-results>
